2026-01-15 00:27:39,300 - INFO - ============================================================
2026-01-15 00:27:39,301 - INFO - 开始执行公众号文章采集工作流
2026-01-15 00:27:39,301 - INFO - ============================================================
2026-01-15 00:27:39,302 - INFO - 
[步骤1] 打开/激活微信应用...
2026-01-15 00:27:39,400 - INFO - 微信已在运行，正在激活窗口...
2026-01-15 00:27:39,401 - INFO - 找到微信窗口: 微信
2026-01-15 00:27:39,402 - INFO - 微信窗口已激活到前台
2026-01-15 00:27:40,402 - INFO - 微信应用已就绪
2026-01-15 00:27:40,403 - INFO - 
[步骤2] 从配置文件构建公众号URL列表...
2026-01-15 00:27:40,405 - INFO - 正在访问页面: https://mp.weixin.qq.com/s/ZrBDFuugPyuoQp4S6wEBWQ
2026-01-15 00:27:41,462 - INFO - 成功获取页面内容，长度: 2781805 字符
2026-01-15 00:27:41,463 - INFO - 成功提取 biz: MzA3MzI4MjgzMw==
2026-01-15 00:27:41,464 - INFO - 从URL https://mp.weixin.qq.com/s/ZrBDFuugPyuoQp4S6wEBWQ 提取到biz: MzA3MzI4MjgzMw==
2026-01-15 00:27:41,464 - INFO - 正在访问页面: https://mp.weixin.qq.com/s/2Bs7ldBM-DKTjjyAcMvopA
2026-01-15 00:27:42,312 - INFO - 成功获取页面内容，长度: 2690984 字符
2026-01-15 00:27:42,312 - INFO - 成功提取 biz: MzIzNjc1NzUzMw==
2026-01-15 00:27:42,313 - INFO - 从URL https://mp.weixin.qq.com/s/2Bs7ldBM-DKTjjyAcMvopA 提取到biz: MzIzNjc1NzUzMw==
2026-01-15 00:27:42,313 - INFO - 成功构建 2 个公众号URL
2026-01-15 00:27:42,314 - INFO -   公众号 1: https://mp.weixin.qq.com/mp/profile_ext?action=home&__biz=MzA3MzI4MjgzMw==&scene...
2026-01-15 00:27:42,314 - INFO -   公众号 2: https://mp.weixin.qq.com/mp/profile_ext?action=home&__biz=MzIzNjc1NzUzMw==&scene...
2026-01-15 00:27:42,314 - INFO - 
[步骤3] 开始遍历公众号列表，依次采集文章...
2026-01-15 00:27:42,314 - INFO - 
============================================================
2026-01-15 00:27:42,314 - INFO - 正在处理第 1/2 个公众号
2026-01-15 00:27:42,314 - INFO - URL: https://mp.weixin.qq.com/mp/profile_ext?action=home&__biz=MzA3MzI4MjgzMw==&scene...
2026-01-15 00:27:42,314 - INFO - ============================================================
2026-01-15 00:27:42,314 - INFO - 
[步骤3.1.1] 打开微信搜索功能...
2026-01-15 00:27:42,314 - INFO - 正在打开微信搜索...
2026-01-15 00:27:42,314 - INFO - 正在按下组合键: ctrl + f
2026-01-15 00:27:42,315 - INFO - 已成功按下并释放组合键: ctrl + f
2026-01-15 00:27:42,315 - INFO - 已发送 ctrl+f 快捷键
2026-01-15 00:27:42,316 - INFO - 等待搜索框出现...
2026-01-15 00:27:45,316 - INFO - 按向下键选中'搜索网络结果'选项...
2026-01-15 00:27:45,317 - INFO - 正在按下组合键: down
2026-01-15 00:27:45,319 - INFO - 已成功按下并释放组合键: down
2026-01-15 00:27:45,319 - INFO - 已选中'搜索网络结果'选项
2026-01-15 00:27:45,820 - INFO - 按 Enter 键确认...
2026-01-15 00:27:45,821 - INFO - 正在按下组合键: enter
2026-01-15 00:27:45,823 - INFO - 已成功按下并释放组合键: enter
2026-01-15 00:27:45,824 - INFO - 已按 Enter 键
2026-01-15 00:27:48,825 - INFO - 微信搜索界面已打开
2026-01-15 00:27:48,825 - INFO - 微信搜索界面已打开
2026-01-15 00:27:48,825 - INFO - 
[步骤3.1.2] 搜索公众号URL并进入主页...
2026-01-15 00:27:48,825 - INFO - 正在复制公众号URL到剪贴板: https://mp.weixin.qq.com/mp/profile_ext?action=home&__biz=MzA3MzI4MjgzMw==&scene=124
2026-01-15 00:27:48,833 - INFO - 正在粘贴URL到搜索框...
2026-01-15 00:27:48,833 - INFO - 正在按下组合键: ctrl + v
2026-01-15 00:27:48,835 - INFO - 已成功按下并释放组合键: ctrl + v
2026-01-15 00:27:49,335 - INFO - URL已粘贴到搜索框
2026-01-15 00:27:49,335 - INFO - 正在按回车键触发搜索...
2026-01-15 00:27:49,336 - INFO - 正在按下组合键: enter
2026-01-15 00:27:49,336 - INFO - 已成功按下并释放组合键: enter
2026-01-15 00:27:49,336 - INFO - 已按回车键
2026-01-15 00:27:49,337 - INFO - 等待搜索结果出现...
2026-01-15 00:27:52,337 - INFO - 正在查找'访问网页'按钮...
2026-01-15 00:27:52,602 - ERROR - 搜索公众号失败
Traceback (most recent call last):
  File "D:\code\wechat-ai-daily\.venv\Lib\site-packages\pyautogui\__init__.py", line 172, in wrapper
    return wrappedFunction(*args, **kwargs)
  File "D:\code\wechat-ai-daily\.venv\Lib\site-packages\pyautogui\__init__.py", line 210, in locateOnScreen
    return pyscreeze.locateOnScreen(*args, **kwargs)
           ~~~~~~~~~~~~~~~~~~~~~~~~^^^^^^^^^^^^^^^^^
  File "D:\code\wechat-ai-daily\.venv\Lib\site-packages\pyscreeze\__init__.py", line 405, in locateOnScreen
    retVal = locate(image, screenshotIm, **kwargs)
  File "D:\code\wechat-ai-daily\.venv\Lib\site-packages\pyscreeze\__init__.py", line 383, in locate
    points = tuple(locateAll(needleImage, haystackImage, **kwargs))
  File "D:\code\wechat-ai-daily\.venv\Lib\site-packages\pyscreeze\__init__.py", line 257, in _locateAll_opencv
    raise ImageNotFoundException('Could not locate the image (highest confidence = %.3f)' % result.max())
pyscreeze.ImageNotFoundException: Could not locate the image (highest confidence = 0.387)

During handling of the above exception, another exception occurred:

Traceback (most recent call last):
  File "D:\code\wechat-ai-daily\src\wechat_ai_daily\workflows\wechat_autogui.py", line 260, in _search_official_account_url
    click_button_based_on_img(template_path, self.CLICK_DELAY)
    ~~~~~~~~~~~~~~~~~~~~~~~~~^^^^^^^^^^^^^^^^^^^^^^^^^^^^^^^^^
  File "D:\code\wechat-ai-daily\src\wechat_ai_daily\utils\autogui.py", line 150, in click_button_based_on_img
    button_location = pyautogui.locateOnScreen(img_path,
                                               confidence=0.8,
                                               grayscale=True)
  File "D:\code\wechat-ai-daily\.venv\Lib\site-packages\pyautogui\__init__.py", line 174, in wrapper
    raise ImageNotFoundException  # Raise PyAutoGUI's ImageNotFoundException.
    ^^^^^^^^^^^^^^^^^^^^^^^^^^^^
pyautogui.ImageNotFoundException
2026-01-15 00:27:52,604 - ERROR - 
处理公众号 1 时发生错误: 
2026-01-15 00:27:52,604 - ERROR - 详细错误信息:
Traceback (most recent call last):
  File "D:\code\wechat-ai-daily\.venv\Lib\site-packages\pyautogui\__init__.py", line 172, in wrapper
    return wrappedFunction(*args, **kwargs)
  File "D:\code\wechat-ai-daily\.venv\Lib\site-packages\pyautogui\__init__.py", line 210, in locateOnScreen
    return pyscreeze.locateOnScreen(*args, **kwargs)
           ~~~~~~~~~~~~~~~~~~~~~~~~^^^^^^^^^^^^^^^^^
  File "D:\code\wechat-ai-daily\.venv\Lib\site-packages\pyscreeze\__init__.py", line 405, in locateOnScreen
    retVal = locate(image, screenshotIm, **kwargs)
  File "D:\code\wechat-ai-daily\.venv\Lib\site-packages\pyscreeze\__init__.py", line 383, in locate
    points = tuple(locateAll(needleImage, haystackImage, **kwargs))
  File "D:\code\wechat-ai-daily\.venv\Lib\site-packages\pyscreeze\__init__.py", line 257, in _locateAll_opencv
    raise ImageNotFoundException('Could not locate the image (highest confidence = %.3f)' % result.max())
pyscreeze.ImageNotFoundException: Could not locate the image (highest confidence = 0.387)

During handling of the above exception, another exception occurred:

Traceback (most recent call last):
  File "D:\code\wechat-ai-daily\src\wechat_ai_daily\workflows\wechat_autogui.py", line 706, in build_workflow
    self._search_official_account_url(account_url)
    ~~~~~~~~~~~~~~~~~~~~~~~~~~~~~~~~~^^^^^^^^^^^^^
  File "D:\code\wechat-ai-daily\src\wechat_ai_daily\workflows\wechat_autogui.py", line 260, in _search_official_account_url
    click_button_based_on_img(template_path, self.CLICK_DELAY)
    ~~~~~~~~~~~~~~~~~~~~~~~~~^^^^^^^^^^^^^^^^^^^^^^^^^^^^^^^^^
  File "D:\code\wechat-ai-daily\src\wechat_ai_daily\utils\autogui.py", line 150, in click_button_based_on_img
    button_location = pyautogui.locateOnScreen(img_path,
                                               confidence=0.8,
                                               grayscale=True)
  File "D:\code\wechat-ai-daily\.venv\Lib\site-packages\pyautogui\__init__.py", line 174, in wrapper
    raise ImageNotFoundException  # Raise PyAutoGUI's ImageNotFoundException.
    ^^^^^^^^^^^^^^^^^^^^^^^^^^^^
pyautogui.ImageNotFoundException
2026-01-15 00:27:52,605 - INFO - 尝试恢复到微信主界面...
2026-01-15 00:27:52,605 - INFO - 正在按下组合键: ctrl + w
2026-01-15 00:27:52,607 - INFO - 已成功按下并释放组合键: ctrl + w
2026-01-15 00:27:53,107 - INFO - 正在按下组合键: ctrl + w
2026-01-15 00:27:53,109 - INFO - 已成功按下并释放组合键: ctrl + w
2026-01-15 00:28:23,822 - INFO - ============================================================
2026-01-15 00:28:23,822 - INFO - 开始执行公众号文章采集工作流
2026-01-15 00:28:23,823 - INFO - ============================================================
2026-01-15 00:28:23,823 - INFO - 
[步骤1] 打开/激活微信应用...
2026-01-15 00:28:23,918 - INFO - 微信已在运行，正在激活窗口...
2026-01-15 00:28:23,919 - INFO - 找到微信窗口: 微信
2026-01-15 00:28:23,919 - INFO - 微信窗口已激活到前台
2026-01-15 00:28:24,921 - INFO - 微信应用已就绪
2026-01-15 00:28:24,921 - INFO - 
[步骤2] 从配置文件构建公众号URL列表...
2026-01-15 00:28:24,925 - INFO - 正在访问页面: https://mp.weixin.qq.com/s/ZrBDFuugPyuoQp4S6wEBWQ
2026-01-15 00:28:25,795 - INFO - 成功获取页面内容，长度: 2783094 字符
2026-01-15 00:28:25,796 - INFO - 成功提取 biz: MzA3MzI4MjgzMw==
2026-01-15 00:28:25,797 - INFO - 从URL https://mp.weixin.qq.com/s/ZrBDFuugPyuoQp4S6wEBWQ 提取到biz: MzA3MzI4MjgzMw==
2026-01-15 00:28:25,798 - INFO - 正在访问页面: https://mp.weixin.qq.com/s/2Bs7ldBM-DKTjjyAcMvopA
2026-01-15 00:28:26,565 - INFO - 成功获取页面内容，长度: 2690929 字符
2026-01-15 00:28:26,566 - INFO - 成功提取 biz: MzIzNjc1NzUzMw==
2026-01-15 00:28:26,567 - INFO - 从URL https://mp.weixin.qq.com/s/2Bs7ldBM-DKTjjyAcMvopA 提取到biz: MzIzNjc1NzUzMw==
2026-01-15 00:28:26,567 - INFO - 成功构建 2 个公众号URL
2026-01-15 00:28:26,567 - INFO -   公众号 1: https://mp.weixin.qq.com/mp/profile_ext?action=home&__biz=MzA3MzI4MjgzMw==&scene...
2026-01-15 00:28:26,567 - INFO -   公众号 2: https://mp.weixin.qq.com/mp/profile_ext?action=home&__biz=MzIzNjc1NzUzMw==&scene...
2026-01-15 00:28:26,567 - INFO - 
[步骤3] 开始遍历公众号列表，依次采集文章...
2026-01-15 00:28:26,567 - INFO - 
============================================================
2026-01-15 00:28:26,567 - INFO - 正在处理第 1/2 个公众号
2026-01-15 00:28:26,567 - INFO - URL: https://mp.weixin.qq.com/mp/profile_ext?action=home&__biz=MzA3MzI4MjgzMw==&scene...
2026-01-15 00:28:26,568 - INFO - ============================================================
2026-01-15 00:28:26,568 - INFO - 
[步骤3.1.1] 打开微信搜索功能...
2026-01-15 00:28:26,568 - INFO - 正在打开微信搜索...
2026-01-15 00:28:26,568 - INFO - 正在按下组合键: ctrl + f
2026-01-15 00:28:26,569 - INFO - 已成功按下并释放组合键: ctrl + f
2026-01-15 00:28:26,569 - INFO - 已发送 ctrl+f 快捷键
2026-01-15 00:28:26,570 - INFO - 等待搜索框出现...
2026-01-15 00:28:29,570 - INFO - 按向下键选中'搜索网络结果'选项...
2026-01-15 00:28:29,571 - INFO - 正在按下组合键: down
2026-01-15 00:28:29,573 - INFO - 已成功按下并释放组合键: down
2026-01-15 00:28:29,574 - INFO - 已选中'搜索网络结果'选项
2026-01-15 00:28:30,076 - INFO - 按 Enter 键确认...
2026-01-15 00:28:30,076 - INFO - 正在按下组合键: enter
2026-01-15 00:28:30,079 - INFO - 已成功按下并释放组合键: enter
2026-01-15 00:28:30,079 - INFO - 已按 Enter 键
2026-01-15 00:28:33,080 - INFO - 微信搜索界面已打开
2026-01-15 00:28:33,080 - INFO - 微信搜索界面已打开
2026-01-15 00:28:33,080 - INFO - 
[步骤3.1.2] 搜索公众号URL并进入主页...
2026-01-15 00:28:33,081 - INFO - 正在复制公众号URL到剪贴板: https://mp.weixin.qq.com/mp/profile_ext?action=home&__biz=MzA3MzI4MjgzMw==&scene=124
2026-01-15 00:28:33,092 - INFO - 正在粘贴URL到搜索框...
2026-01-15 00:28:33,092 - INFO - 正在按下组合键: ctrl + v
2026-01-15 00:28:33,094 - INFO - 已成功按下并释放组合键: ctrl + v
2026-01-15 00:28:33,594 - INFO - URL已粘贴到搜索框
2026-01-15 00:28:33,594 - INFO - 正在按回车键触发搜索...
2026-01-15 00:28:33,595 - INFO - 正在按下组合键: enter
2026-01-15 00:28:33,597 - INFO - 已成功按下并释放组合键: enter
2026-01-15 00:28:33,598 - INFO - 已按回车键
2026-01-15 00:28:33,598 - INFO - 等待搜索结果出现...
2026-01-15 00:28:36,599 - INFO - 正在查找'访问网页'按钮...
2026-01-15 00:28:36,944 - INFO - 图像识别结果: Box(left=np.int64(1389), top=np.int64(267), width=123, height=60)
2026-01-15 00:28:36,944 - INFO - 找到目标按钮，物理像素坐标: (1450, 297)
2026-01-15 00:28:37,035 - INFO - 屏幕缩放比例: x=1.0, y=1.0
2026-01-15 00:28:37,036 - INFO - 转换后的逻辑坐标: (1450, 297)
2026-01-15 00:28:37,650 - INFO - 已点击位置: (1450, 297)
2026-01-15 00:28:37,650 - INFO - 已点击'访问网页'按钮
2026-01-15 00:28:37,650 - INFO - 等待公众号主页加载...
2026-01-15 00:28:40,651 - INFO - 公众号主页已加载完成
2026-01-15 00:28:40,651 - INFO - 已成功进入公众号主页
2026-01-15 00:28:40,652 - INFO - 
[步骤3.1.3] 开始采集当天所有文章...
2026-01-15 00:28:40,653 - INFO - 输出文件已初始化: output/articles_1_20260115_002840.md
2026-01-15 00:28:40,654 - INFO - ==================================================
2026-01-15 00:28:40,654 - INFO - 开始采集公众号文章
2026-01-15 00:28:40,655 - INFO - 当天日期: 2026年1月15日
2026-01-15 00:28:40,655 - INFO - 输出文件: output/articles_1_20260115_002840.md
2026-01-15 00:28:40,655 - INFO - ==================================================
2026-01-15 00:28:40,656 - INFO - 
--- 第 1 轮采集 ---
2026-01-15 00:28:41,049 - INFO - 截图已保存到: temp/screenshot.png
2026-01-15 00:28:41,052 - INFO - 正在识别当天日期文章位置，日期文本: 2026年1月15日
2026-01-15 00:29:01,357 - INFO - HTTP Request: POST https://dashscope.aliyuncs.com/compatible-mode/v1/chat/completions "HTTP/1.1 200 OK"
2026-01-15 00:29:19,404 - INFO - HTTP Request: POST https://dashscope.aliyuncs.com/compatible-mode/v1/chat/completions "HTTP/1.1 200 OK"
2026-01-15 00:29:19,407 - INFO - 识别到 10 个当天日期位置
2026-01-15 00:29:19,408 - INFO - 
处理第 1/10 个文章位置
2026-01-15 00:29:19,408 - INFO - 位置坐标: x=0.4038, y=0.2675
2026-01-15 00:29:19,409 - INFO - 点击进入文章...
2026-01-15 00:29:19,494 - INFO - 相对坐标: (0.4038, 0.2675) -> 物理像素: (1551, 578)
2026-01-15 00:29:19,567 - INFO - 缩放比例: (1.0, 1.0) -> 逻辑坐标: (1550, 577)
2026-01-15 00:29:20,183 - INFO - 已点击位置: (1550, 577)
2026-01-15 00:29:23,185 - INFO - 等待页面加载...
2026-01-15 00:29:26,186 - INFO - 正在全选页面内容 (Ctrl/cmd+A)...
2026-01-15 00:29:26,186 - INFO - 正在按下组合键: ctrl + a
2026-01-15 00:29:26,187 - INFO - 已成功按下并释放组合键: ctrl + a
2026-01-15 00:29:26,688 - INFO - 正在复制文章内容 (Ctrl/cmd+C)...
2026-01-15 00:29:26,688 - INFO - 正在按下组合键: ctrl + c
2026-01-15 00:29:26,691 - INFO - 已成功按下并释放组合键: ctrl + c
2026-01-15 00:36:01,692 - INFO - 正在访问页面: https://mp.weixin.qq.com/s/ZrBDFuugPyuoQp4S6wEBWQ
2026-01-15 00:36:02,434 - INFO - 成功获取页面内容，长度: 2781750 字符
2026-01-15 00:36:02,434 - INFO - 成功提取 biz: MzA3MzI4MjgzMw==
2026-01-15 00:36:02,435 - INFO - 从URL https://mp.weixin.qq.com/s/ZrBDFuugPyuoQp4S6wEBWQ 提取到biz: MzA3MzI4MjgzMw==
2026-01-15 00:36:02,435 - INFO - 正在访问页面: https://mp.weixin.qq.com/s/2Bs7ldBM-DKTjjyAcMvopA
2026-01-15 00:36:03,320 - INFO - 成功获取页面内容，长度: 2690984 字符
2026-01-15 00:36:03,320 - INFO - 成功提取 biz: MzIzNjc1NzUzMw==
2026-01-15 00:36:03,321 - INFO - 从URL https://mp.weixin.qq.com/s/2Bs7ldBM-DKTjjyAcMvopA 提取到biz: MzIzNjc1NzUzMw==
2026-01-15 00:36:08,329 - INFO - ============================================================
2026-01-15 00:36:08,329 - INFO - 开始执行公众号文章采集工作流
2026-01-15 00:36:08,329 - INFO - ============================================================
2026-01-15 00:36:08,329 - INFO - 
[步骤1] 打开/激活微信应用...
2026-01-15 00:36:08,422 - INFO - 微信已在运行，正在激活窗口...
2026-01-15 00:36:08,423 - INFO - 找到微信窗口: 微信
2026-01-15 00:36:08,423 - INFO - 微信窗口已激活到前台
2026-01-15 00:36:09,424 - INFO - 微信应用已就绪
2026-01-15 00:36:09,424 - INFO - 
[步骤2] 从配置文件构建公众号URL列表...
2026-01-15 00:36:09,424 - INFO - 正在访问页面: https://mp.weixin.qq.com/s/ZrBDFuugPyuoQp4S6wEBWQ
2026-01-15 00:36:10,170 - INFO - 成功获取页面内容，长度: 2783161 字符
2026-01-15 00:36:10,170 - INFO - 成功提取 biz: MzA3MzI4MjgzMw==
2026-01-15 00:36:10,171 - INFO - 从URL https://mp.weixin.qq.com/s/ZrBDFuugPyuoQp4S6wEBWQ 提取到biz: MzA3MzI4MjgzMw==
2026-01-15 00:36:10,171 - INFO - 正在访问页面: https://mp.weixin.qq.com/s/2Bs7ldBM-DKTjjyAcMvopA
2026-01-15 00:36:10,910 - INFO - 成功获取页面内容，长度: 2690976 字符
2026-01-15 00:36:10,910 - INFO - 成功提取 biz: MzIzNjc1NzUzMw==
2026-01-15 00:36:10,911 - INFO - 从URL https://mp.weixin.qq.com/s/2Bs7ldBM-DKTjjyAcMvopA 提取到biz: MzIzNjc1NzUzMw==
2026-01-15 00:36:10,911 - INFO - 成功构建 2 个公众号URL
2026-01-15 00:36:10,911 - INFO -   公众号 1: https://mp.weixin.qq.com/mp/profile_ext?action=home&__biz=MzA3MzI4MjgzMw==&scene...
2026-01-15 00:36:10,911 - INFO -   公众号 2: https://mp.weixin.qq.com/mp/profile_ext?action=home&__biz=MzIzNjc1NzUzMw==&scene...
2026-01-15 00:36:10,911 - INFO - 
[步骤3] 开始遍历公众号列表，依次采集文章...
2026-01-15 00:36:10,911 - INFO - 
============================================================
2026-01-15 00:36:10,911 - INFO - 正在处理第 1/2 个公众号
2026-01-15 00:36:10,911 - INFO - URL: https://mp.weixin.qq.com/mp/profile_ext?action=home&__biz=MzA3MzI4MjgzMw==&scene...
2026-01-15 00:36:10,911 - INFO - ============================================================
2026-01-15 00:36:10,911 - INFO - 
[步骤3.1.1] 打开微信搜索功能...
2026-01-15 00:36:10,911 - INFO - 正在打开微信搜索...
2026-01-15 00:36:10,912 - INFO - 正在按下组合键: ctrl + f
2026-01-15 00:36:10,913 - INFO - 已成功按下并释放组合键: ctrl + f
2026-01-15 00:36:10,913 - INFO - 已发送 ctrl+f 快捷键
2026-01-15 00:36:10,913 - INFO - 等待搜索框出现...
2026-01-15 00:36:13,914 - INFO - 按向下键选中'搜索网络结果'选项...
2026-01-15 00:36:13,914 - INFO - 正在按下组合键: down
2026-01-15 00:36:13,916 - INFO - 已成功按下并释放组合键: down
2026-01-15 00:36:13,916 - INFO - 已选中'搜索网络结果'选项
2026-01-15 00:36:14,417 - INFO - 按 Enter 键确认...
2026-01-15 00:36:14,417 - INFO - 正在按下组合键: enter
2026-01-15 00:36:14,419 - INFO - 已成功按下并释放组合键: enter
2026-01-15 00:36:14,419 - INFO - 已按 Enter 键
2026-01-15 00:36:17,419 - INFO - 微信搜索界面已打开
2026-01-15 00:36:17,420 - INFO - 微信搜索界面已打开
2026-01-15 00:36:17,420 - INFO - 
[步骤3.1.2] 搜索公众号URL并进入主页...
2026-01-15 00:36:17,420 - INFO - 正在复制公众号URL到剪贴板: https://mp.weixin.qq.com/mp/profile_ext?action=home&__biz=MzA3MzI4MjgzMw==&scene=124
2026-01-15 00:36:17,436 - INFO - 正在粘贴URL到搜索框...
2026-01-15 00:36:17,436 - INFO - 正在按下组合键: ctrl + v
2026-01-15 00:36:17,438 - INFO - 已成功按下并释放组合键: ctrl + v
2026-01-15 00:36:17,939 - INFO - URL已粘贴到搜索框
2026-01-15 00:36:17,939 - INFO - 正在按回车键触发搜索...
2026-01-15 00:36:17,939 - INFO - 正在按下组合键: enter
2026-01-15 00:36:17,941 - INFO - 已成功按下并释放组合键: enter
2026-01-15 00:36:17,941 - INFO - 已按回车键
2026-01-15 00:36:17,942 - INFO - 等待搜索结果出现...
2026-01-15 00:36:20,942 - INFO - 正在查找'访问网页'按钮...
2026-01-15 00:36:21,266 - INFO - 图像识别结果: Box(left=np.int64(1389), top=np.int64(267), width=123, height=60)
2026-01-15 00:36:21,267 - INFO - 找到目标按钮，物理像素坐标: (1450, 297)
2026-01-15 00:36:21,367 - INFO - 屏幕缩放比例: x=1.0, y=1.0
2026-01-15 00:36:21,367 - INFO - 转换后的逻辑坐标: (1450, 297)
2026-01-15 00:36:21,980 - INFO - 已点击位置: (1450, 297)
2026-01-15 00:36:21,980 - INFO - 已点击'访问网页'按钮
2026-01-15 00:36:21,980 - INFO - 等待公众号主页加载...
2026-01-15 00:36:24,980 - INFO - 公众号主页已加载完成
2026-01-15 00:36:24,981 - INFO - 已成功进入公众号主页
2026-01-15 00:36:24,981 - INFO - 
[步骤3.1.3] 开始采集当天所有文章...
2026-01-15 00:36:24,982 - INFO - 输出文件已初始化: output/articles_1_20260115_003624.md
2026-01-15 00:36:24,982 - INFO - ==================================================
2026-01-15 00:36:24,982 - INFO - 开始采集公众号文章
2026-01-15 00:36:24,982 - INFO - 当天日期: 2026年1月15日
2026-01-15 00:36:24,982 - INFO - 输出文件: output/articles_1_20260115_003624.md
2026-01-15 00:36:24,982 - INFO - ==================================================
2026-01-15 00:36:24,982 - INFO - 
--- 第 1 轮采集 ---
2026-01-15 00:36:25,219 - INFO - 截图已保存到: temp/screenshot.png
2026-01-15 00:36:25,220 - INFO - 正在识别当天日期文章位置，日期文本: 2026年1月15日
2026-01-15 00:36:29,604 - INFO - HTTP Request: POST https://dashscope.aliyuncs.com/compatible-mode/v1/chat/completions "HTTP/1.1 200 OK"
2026-01-15 00:36:29,636 - INFO - 识别到 1 个当天日期位置
2026-01-15 00:36:29,636 - INFO - 
处理第 1/1 个文章位置
2026-01-15 00:36:29,636 - INFO - 位置坐标: x=0.4139, y=0.9864
2026-01-15 00:36:29,636 - INFO - 点击进入文章...
2026-01-15 00:36:29,719 - INFO - 相对坐标: (0.4139, 0.9864) -> 物理像素: (1589, 2131)
2026-01-15 00:36:29,815 - INFO - 缩放比例: (1.0, 1.0) -> 逻辑坐标: (1589, 2130)
2026-01-15 00:36:30,430 - INFO - 已点击位置: (1589, 2130)
2026-01-15 00:36:33,432 - INFO - 等待页面加载...
2026-01-15 00:36:36,433 - INFO - 正在全选页面内容 (Ctrl/cmd+A)...
2026-01-15 00:36:36,433 - INFO - 正在按下组合键: ctrl + a
2026-01-15 00:36:36,438 - INFO - 已成功按下并释放组合键: ctrl + a
2026-01-15 00:36:36,938 - INFO - 正在复制文章内容 (Ctrl/cmd+C)...
2026-01-15 00:36:36,939 - INFO - 正在按下组合键: ctrl + c
2026-01-15 00:36:36,942 - INFO - 已成功按下并释放组合键: ctrl + c
2026-01-15 00:36:37,443 - INFO - 已复制页面内容，长度: 84 字符
2026-01-15 00:36:37,443 - INFO - 正在查找'三个点'按钮...
2026-01-15 00:36:37,797 - INFO - 图像识别结果: Box(left=np.int64(3645), top=np.int64(6), width=41, height=42)
2026-01-15 00:36:37,797 - INFO - 找到目标按钮，物理像素坐标: (3665, 27)
2026-01-15 00:36:37,890 - INFO - 屏幕缩放比例: x=1.0, y=1.0
2026-01-15 00:36:37,890 - INFO - 转换后的逻辑坐标: (3665, 27)
2026-01-15 00:36:38,496 - INFO - 已点击位置: (3665, 27)
2026-01-15 00:36:38,496 - INFO - 已点击'三个点'按钮
2026-01-15 00:36:38,496 - INFO - 等待菜单出现...
2026-01-15 00:36:41,497 - INFO - 按5次向下箭头选中'复制链接'选项...
2026-01-15 00:36:41,497 - INFO - 正在按下组合键: down
2026-01-15 00:36:41,498 - INFO - 已成功按下并释放组合键: down
2026-01-15 00:36:41,999 - INFO - 正在按下组合键: down
2026-01-15 00:36:42,002 - INFO - 已成功按下并释放组合键: down
2026-01-15 00:36:42,502 - INFO - 正在按下组合键: down
2026-01-15 00:36:42,505 - INFO - 已成功按下并释放组合键: down
2026-01-15 00:36:43,005 - INFO - 正在按下组合键: down
2026-01-15 00:36:43,007 - INFO - 已成功按下并释放组合键: down
2026-01-15 00:36:43,508 - INFO - 正在按下组合键: down
2026-01-15 00:36:43,510 - INFO - 已成功按下并释放组合键: down
2026-01-15 00:36:44,011 - INFO - 按 Enter 复制链接...
2026-01-15 00:36:44,011 - INFO - 正在按下组合键: enter
2026-01-15 00:36:44,014 - INFO - 已成功按下并释放组合键: enter
2026-01-15 00:36:44,516 - INFO - 已复制文章链接: https://mp.weixin.qq.com/mp/profile_ext?action=home&__biz=MzA3MzI4MjgzMw==&scene=124
2026-01-15 00:36:44,517 - INFO - 文章 1 已保存到: output/articles_1_20260115_003624.md
2026-01-15 00:36:44,518 - INFO - 文章 1 采集成功
2026-01-15 00:36:44,518 - INFO - 正在查找'返回'按钮...
2026-01-15 00:36:44,909 - INFO - 图像识别结果: Box(left=np.int64(6), top=np.int64(0), width=48, height=60)
2026-01-15 00:36:44,909 - INFO - 找到目标按钮，物理像素坐标: (30, 30)
2026-01-15 00:36:44,985 - INFO - 屏幕缩放比例: x=1.0, y=1.0
2026-01-15 00:36:44,986 - INFO - 转换后的逻辑坐标: (30, 30)
2026-01-15 00:36:45,096 - INFO - 已点击位置: (30, 30)
2026-01-15 00:36:45,096 - INFO - 已点击'返回'按钮
2026-01-15 00:36:45,096 - INFO - 等待公众号主页加载...
2026-01-15 00:36:48,096 - INFO - 已返回公众号主页
2026-01-15 00:36:48,264 - INFO - 截图已保存到: temp/screenshot.png
2026-01-15 00:36:48,266 - INFO - 检查是否存在更早日期，昨天日期: 2026年1月14日
2026-01-15 00:36:50,800 - INFO - HTTP Request: POST https://dashscope.aliyuncs.com/compatible-mode/v1/chat/completions "HTTP/1.1 200 OK"
2026-01-15 00:36:50,816 - INFO - 发现昨天日期，当天文章已全部显示
2026-01-15 00:36:50,817 - INFO - 已发现更早日期，当天文章采集完毕
2026-01-15 00:36:50,817 - INFO - 
==================================================
2026-01-15 00:36:50,817 - INFO - 文章采集完成
2026-01-15 00:36:50,817 - INFO - 共采集 1 篇文章
2026-01-15 00:36:50,817 - INFO - 输出文件: output/articles_1_20260115_003624.md
2026-01-15 00:36:50,817 - INFO - ==================================================
2026-01-15 00:36:50,817 - INFO - 
公众号 1 采集完成！
2026-01-15 00:36:50,817 - INFO -   - 文章数量: 1
2026-01-15 00:36:50,817 - INFO -   - 输出文件: output/articles_1_20260115_003624.md
2026-01-15 00:36:50,817 - INFO - 
[步骤3.1.4] 关闭当前页面，准备处理下一个公众号...
2026-01-15 00:36:50,817 - INFO - 按 ctrl+w 关闭窗口...
2026-01-15 00:36:50,817 - INFO - 正在按下组合键: ctrl + w
2026-01-15 00:36:50,821 - INFO - 已成功按下并释放组合键: ctrl + w
2026-01-15 00:36:51,321 - INFO - 正在按下组合键: ctrl + w
2026-01-15 00:36:51,328 - INFO - 已成功按下并释放组合键: ctrl + w
2026-01-15 00:36:54,329 - INFO - 已返回微信主界面
2026-01-15 00:36:54,329 - INFO - 
============================================================
2026-01-15 00:36:54,329 - INFO - 正在处理第 2/2 个公众号
2026-01-15 00:36:54,329 - INFO - URL: https://mp.weixin.qq.com/mp/profile_ext?action=home&__biz=MzIzNjc1NzUzMw==&scene...
2026-01-15 00:36:54,329 - INFO - ============================================================
2026-01-15 00:36:54,329 - INFO - 
[步骤3.2.1] 打开微信搜索功能...
2026-01-15 00:36:54,329 - INFO - 正在打开微信搜索...
2026-01-15 00:36:54,329 - INFO - 正在按下组合键: ctrl + f
2026-01-15 00:36:54,334 - INFO - 已成功按下并释放组合键: ctrl + f
2026-01-15 00:36:54,334 - INFO - 已发送 ctrl+f 快捷键
2026-01-15 00:36:54,334 - INFO - 等待搜索框出现...
2026-01-15 00:36:57,334 - INFO - 按向下键选中'搜索网络结果'选项...
2026-01-15 00:36:57,335 - INFO - 正在按下组合键: down
2026-01-15 00:36:57,339 - INFO - 已成功按下并释放组合键: down
2026-01-15 00:36:57,339 - INFO - 已选中'搜索网络结果'选项
2026-01-15 00:36:57,840 - INFO - 按 Enter 键确认...
2026-01-15 00:36:57,840 - INFO - 正在按下组合键: enter
2026-01-15 00:36:57,842 - INFO - 已成功按下并释放组合键: enter
2026-01-15 00:36:57,842 - INFO - 已按 Enter 键
2026-01-15 00:37:00,843 - INFO - 微信搜索界面已打开
2026-01-15 00:37:00,843 - INFO - 微信搜索界面已打开
2026-01-15 00:37:00,843 - INFO - 
[步骤3.2.2] 搜索公众号URL并进入主页...
2026-01-15 00:37:00,843 - INFO - 正在复制公众号URL到剪贴板: https://mp.weixin.qq.com/mp/profile_ext?action=home&__biz=MzIzNjc1NzUzMw==&scene=124
2026-01-15 00:37:00,855 - INFO - 正在粘贴URL到搜索框...
2026-01-15 00:37:00,855 - INFO - 正在按下组合键: ctrl + v
2026-01-15 00:37:00,856 - INFO - 已成功按下并释放组合键: ctrl + v
2026-01-15 00:37:01,357 - INFO - URL已粘贴到搜索框
2026-01-15 00:37:01,357 - INFO - 正在按回车键触发搜索...
2026-01-15 00:37:01,357 - INFO - 正在按下组合键: enter
2026-01-15 00:37:01,358 - INFO - 已成功按下并释放组合键: enter
2026-01-15 00:37:01,358 - INFO - 已按回车键
2026-01-15 00:37:01,358 - INFO - 等待搜索结果出现...
2026-01-15 00:37:04,358 - INFO - 正在查找'访问网页'按钮...
2026-01-15 00:37:04,697 - INFO - 图像识别结果: Box(left=np.int64(1389), top=np.int64(207), width=123, height=60)
2026-01-15 00:37:04,698 - INFO - 找到目标按钮，物理像素坐标: (1450, 237)
2026-01-15 00:37:04,811 - INFO - 屏幕缩放比例: x=1.0, y=1.0
2026-01-15 00:37:04,811 - INFO - 转换后的逻辑坐标: (1450, 237)
2026-01-15 00:37:05,430 - INFO - 已点击位置: (1450, 237)
2026-01-15 00:37:05,430 - INFO - 已点击'访问网页'按钮
2026-01-15 00:37:05,431 - INFO - 等待公众号主页加载...
2026-01-15 00:37:08,431 - INFO - 公众号主页已加载完成
2026-01-15 00:37:08,431 - INFO - 已成功进入公众号主页
2026-01-15 00:37:08,432 - INFO - 
[步骤3.2.3] 开始采集当天所有文章...
2026-01-15 00:37:08,434 - INFO - 输出文件已初始化: output/articles_2_20260115_003708.md
2026-01-15 00:37:08,434 - INFO - ==================================================
2026-01-15 00:37:08,434 - INFO - 开始采集公众号文章
2026-01-15 00:37:08,434 - INFO - 当天日期: 2026年1月15日
2026-01-15 00:37:08,434 - INFO - 输出文件: output/articles_2_20260115_003708.md
2026-01-15 00:37:08,434 - INFO - ==================================================
2026-01-15 00:37:08,434 - INFO - 
--- 第 1 轮采集 ---
2026-01-15 00:37:08,641 - INFO - 截图已保存到: temp/screenshot.png
2026-01-15 00:37:08,642 - INFO - 正在识别当天日期文章位置，日期文本: 2026年1月15日
2026-01-15 00:37:12,252 - INFO - HTTP Request: POST https://dashscope.aliyuncs.com/compatible-mode/v1/chat/completions "HTTP/1.1 200 OK"
2026-01-15 00:37:12,268 - INFO - 识别到 1 个当天日期位置
2026-01-15 00:37:12,269 - INFO - 
处理第 1/1 个文章位置
2026-01-15 00:37:12,269 - INFO - 位置坐标: x=0.4038, y=0.9867
2026-01-15 00:37:12,269 - INFO - 点击进入文章...
2026-01-15 00:37:12,354 - INFO - 相对坐标: (0.4038, 0.9867) -> 物理像素: (1551, 2131)
2026-01-15 00:37:12,437 - INFO - 缩放比例: (1.0, 1.0) -> 逻辑坐标: (1550, 2131)
2026-01-15 00:37:13,047 - INFO - 已点击位置: (1550, 2131)
2026-01-15 00:37:16,048 - INFO - 等待页面加载...
2026-01-15 00:37:19,049 - INFO - 正在全选页面内容 (Ctrl/cmd+A)...
2026-01-15 00:37:19,049 - INFO - 正在按下组合键: ctrl + a
2026-01-15 00:37:19,053 - INFO - 已成功按下并释放组合键: ctrl + a
2026-01-15 00:37:19,553 - INFO - 正在复制文章内容 (Ctrl/cmd+C)...
2026-01-15 00:37:19,554 - INFO - 正在按下组合键: ctrl + c
2026-01-15 00:37:19,560 - INFO - 已成功按下并释放组合键: ctrl + c
2026-01-15 00:37:20,061 - INFO - 已复制页面内容，长度: 84 字符
2026-01-15 00:37:20,061 - INFO - 正在查找'三个点'按钮...
2026-01-15 00:37:20,441 - INFO - 图像识别结果: Box(left=np.int64(3645), top=np.int64(6), width=41, height=42)
2026-01-15 00:37:20,441 - INFO - 找到目标按钮，物理像素坐标: (3665, 27)
2026-01-15 00:37:20,514 - INFO - 屏幕缩放比例: x=1.0, y=1.0
2026-01-15 00:37:20,515 - INFO - 转换后的逻辑坐标: (3665, 27)
2026-01-15 00:37:21,130 - INFO - 已点击位置: (3665, 27)
2026-01-15 00:37:21,130 - INFO - 已点击'三个点'按钮
2026-01-15 00:37:21,130 - INFO - 等待菜单出现...
2026-01-15 00:37:24,131 - INFO - 按5次向下箭头选中'复制链接'选项...
2026-01-15 00:37:24,131 - INFO - 正在按下组合键: down
2026-01-15 00:37:24,133 - INFO - 已成功按下并释放组合键: down
2026-01-15 00:37:24,634 - INFO - 正在按下组合键: down
2026-01-15 00:37:24,636 - INFO - 已成功按下并释放组合键: down
2026-01-15 00:37:25,136 - INFO - 正在按下组合键: down
2026-01-15 00:37:25,138 - INFO - 已成功按下并释放组合键: down
2026-01-15 00:37:25,639 - INFO - 正在按下组合键: down
2026-01-15 00:37:25,641 - INFO - 已成功按下并释放组合键: down
2026-01-15 00:37:26,141 - INFO - 正在按下组合键: down
2026-01-15 00:37:26,142 - INFO - 已成功按下并释放组合键: down
2026-01-15 00:37:26,642 - INFO - 按 Enter 复制链接...
2026-01-15 00:37:26,643 - INFO - 正在按下组合键: enter
2026-01-15 00:37:26,645 - INFO - 已成功按下并释放组合键: enter
2026-01-15 00:37:27,145 - INFO - 已复制文章链接: https://mp.weixin.qq.com/mp/profile_ext?action=home&__biz=MzIzNjc1NzUzMw==&scene=124
2026-01-15 00:37:27,147 - INFO - 文章 1 已保存到: output/articles_2_20260115_003708.md
2026-01-15 00:37:27,147 - INFO - 文章 1 采集成功
2026-01-15 00:37:27,147 - INFO - 正在查找'返回'按钮...
2026-01-15 00:37:27,483 - INFO - 图像识别结果: Box(left=np.int64(6), top=np.int64(0), width=48, height=60)
2026-01-15 00:37:27,483 - INFO - 找到目标按钮，物理像素坐标: (30, 30)
2026-01-15 00:37:27,571 - INFO - 屏幕缩放比例: x=1.0, y=1.0
2026-01-15 00:37:27,571 - INFO - 转换后的逻辑坐标: (30, 30)
2026-01-15 00:37:27,678 - INFO - 已点击位置: (30, 30)
2026-01-15 00:37:27,679 - INFO - 已点击'返回'按钮
2026-01-15 00:37:27,679 - INFO - 等待公众号主页加载...
2026-01-15 00:37:30,679 - INFO - 已返回公众号主页
2026-01-15 00:37:30,828 - INFO - 截图已保存到: temp/screenshot.png
2026-01-15 00:37:30,829 - INFO - 检查是否存在更早日期，昨天日期: 2026年1月14日
2026-01-15 00:37:33,596 - INFO - HTTP Request: POST https://dashscope.aliyuncs.com/compatible-mode/v1/chat/completions "HTTP/1.1 200 OK"
2026-01-15 00:37:33,603 - INFO - 发现昨天日期，当天文章已全部显示
2026-01-15 00:37:33,603 - INFO - 已发现更早日期，当天文章采集完毕
2026-01-15 00:37:33,603 - INFO - 
==================================================
2026-01-15 00:37:33,603 - INFO - 文章采集完成
2026-01-15 00:37:33,603 - INFO - 共采集 1 篇文章
2026-01-15 00:37:33,603 - INFO - 输出文件: output/articles_2_20260115_003708.md
2026-01-15 00:37:33,603 - INFO - ==================================================
2026-01-15 00:37:33,603 - INFO - 
公众号 2 采集完成！
2026-01-15 00:37:33,603 - INFO -   - 文章数量: 1
2026-01-15 00:37:33,603 - INFO -   - 输出文件: output/articles_2_20260115_003708.md
2026-01-15 00:37:33,603 - INFO - 
============================================================
2026-01-15 00:37:33,603 - INFO - 所有公众号采集任务完成
2026-01-15 00:37:33,603 - INFO - ============================================================
2026-01-15 00:37:33,603 - INFO - 
📊 采集统计报告:
2026-01-15 00:37:33,603 - INFO -   ✅ 公众号总数: 2
2026-01-15 00:37:33,603 - INFO -   ✅ 成功采集: 2
2026-01-15 00:37:33,603 - INFO -   ❌ 失败数量: 0
2026-01-15 00:37:33,603 - INFO -   📝 文章总数: 2
2026-01-15 00:37:33,603 - INFO - 
📋 详细结果:
2026-01-15 00:37:33,603 - INFO -   公众号 1: ✅ 成功 - 1 篇文章
2026-01-15 00:37:33,603 - INFO -            输出: output/articles_1_20260115_003624.md
2026-01-15 00:37:33,603 - INFO -   公众号 2: ✅ 成功 - 1 篇文章
2026-01-15 00:37:33,603 - INFO -            输出: output/articles_2_20260115_003708.md
2026-01-15 00:37:33,603 - INFO - 
============================================================
2026-01-15 00:48:58,023 - INFO - 正在访问页面: https://mp.weixin.qq.com/s/ZrBDFuugPyuoQp4S6wEBWQ
2026-01-15 00:48:58,958 - INFO - 成功获取页面内容，长度: 2783125 字符
2026-01-15 00:48:58,958 - INFO - 成功提取 biz: MzA3MzI4MjgzMw==
2026-01-15 00:48:58,959 - INFO - 从URL https://mp.weixin.qq.com/s/ZrBDFuugPyuoQp4S6wEBWQ 提取到biz: MzA3MzI4MjgzMw==
2026-01-15 00:48:58,959 - INFO - 正在访问页面: https://mp.weixin.qq.com/s/2Bs7ldBM-DKTjjyAcMvopA
2026-01-15 00:48:59,714 - INFO - 成功获取页面内容，长度: 2690921 字符
2026-01-15 00:48:59,714 - INFO - 成功提取 biz: MzIzNjc1NzUzMw==
2026-01-15 00:48:59,715 - INFO - 从URL https://mp.weixin.qq.com/s/2Bs7ldBM-DKTjjyAcMvopA 提取到biz: MzIzNjc1NzUzMw==
2026-01-15 00:49:04,725 - INFO - ============================================================
2026-01-15 00:49:04,725 - INFO - 开始执行公众号文章采集工作流
2026-01-15 00:49:04,725 - INFO - ============================================================
2026-01-15 00:49:04,725 - INFO - 
[步骤1] 打开/激活微信应用...
2026-01-15 00:49:04,821 - INFO - 微信已在运行，正在激活窗口...
2026-01-15 00:49:04,822 - INFO - 找到微信窗口: 微信
2026-01-15 00:49:04,822 - INFO - 微信窗口已最小化，正在恢复...
2026-01-15 00:49:04,839 - INFO - 微信窗口已激活到前台
2026-01-15 00:49:05,840 - INFO - 微信应用已就绪
2026-01-15 00:49:05,840 - INFO - 
[步骤2] 从配置文件构建公众号URL列表...
2026-01-15 00:49:05,841 - INFO - 正在访问页面: https://mp.weixin.qq.com/s/ZrBDFuugPyuoQp4S6wEBWQ
2026-01-15 00:49:06,427 - INFO - 成功获取页面内容，长度: 2783195 字符
2026-01-15 00:49:06,427 - INFO - 成功提取 biz: MzA3MzI4MjgzMw==
2026-01-15 00:49:06,428 - INFO - 从URL https://mp.weixin.qq.com/s/ZrBDFuugPyuoQp4S6wEBWQ 提取到biz: MzA3MzI4MjgzMw==
2026-01-15 00:49:06,428 - INFO - 正在访问页面: https://mp.weixin.qq.com/s/2Bs7ldBM-DKTjjyAcMvopA
2026-01-15 00:49:07,343 - INFO - 成功获取页面内容，长度: 2690929 字符
2026-01-15 00:49:07,343 - INFO - 成功提取 biz: MzIzNjc1NzUzMw==
2026-01-15 00:49:07,344 - INFO - 从URL https://mp.weixin.qq.com/s/2Bs7ldBM-DKTjjyAcMvopA 提取到biz: MzIzNjc1NzUzMw==
2026-01-15 00:49:07,344 - INFO - 成功构建 2 个公众号URL
2026-01-15 00:49:07,344 - INFO -   公众号 1: https://mp.weixin.qq.com/mp/profile_ext?action=home&__biz=MzA3MzI4MjgzMw==&scene...
2026-01-15 00:49:07,344 - INFO -   公众号 2: https://mp.weixin.qq.com/mp/profile_ext?action=home&__biz=MzIzNjc1NzUzMw==&scene...
2026-01-15 00:49:07,344 - INFO - 
[步骤3] 开始遍历公众号列表，依次采集文章...
2026-01-15 00:49:07,344 - INFO - 
============================================================
2026-01-15 00:49:07,344 - INFO - 正在处理第 1/2 个公众号
2026-01-15 00:49:07,344 - INFO - URL: https://mp.weixin.qq.com/mp/profile_ext?action=home&__biz=MzA3MzI4MjgzMw==&scene...
2026-01-15 00:49:07,344 - INFO - ============================================================
2026-01-15 00:49:07,344 - INFO - 
[步骤3.1.1] 打开微信搜索功能...
2026-01-15 00:49:07,344 - INFO - 正在打开微信搜索...
2026-01-15 00:49:07,344 - INFO - 正在按下组合键: ctrl + f
2026-01-15 00:49:07,346 - INFO - 已成功按下并释放组合键: ctrl + f
2026-01-15 00:49:07,346 - INFO - 已发送 ctrl+f 快捷键
2026-01-15 00:49:07,346 - INFO - 等待搜索框出现...
2026-01-15 00:49:10,346 - INFO - 按向下键选中'搜索网络结果'选项...
2026-01-15 00:49:10,346 - INFO - 正在按下组合键: down
2026-01-15 00:49:10,347 - INFO - 已成功按下并释放组合键: down
2026-01-15 00:49:10,347 - INFO - 已选中'搜索网络结果'选项
2026-01-15 00:49:10,848 - INFO - 按 Enter 键确认...
2026-01-15 00:49:10,848 - INFO - 正在按下组合键: enter
2026-01-15 00:49:10,854 - INFO - 已成功按下并释放组合键: enter
2026-01-15 00:49:10,854 - INFO - 已按 Enter 键
2026-01-15 00:49:13,854 - INFO - 微信搜索界面已打开
2026-01-15 00:49:13,855 - INFO - 微信搜索界面已打开
2026-01-15 00:49:13,855 - INFO - 
[步骤3.1.2] 搜索公众号URL并进入主页...
2026-01-15 00:49:13,855 - INFO - 正在复制公众号URL到剪贴板: https://mp.weixin.qq.com/mp/profile_ext?action=home&__biz=MzA3MzI4MjgzMw==&scene=124
2026-01-15 00:49:13,874 - INFO - 正在粘贴URL到搜索框...
2026-01-15 00:49:13,874 - INFO - 正在按下组合键: ctrl + v
2026-01-15 00:49:13,876 - INFO - 已成功按下并释放组合键: ctrl + v
2026-01-15 00:49:14,376 - INFO - URL已粘贴到搜索框
2026-01-15 00:49:14,377 - INFO - 正在按回车键触发搜索...
2026-01-15 00:49:14,377 - INFO - 正在按下组合键: enter
2026-01-15 00:49:14,379 - INFO - 已成功按下并释放组合键: enter
2026-01-15 00:49:14,379 - INFO - 已按回车键
2026-01-15 00:49:14,379 - INFO - 等待搜索结果出现...
2026-01-15 00:49:17,379 - INFO - 正在查找'访问网页'按钮...
2026-01-15 00:49:17,712 - INFO - 图像识别结果: Box(left=np.int64(1389), top=np.int64(267), width=123, height=60)
2026-01-15 00:49:17,712 - INFO - 找到目标按钮，物理像素坐标: (1450, 297)
2026-01-15 00:49:17,799 - INFO - 屏幕缩放比例: x=1.0, y=1.0
2026-01-15 00:49:17,799 - INFO - 转换后的逻辑坐标: (1450, 297)
2026-01-15 00:49:18,407 - INFO - 已点击位置: (1450, 297)
2026-01-15 00:49:18,408 - INFO - 已点击'访问网页'按钮
2026-01-15 00:49:18,408 - INFO - 等待公众号主页加载...
2026-01-15 00:49:21,408 - INFO - 公众号主页已加载完成
2026-01-15 00:49:21,408 - INFO - 已成功进入公众号主页
2026-01-15 00:49:21,408 - INFO - 
[步骤3.1.3] 开始采集当天所有文章链接...
2026-01-15 00:49:21,409 - INFO - 输出文件已初始化: output/articles_1_20260115_004921.md
2026-01-15 00:49:21,409 - INFO - ==================================================
2026-01-15 00:49:21,410 - INFO - 开始采集公众号文章
2026-01-15 00:49:21,410 - INFO - 当天日期: 2026年1月15日
2026-01-15 00:49:21,410 - INFO - 输出文件: output/articles_1_20260115_004921.md
2026-01-15 00:49:21,410 - INFO - ==================================================
2026-01-15 00:49:21,410 - INFO - 
--- 第 1 轮采集 ---
2026-01-15 00:49:21,614 - INFO - 截图已保存到: temp/screenshot.png
2026-01-15 00:49:21,615 - INFO - 正在识别当天日期文章位置，日期文本: 2026年1月15日
2026-01-15 00:49:54,914 - INFO - HTTP Request: POST https://dashscope.aliyuncs.com/compatible-mode/v1/chat/completions "HTTP/1.1 200 OK"
2026-01-15 00:49:54,932 - INFO - 识别到 10 个当天日期位置
2026-01-15 00:49:54,932 - INFO - 
处理第 1/10 个文章位置
2026-01-15 00:49:54,932 - INFO - 位置坐标: x=0.4138, y=0.2669
2026-01-15 00:49:54,932 - INFO - 点击进入文章...
2026-01-15 00:49:55,019 - INFO - 相对坐标: (0.4138, 0.2669) -> 物理像素: (1589, 576)
2026-01-15 00:49:55,098 - INFO - 缩放比例: (1.0, 1.0) -> 逻辑坐标: (1589, 576)
2026-01-15 00:49:55,707 - INFO - 已点击位置: (1589, 576)
2026-01-15 00:49:58,711 - INFO - 正在查找'三个点'按钮...
2026-01-15 00:49:59,018 - INFO - 图像识别结果: Box(left=np.int64(3645), top=np.int64(6), width=41, height=42)
2026-01-15 00:49:59,018 - INFO - 找到目标按钮，物理像素坐标: (3665, 27)
2026-01-15 00:49:59,089 - INFO - 屏幕缩放比例: x=1.0, y=1.0
2026-01-15 00:49:59,090 - INFO - 转换后的逻辑坐标: (3665, 27)
2026-01-15 00:49:59,724 - INFO - 已点击位置: (3665, 27)
2026-01-15 00:49:59,724 - INFO - 已点击'三个点'按钮
2026-01-15 00:49:59,724 - INFO - 等待菜单出现...
2026-01-15 00:50:02,725 - INFO - 按5次向下箭头选中'复制链接'选项...
2026-01-15 00:50:02,725 - INFO - 正在按下组合键: down
2026-01-15 00:50:02,727 - INFO - 已成功按下并释放组合键: down
2026-01-15 00:50:03,231 - INFO - 正在按下组合键: down
2026-01-15 00:50:03,233 - INFO - 已成功按下并释放组合键: down
2026-01-15 00:50:03,734 - INFO - 正在按下组合键: down
2026-01-15 00:50:03,736 - INFO - 已成功按下并释放组合键: down
2026-01-15 00:50:04,236 - INFO - 正在按下组合键: down
2026-01-15 00:50:04,240 - INFO - 已成功按下并释放组合键: down
2026-01-15 00:50:04,740 - INFO - 正在按下组合键: down
2026-01-15 00:50:04,743 - INFO - 已成功按下并释放组合键: down
2026-01-15 00:50:05,243 - INFO - 按 Enter 复制链接...
2026-01-15 00:50:05,243 - INFO - 正在按下组合键: enter
2026-01-15 00:50:05,245 - INFO - 已成功按下并释放组合键: enter
2026-01-15 00:50:05,747 - INFO - 已复制文章链接: https://mp.weixin.qq.com/mp/profile_ext?action=home&__biz=MzA3MzI4MjgzMw==&scene=124
2026-01-15 00:50:05,749 - INFO - 文章 1 链接已保存到: output/articles_1_20260115_004921.md
2026-01-15 00:50:05,749 - INFO - 文章 1 链接采集成功
2026-01-15 00:50:05,749 - INFO - 正在查找'返回'按钮...
2026-01-15 00:50:06,084 - INFO - 图像识别结果: Box(left=np.int64(6), top=np.int64(0), width=48, height=60)
2026-01-15 00:50:06,084 - INFO - 找到目标按钮，物理像素坐标: (30, 30)
2026-01-15 00:50:06,161 - INFO - 屏幕缩放比例: x=1.0, y=1.0
2026-01-15 00:50:06,161 - INFO - 转换后的逻辑坐标: (30, 30)
2026-01-15 00:50:06,274 - INFO - 已点击位置: (30, 30)
2026-01-15 00:50:06,274 - INFO - 已点击'返回'按钮
2026-01-15 00:50:06,274 - INFO - 等待公众号主页加载...
2026-01-15 00:50:09,274 - INFO - 已返回公众号主页
2026-01-15 00:50:09,274 - INFO - 
处理第 2/10 个文章位置
2026-01-15 00:50:09,274 - INFO - 位置坐标: x=0.4138, y=0.3422
2026-01-15 00:50:09,275 - INFO - 点击进入文章...
2026-01-15 00:50:09,383 - INFO - 相对坐标: (0.4138, 0.3422) -> 物理像素: (1589, 739)
2026-01-15 00:50:09,473 - INFO - 缩放比例: (1.0, 1.0) -> 逻辑坐标: (1589, 739)
2026-01-15 00:50:10,090 - INFO - 已点击位置: (1589, 739)
2026-01-15 00:50:13,092 - INFO - 正在查找'三个点'按钮...
2026-01-15 00:50:13,429 - INFO - 图像识别结果: Box(left=np.int64(3645), top=np.int64(6), width=41, height=42)
2026-01-15 00:50:13,429 - INFO - 找到目标按钮，物理像素坐标: (3665, 27)
2026-01-15 00:50:13,512 - INFO - 屏幕缩放比例: x=1.0, y=1.0
2026-01-15 00:50:13,512 - INFO - 转换后的逻辑坐标: (3665, 27)
2026-01-15 00:50:14,124 - INFO - 已点击位置: (3665, 27)
2026-01-15 00:50:14,124 - INFO - 已点击'三个点'按钮
2026-01-15 00:50:14,124 - INFO - 等待菜单出现...
2026-01-15 00:50:17,124 - INFO - 按5次向下箭头选中'复制链接'选项...
2026-01-15 00:50:17,124 - INFO - 正在按下组合键: down
2026-01-15 00:50:17,125 - INFO - 已成功按下并释放组合键: down
2026-01-15 00:50:17,625 - INFO - 正在按下组合键: down
2026-01-15 00:50:17,626 - INFO - 已成功按下并释放组合键: down
2026-01-15 00:50:18,126 - INFO - 正在按下组合键: down
2026-01-15 00:50:18,127 - INFO - 已成功按下并释放组合键: down
2026-01-15 00:50:18,628 - INFO - 正在按下组合键: down
2026-01-15 00:50:18,629 - INFO - 已成功按下并释放组合键: down
2026-01-15 00:50:19,129 - INFO - 正在按下组合键: down
2026-01-15 00:50:19,130 - INFO - 已成功按下并释放组合键: down
2026-01-15 21:25:52,051 - INFO - ============================================================
2026-01-15 21:25:52,052 - INFO - 开始执行公众号文章采集工作流
2026-01-15 21:25:52,052 - INFO - ============================================================
2026-01-15 21:25:52,052 - INFO - 
[步骤1] 打开/激活微信应用...
2026-01-15 21:25:52,158 - INFO - 微信已在运行，正在激活窗口...
2026-01-15 21:25:52,165 - INFO - 找到微信窗口: 微信 (进程: weixin.exe)
2026-01-15 21:25:52,165 - INFO - 微信窗口已激活到前台
2026-01-15 21:25:53,166 - INFO - 微信应用已就绪
2026-01-15 21:25:53,166 - INFO - 
[步骤2] 从配置文件构建公众号URL列表...
2026-01-15 21:25:53,167 - INFO - 正在访问页面: https://mp.weixin.qq.com/s/ZrBDFuugPyuoQp4S6wEBWQ
2026-01-15 21:25:53,948 - INFO - 成功获取页面内容，长度: 2793132 字符
2026-01-15 21:25:53,949 - INFO - 成功提取 biz: MzA3MzI4MjgzMw==
2026-01-15 21:25:53,950 - INFO - 从URL https://mp.weixin.qq.com/s/ZrBDFuugPyuoQp4S6wEBWQ 提取到biz: MzA3MzI4MjgzMw==
2026-01-15 21:25:53,950 - INFO - 正在访问页面: https://mp.weixin.qq.com/s/2Bs7ldBM-DKTjjyAcMvopA
2026-01-15 21:25:54,963 - INFO - 成功获取页面内容，长度: 2707910 字符
2026-01-15 21:25:54,963 - INFO - 成功提取 biz: MzIzNjc1NzUzMw==
2026-01-15 21:25:54,964 - INFO - 从URL https://mp.weixin.qq.com/s/2Bs7ldBM-DKTjjyAcMvopA 提取到biz: MzIzNjc1NzUzMw==
2026-01-15 21:25:54,964 - INFO - 成功构建 2 个公众号URL
2026-01-15 21:25:54,964 - INFO -   公众号 1: https://mp.weixin.qq.com/mp/profile_ext?action=home&__biz=MzA3MzI4MjgzMw==#wecha...
2026-01-15 21:25:54,964 - INFO -   公众号 2: https://mp.weixin.qq.com/mp/profile_ext?action=home&__biz=MzIzNjc1NzUzMw==#wecha...
2026-01-15 21:25:54,964 - INFO - 
[步骤3] 开始遍历公众号列表，依次采集文章...
2026-01-15 21:25:54,965 - INFO - 输出文件已初始化: output/articles_20260115.md
2026-01-15 21:25:54,965 - INFO - 已创建统一输出文件: output/articles_20260115.md
2026-01-15 21:25:54,965 - INFO - 
============================================================
2026-01-15 21:25:54,965 - INFO - 正在处理第 1/2 个公众号
2026-01-15 21:25:54,965 - INFO - URL: https://mp.weixin.qq.com/mp/profile_ext?action=home&__biz=MzA3MzI4MjgzMw==#wecha...
2026-01-15 21:25:54,965 - INFO - ============================================================
2026-01-15 21:25:54,965 - INFO - 
[步骤3.1.1] 打开微信搜索功能...
2026-01-15 21:25:54,966 - INFO - 正在打开微信搜索...
2026-01-15 21:25:54,966 - INFO - 正在按下组合键: ctrl + f
2026-01-15 21:25:54,967 - INFO - 已成功按下并释放组合键: ctrl + f
2026-01-15 21:25:54,967 - INFO - 已发送 ctrl+f 快捷键
2026-01-15 21:25:54,967 - INFO - 等待搜索框出现...
2026-01-15 21:25:57,968 - INFO - 按向下键选中'搜索网络结果'选项...
2026-01-15 21:25:57,968 - INFO - 正在按下组合键: down
2026-01-15 21:25:57,971 - INFO - 已成功按下并释放组合键: down
2026-01-15 21:25:57,971 - INFO - 已选中'搜索网络结果'选项
2026-01-15 21:25:58,472 - INFO - 按 Enter 键确认...
2026-01-15 21:25:58,472 - INFO - 正在按下组合键: enter
2026-01-15 21:25:58,475 - INFO - 已成功按下并释放组合键: enter
2026-01-15 21:25:58,475 - INFO - 已按 Enter 键
2026-01-15 21:26:01,476 - INFO - 微信搜索界面已打开
2026-01-15 21:26:01,477 - INFO - 微信搜索界面已打开
2026-01-15 21:26:01,477 - INFO - 
[步骤3.1.2] 搜索公众号URL并进入主页...
2026-01-15 21:26:01,478 - INFO - 正在复制公众号URL到剪贴板: https://mp.weixin.qq.com/mp/profile_ext?action=home&__biz=MzA3MzI4MjgzMw==#wechat_redirect
2026-01-15 21:26:01,495 - INFO - 正在粘贴URL到搜索框...
2026-01-15 21:26:01,495 - INFO - 正在按下组合键: ctrl + v
2026-01-15 21:26:01,497 - INFO - 已成功按下并释放组合键: ctrl + v
2026-01-15 21:26:01,998 - INFO - URL已粘贴到搜索框
2026-01-15 21:26:01,998 - INFO - 正在按回车键触发搜索...
2026-01-15 21:26:01,999 - INFO - 正在按下组合键: enter
2026-01-15 21:26:02,001 - INFO - 已成功按下并释放组合键: enter
2026-01-15 21:26:02,001 - INFO - 已按回车键
2026-01-15 21:26:02,002 - INFO - 等待搜索结果出现...
2026-01-15 21:26:05,003 - INFO - 正在查找'访问网页'按钮...
2026-01-15 21:26:05,372 - INFO - 图像识别结果: Box(left=np.int64(1389), top=np.int64(267), width=123, height=60)
2026-01-15 21:26:05,372 - INFO - 找到目标按钮，物理像素坐标: (1450, 297)
2026-01-15 21:26:05,459 - INFO - 屏幕缩放比例: x=1.0, y=1.0
2026-01-15 21:26:05,459 - INFO - 转换后的逻辑坐标: (1450, 297)
2026-01-15 21:26:06,074 - INFO - 已点击位置: (1450, 297)
2026-01-15 21:26:06,074 - INFO - 已点击'访问网页'按钮
2026-01-15 21:26:06,075 - INFO - 等待公众号主页加载...
2026-01-15 21:26:09,075 - INFO - 公众号主页已加载完成
2026-01-15 21:26:09,076 - INFO - 已成功进入公众号主页
2026-01-15 21:26:09,076 - INFO - 
[步骤3.1.3] 开始采集当天所有文章链接...
2026-01-15 21:26:09,076 - INFO - 已添加公众号 1 分隔标记
2026-01-15 21:26:09,076 - INFO - ==================================================
2026-01-15 21:26:09,077 - INFO - 开始采集公众号文章
2026-01-15 21:26:09,077 - INFO - 当天日期: 2026年1月15日
2026-01-15 21:26:09,077 - INFO - 输出文件: output/articles_20260115.md
2026-01-15 21:26:09,077 - INFO - 起始序号: 1
2026-01-15 21:26:09,077 - INFO - ==================================================
2026-01-15 21:26:09,077 - INFO - 
--- 第 1 轮采集 ---
2026-01-15 21:26:09,278 - INFO - 截图已保存到: temp/screenshot.png
2026-01-15 21:26:09,279 - INFO - 正在识别当天日期文章位置，日期文本: 2026年1月15日
2026-01-15 21:26:09,317 - INFO - 正在尝试 VLM 文本定位（第 1/3 次）...
2026-01-15 21:27:03,301 - INFO - HTTP Request: POST https://dashscope.aliyuncs.com/compatible-mode/v1/chat/completions "HTTP/1.1 200 OK"
2026-01-15 21:27:03,317 - INFO - 解析成功：找到 1 个有效位置
2026-01-15 21:27:03,317 - INFO - VLM 模型找到了 1 个匹配位置
2026-01-15 21:27:03,318 - INFO - 识别到 1 个当天日期位置
2026-01-15 21:27:03,318 - INFO - 
处理第 1/1 个文章位置
2026-01-15 21:27:03,318 - INFO - 位置坐标: x=0.3820, y=0.3950
2026-01-15 21:27:03,318 - INFO - 点击进入文章...
2026-01-15 21:27:03,418 - INFO - 相对坐标: (0.3820, 0.3950) -> 物理像素: (1467, 853)
2026-01-15 21:27:03,499 - INFO - 缩放比例: (1.0, 1.0) -> 逻辑坐标: (1466, 853)
2026-01-15 21:27:04,123 - INFO - 已点击位置: (1466, 853)
2026-01-15 21:27:07,127 - INFO - 正在查找'三个点'按钮...
2026-01-15 21:27:07,435 - INFO - 图像识别结果: Box(left=np.int64(3645), top=np.int64(6), width=41, height=42)
2026-01-15 21:27:07,435 - INFO - 找到目标按钮，物理像素坐标: (3665, 27)
2026-01-15 21:27:07,509 - INFO - 屏幕缩放比例: x=1.0, y=1.0
2026-01-15 21:27:07,509 - INFO - 转换后的逻辑坐标: (3665, 27)
2026-01-15 21:27:08,122 - INFO - 已点击位置: (3665, 27)
2026-01-15 21:27:08,122 - INFO - 已点击'三个点'按钮
2026-01-15 21:27:08,123 - INFO - 等待菜单出现...
2026-01-15 21:27:11,124 - INFO - 按6次向下箭头选中'复制链接'选项...
2026-01-15 21:27:11,125 - INFO - 正在按下组合键: down
2026-01-15 21:27:11,128 - INFO - 已成功按下并释放组合键: down
2026-01-15 21:27:11,628 - INFO - 正在按下组合键: down
2026-01-15 21:27:11,631 - INFO - 已成功按下并释放组合键: down
2026-01-15 21:27:12,132 - INFO - 正在按下组合键: down
2026-01-15 21:27:12,135 - INFO - 已成功按下并释放组合键: down
2026-01-15 21:27:12,635 - INFO - 正在按下组合键: down
2026-01-15 21:27:12,636 - INFO - 已成功按下并释放组合键: down
2026-01-15 21:27:13,137 - INFO - 正在按下组合键: down
2026-01-15 21:27:13,139 - INFO - 已成功按下并释放组合键: down
2026-01-15 21:27:13,640 - INFO - 正在按下组合键: down
2026-01-15 21:27:13,642 - INFO - 已成功按下并释放组合键: down
2026-01-15 21:27:14,143 - INFO - 按 Enter 复制链接...
2026-01-15 21:27:14,143 - INFO - 正在按下组合键: enter
2026-01-15 21:27:14,144 - INFO - 已成功按下并释放组合键: enter
2026-01-15 21:27:14,645 - INFO - 已复制文章链接: https://mp.weixin.qq.com/s/eALh9dnROaIufhrf19ElyQ
2026-01-15 21:27:14,645 - INFO - 文章 1 链接已保存到: output/articles_20260115.md
2026-01-15 21:27:14,646 - INFO - 文章 1 链接采集成功
2026-01-15 21:27:14,646 - INFO - 正在查找'返回'按钮...
2026-01-15 21:27:14,945 - INFO - 图像识别结果: Box(left=np.int64(6), top=np.int64(0), width=48, height=60)
2026-01-15 21:27:14,946 - INFO - 找到目标按钮，物理像素坐标: (30, 30)
2026-01-15 21:27:15,035 - INFO - 屏幕缩放比例: x=1.0, y=1.0
2026-01-15 21:27:15,035 - INFO - 转换后的逻辑坐标: (30, 30)
2026-01-15 21:27:15,138 - INFO - 已点击位置: (30, 30)
2026-01-15 21:27:15,139 - INFO - 已点击'返回'按钮
2026-01-15 21:27:15,139 - INFO - 等待公众号主页加载...
2026-01-15 21:27:18,139 - INFO - 已返回公众号主页
2026-01-15 21:27:18,365 - INFO - 截图已保存到: temp/screenshot.png
2026-01-15 21:27:18,366 - INFO - 检查是否存在更早日期: 2026年1月14日, 2026年1月13日, 2026年1月12日
2026-01-15 21:27:18,379 - INFO - 正在尝试 VLM 文本定位（第 1/3 次）...
2026-01-15 21:28:13,243 - INFO - HTTP Request: POST https://dashscope.aliyuncs.com/compatible-mode/v1/chat/completions "HTTP/1.1 200 OK"
2026-01-15 21:28:13,246 - INFO - 解析成功：找到 3 个有效位置
2026-01-15 21:28:13,246 - INFO - VLM 模型找到了 3 个匹配位置
2026-01-15 21:28:13,247 - INFO - 发现历史日期: 2026年1月14日, 2026年1月13日, 2026年1月12日，当天文章已全部显示
2026-01-15 21:28:13,248 - INFO - 已发现更早日期，当天文章采集完毕
2026-01-15 21:28:13,248 - INFO - 
==================================================
2026-01-15 21:28:13,249 - INFO - 文章链接采集完成
2026-01-15 21:28:13,249 - INFO - 本公众号采集 1 篇文章链接
2026-01-15 21:28:13,249 - INFO - 当前累计序号: 1
2026-01-15 21:28:13,250 - INFO - 输出文件: output/articles_20260115.md
2026-01-15 21:28:13,250 - INFO - ==================================================
2026-01-15 21:28:13,250 - INFO - 
公众号 1 采集完成！
2026-01-15 21:28:13,250 - INFO -   - 文章链接数量: 1
2026-01-15 21:28:13,251 - INFO -   - 累计文章总数: 1
2026-01-15 21:28:13,251 - INFO - 
[步骤3.1.4] 关闭当前页面，准备处理下一个公众号...
2026-01-15 21:28:13,251 - INFO - 按 ctrl+w 关闭窗口...
2026-01-15 21:28:13,252 - INFO - 正在按下组合键: ctrl + w
2026-01-15 21:28:13,257 - INFO - 已成功按下并释放组合键: ctrl + w
2026-01-15 21:28:13,758 - INFO - 正在按下组合键: ctrl + w
2026-01-15 21:28:13,760 - INFO - 已成功按下并释放组合键: ctrl + w
2026-01-15 21:28:16,761 - INFO - 已返回微信主界面
2026-01-15 21:28:16,761 - INFO - 
============================================================
2026-01-15 21:28:16,761 - INFO - 正在处理第 2/2 个公众号
2026-01-15 21:28:16,762 - INFO - URL: https://mp.weixin.qq.com/mp/profile_ext?action=home&__biz=MzIzNjc1NzUzMw==#wecha...
2026-01-15 21:28:16,762 - INFO - ============================================================
2026-01-15 21:28:16,762 - INFO - 
[步骤3.2.1] 打开微信搜索功能...
2026-01-15 21:28:16,763 - INFO - 正在打开微信搜索...
2026-01-15 21:28:16,763 - INFO - 正在按下组合键: ctrl + f
2026-01-15 21:28:16,769 - INFO - 已成功按下并释放组合键: ctrl + f
2026-01-15 21:28:16,769 - INFO - 已发送 ctrl+f 快捷键
2026-01-15 21:28:16,769 - INFO - 等待搜索框出现...
2026-01-15 21:28:19,770 - INFO - 按向下键选中'搜索网络结果'选项...
2026-01-15 21:28:19,770 - INFO - 正在按下组合键: down
2026-01-15 21:28:19,773 - INFO - 已成功按下并释放组合键: down
2026-01-15 21:28:19,773 - INFO - 已选中'搜索网络结果'选项
2026-01-15 21:28:20,273 - INFO - 按 Enter 键确认...
2026-01-15 21:28:20,274 - INFO - 正在按下组合键: enter
2026-01-15 21:28:20,276 - INFO - 已成功按下并释放组合键: enter
2026-01-15 21:28:20,276 - INFO - 已按 Enter 键
2026-01-15 21:28:23,277 - INFO - 微信搜索界面已打开
2026-01-15 21:28:23,277 - INFO - 微信搜索界面已打开
2026-01-15 21:28:23,277 - INFO - 
[步骤3.2.2] 搜索公众号URL并进入主页...
2026-01-15 21:28:23,278 - INFO - 正在复制公众号URL到剪贴板: https://mp.weixin.qq.com/mp/profile_ext?action=home&__biz=MzIzNjc1NzUzMw==#wechat_redirect
2026-01-15 21:28:23,284 - INFO - 正在粘贴URL到搜索框...
2026-01-15 21:28:23,284 - INFO - 正在按下组合键: ctrl + v
2026-01-15 21:28:23,287 - INFO - 已成功按下并释放组合键: ctrl + v
2026-01-15 21:28:23,787 - INFO - URL已粘贴到搜索框
2026-01-15 21:28:23,788 - INFO - 正在按回车键触发搜索...
2026-01-15 21:28:23,788 - INFO - 正在按下组合键: enter
2026-01-15 21:28:23,788 - INFO - 已成功按下并释放组合键: enter
2026-01-15 21:28:23,789 - INFO - 已按回车键
2026-01-15 21:28:23,789 - INFO - 等待搜索结果出现...
2026-01-15 21:28:26,789 - INFO - 正在查找'访问网页'按钮...
2026-01-15 21:28:27,093 - INFO - 图像识别结果: Box(left=np.int64(1389), top=np.int64(267), width=123, height=60)
2026-01-15 21:28:27,093 - INFO - 找到目标按钮，物理像素坐标: (1450, 297)
2026-01-15 21:28:27,194 - INFO - 屏幕缩放比例: x=1.0, y=1.0
2026-01-15 21:28:27,194 - INFO - 转换后的逻辑坐标: (1450, 297)
2026-01-15 21:28:27,799 - INFO - 已点击位置: (1450, 297)
2026-01-15 21:28:27,799 - INFO - 已点击'访问网页'按钮
2026-01-15 21:28:27,800 - INFO - 等待公众号主页加载...
2026-01-15 21:28:30,800 - INFO - 公众号主页已加载完成
2026-01-15 21:28:30,801 - INFO - 已成功进入公众号主页
2026-01-15 21:28:30,801 - INFO - 
[步骤3.2.3] 开始采集当天所有文章链接...
2026-01-15 21:28:30,802 - INFO - 已添加公众号 2 分隔标记
2026-01-15 21:28:30,803 - INFO - ==================================================
2026-01-15 21:28:30,803 - INFO - 开始采集公众号文章
2026-01-15 21:28:30,803 - INFO - 当天日期: 2026年1月15日
2026-01-15 21:28:30,804 - INFO - 输出文件: output/articles_20260115.md
2026-01-15 21:28:30,804 - INFO - 起始序号: 2
2026-01-15 21:28:30,804 - INFO - ==================================================
2026-01-15 21:28:30,805 - INFO - 
--- 第 1 轮采集 ---
2026-01-15 21:28:31,025 - INFO - 截图已保存到: temp/screenshot.png
2026-01-15 21:28:31,026 - INFO - 正在识别当天日期文章位置，日期文本: 2026年1月15日
2026-01-15 21:28:31,035 - INFO - 正在尝试 VLM 文本定位（第 1/3 次）...
2026-01-15 21:29:20,720 - INFO - HTTP Request: POST https://dashscope.aliyuncs.com/compatible-mode/v1/chat/completions "HTTP/1.1 200 OK"
2026-01-15 21:29:20,723 - INFO - 解析成功：找到 4 个有效位置
2026-01-15 21:29:20,724 - INFO - VLM 模型找到了 4 个匹配位置
2026-01-15 21:29:20,725 - INFO - 识别到 4 个当天日期位置
2026-01-15 21:29:20,725 - INFO - 
处理第 1/4 个文章位置
2026-01-15 21:29:20,726 - INFO - 位置坐标: x=0.4000, y=0.3000
2026-01-15 21:29:20,727 - INFO - 点击进入文章...
2026-01-15 21:29:20,808 - INFO - 相对坐标: (0.4000, 0.3000) -> 物理像素: (1536, 648)
2026-01-15 21:29:20,886 - INFO - 缩放比例: (1.0, 1.0) -> 逻辑坐标: (1536, 648)
2026-01-15 21:29:21,501 - INFO - 已点击位置: (1536, 648)
2026-01-15 21:29:24,503 - INFO - 正在查找'三个点'按钮...
2026-01-15 21:29:24,832 - INFO - 图像识别结果: Box(left=np.int64(3645), top=np.int64(6), width=41, height=42)
2026-01-15 21:29:24,833 - INFO - 找到目标按钮，物理像素坐标: (3665, 27)
2026-01-15 21:29:24,905 - INFO - 屏幕缩放比例: x=1.0, y=1.0
2026-01-15 21:29:24,905 - INFO - 转换后的逻辑坐标: (3665, 27)
2026-01-15 21:29:25,518 - INFO - 已点击位置: (3665, 27)
2026-01-15 21:29:25,518 - INFO - 已点击'三个点'按钮
2026-01-15 21:29:25,519 - INFO - 等待菜单出现...
2026-01-15 21:29:28,521 - INFO - 按6次向下箭头选中'复制链接'选项...
2026-01-15 21:29:28,522 - INFO - 正在按下组合键: down
2026-01-15 21:29:28,526 - INFO - 已成功按下并释放组合键: down
2026-01-15 21:29:29,026 - INFO - 正在按下组合键: down
2026-01-15 21:29:29,029 - INFO - 已成功按下并释放组合键: down
2026-01-15 21:29:29,530 - INFO - 正在按下组合键: down
2026-01-15 21:29:29,532 - INFO - 已成功按下并释放组合键: down
2026-01-15 21:29:30,033 - INFO - 正在按下组合键: down
2026-01-15 21:29:30,038 - INFO - 已成功按下并释放组合键: down
2026-01-15 21:29:30,539 - INFO - 正在按下组合键: down
2026-01-15 21:29:30,542 - INFO - 已成功按下并释放组合键: down
2026-01-15 21:29:31,043 - INFO - 正在按下组合键: down
2026-01-15 21:29:31,045 - INFO - 已成功按下并释放组合键: down
2026-01-15 21:29:31,546 - INFO - 按 Enter 复制链接...
2026-01-15 21:29:31,547 - INFO - 正在按下组合键: enter
2026-01-15 21:29:31,551 - INFO - 已成功按下并释放组合键: enter
2026-01-15 21:29:32,052 - INFO - 已复制文章链接: https://mp.weixin.qq.com/s/aBl6qd1Ypujt3ZEkUtapbg
2026-01-15 21:29:32,052 - INFO - 文章 2 链接已保存到: output/articles_20260115.md
2026-01-15 21:29:32,053 - INFO - 文章 2 链接采集成功
2026-01-15 21:29:32,053 - INFO - 正在查找'返回'按钮...
2026-01-15 21:29:32,381 - INFO - 图像识别结果: Box(left=np.int64(6), top=np.int64(0), width=48, height=60)
2026-01-15 21:29:32,381 - INFO - 找到目标按钮，物理像素坐标: (30, 30)
2026-01-15 21:29:32,464 - INFO - 屏幕缩放比例: x=1.0, y=1.0
2026-01-15 21:29:32,464 - INFO - 转换后的逻辑坐标: (30, 30)
2026-01-15 21:29:32,569 - INFO - 已点击位置: (30, 30)
2026-01-15 21:29:32,570 - INFO - 已点击'返回'按钮
2026-01-15 21:29:32,570 - INFO - 等待公众号主页加载...
2026-01-15 21:29:35,570 - INFO - 已返回公众号主页
2026-01-15 21:29:35,571 - INFO - 
处理第 2/4 个文章位置
2026-01-15 21:29:35,571 - INFO - 位置坐标: x=0.4000, y=0.4000
2026-01-15 21:29:35,572 - INFO - 点击进入文章...
2026-01-15 21:29:35,671 - INFO - 相对坐标: (0.4000, 0.4000) -> 物理像素: (1536, 864)
2026-01-15 21:29:35,760 - INFO - 缩放比例: (1.0, 1.0) -> 逻辑坐标: (1536, 864)
2026-01-15 21:29:36,362 - INFO - 已点击位置: (1536, 864)
2026-01-15 21:29:39,365 - INFO - 正在查找'三个点'按钮...
2026-01-15 21:29:39,676 - INFO - 图像识别结果: Box(left=np.int64(3645), top=np.int64(6), width=41, height=42)
2026-01-15 21:29:39,676 - INFO - 找到目标按钮，物理像素坐标: (3665, 27)
2026-01-15 21:29:39,757 - INFO - 屏幕缩放比例: x=1.0, y=1.0
2026-01-15 21:29:39,757 - INFO - 转换后的逻辑坐标: (3665, 27)
2026-01-15 21:29:40,369 - INFO - 已点击位置: (3665, 27)
2026-01-15 21:29:40,369 - INFO - 已点击'三个点'按钮
2026-01-15 21:29:40,370 - INFO - 等待菜单出现...
2026-01-15 21:29:43,371 - INFO - 按6次向下箭头选中'复制链接'选项...
2026-01-15 21:29:43,372 - INFO - 正在按下组合键: down
2026-01-15 21:29:43,375 - INFO - 已成功按下并释放组合键: down
2026-01-15 21:29:43,876 - INFO - 正在按下组合键: down
2026-01-15 21:29:43,879 - INFO - 已成功按下并释放组合键: down
2026-01-15 21:29:44,380 - INFO - 正在按下组合键: down
2026-01-15 21:29:44,384 - INFO - 已成功按下并释放组合键: down
2026-01-15 21:29:44,885 - INFO - 正在按下组合键: down
2026-01-15 21:29:44,887 - INFO - 已成功按下并释放组合键: down
2026-01-15 21:29:45,387 - INFO - 正在按下组合键: down
2026-01-15 21:29:45,390 - INFO - 已成功按下并释放组合键: down
2026-01-15 21:29:45,891 - INFO - 正在按下组合键: down
2026-01-15 21:29:45,894 - INFO - 已成功按下并释放组合键: down
2026-01-15 21:29:46,395 - INFO - 按 Enter 复制链接...
2026-01-15 21:29:46,395 - INFO - 正在按下组合键: enter
2026-01-15 21:29:46,398 - INFO - 已成功按下并释放组合键: enter
2026-01-15 21:29:46,899 - INFO - 已复制文章链接: https://mp.weixin.qq.com/s/j14bSuap-tqR7SIZTKGe1Q
2026-01-15 21:29:46,901 - INFO - 文章 3 链接已保存到: output/articles_20260115.md
2026-01-15 21:29:46,902 - INFO - 文章 3 链接采集成功
2026-01-15 21:29:46,902 - INFO - 正在查找'返回'按钮...
2026-01-15 21:29:47,240 - INFO - 图像识别结果: Box(left=np.int64(6), top=np.int64(0), width=48, height=60)
2026-01-15 21:29:47,241 - INFO - 找到目标按钮，物理像素坐标: (30, 30)
2026-01-15 21:29:47,324 - INFO - 屏幕缩放比例: x=1.0, y=1.0
2026-01-15 21:29:47,324 - INFO - 转换后的逻辑坐标: (30, 30)
2026-01-15 21:29:47,436 - INFO - 已点击位置: (30, 30)
2026-01-15 21:29:47,436 - INFO - 已点击'返回'按钮
2026-01-15 21:29:47,436 - INFO - 等待公众号主页加载...
2026-01-15 21:29:50,437 - INFO - 已返回公众号主页
2026-01-15 21:29:50,438 - INFO - 
处理第 3/4 个文章位置
2026-01-15 21:29:50,438 - INFO - 位置坐标: x=0.4000, y=0.5000
2026-01-15 21:29:50,439 - INFO - 点击进入文章...
2026-01-15 21:29:50,541 - INFO - 相对坐标: (0.4000, 0.5000) -> 物理像素: (1536, 1080)
2026-01-15 21:29:50,624 - INFO - 缩放比例: (1.0, 1.0) -> 逻辑坐标: (1536, 1080)
2026-01-15 21:29:51,236 - INFO - 已点击位置: (1536, 1080)
2026-01-15 21:29:54,241 - INFO - 正在查找'三个点'按钮...
2026-01-15 21:29:54,560 - INFO - 图像识别结果: Box(left=np.int64(3645), top=np.int64(6), width=41, height=42)
2026-01-15 21:29:54,561 - INFO - 找到目标按钮，物理像素坐标: (3665, 27)
2026-01-15 21:29:54,640 - INFO - 屏幕缩放比例: x=1.0, y=1.0
2026-01-15 21:29:54,641 - INFO - 转换后的逻辑坐标: (3665, 27)
2026-01-15 21:29:55,242 - INFO - 已点击位置: (3665, 27)
2026-01-15 21:29:55,242 - INFO - 已点击'三个点'按钮
2026-01-15 21:29:55,242 - INFO - 等待菜单出现...
2026-01-15 21:29:58,242 - INFO - 按6次向下箭头选中'复制链接'选项...
2026-01-15 21:29:58,243 - INFO - 正在按下组合键: down
2026-01-15 21:29:58,245 - INFO - 已成功按下并释放组合键: down
2026-01-15 21:29:58,747 - INFO - 正在按下组合键: down
2026-01-15 21:29:58,749 - INFO - 已成功按下并释放组合键: down
2026-01-15 21:29:59,250 - INFO - 正在按下组合键: down
2026-01-15 21:29:59,253 - INFO - 已成功按下并释放组合键: down
2026-01-15 21:29:59,754 - INFO - 正在按下组合键: down
2026-01-15 21:29:59,760 - INFO - 已成功按下并释放组合键: down
2026-01-15 21:30:00,261 - INFO - 正在按下组合键: down
2026-01-15 21:30:00,265 - INFO - 已成功按下并释放组合键: down
2026-01-15 21:30:00,766 - INFO - 正在按下组合键: down
2026-01-15 21:30:00,767 - INFO - 已成功按下并释放组合键: down
2026-01-15 21:30:01,268 - INFO - 按 Enter 复制链接...
2026-01-15 21:30:01,268 - INFO - 正在按下组合键: enter
2026-01-15 21:30:01,271 - INFO - 已成功按下并释放组合键: enter
2026-01-15 21:30:01,773 - INFO - 已复制文章链接: https://mp.weixin.qq.com/mp/profile_ext?search_click_id=13034369243505520224-1768483707208-0422270206&action=home&__biz=MzIzNjc1NzUzMw==#wechat_redirect
2026-01-15 21:30:01,774 - INFO - 文章 4 链接已保存到: output/articles_20260115.md
2026-01-15 21:30:01,775 - INFO - 文章 4 链接采集成功
2026-01-15 21:30:01,775 - INFO - 正在查找'返回'按钮...
2026-01-15 21:30:02,130 - INFO - 图像识别结果: Box(left=np.int64(6), top=np.int64(0), width=48, height=60)
2026-01-15 21:30:02,130 - INFO - 找到目标按钮，物理像素坐标: (30, 30)
2026-01-15 21:30:02,214 - INFO - 屏幕缩放比例: x=1.0, y=1.0
2026-01-15 21:30:02,214 - INFO - 转换后的逻辑坐标: (30, 30)
2026-01-15 21:30:02,320 - INFO - 已点击位置: (30, 30)
2026-01-15 21:30:02,321 - INFO - 已点击'返回'按钮
2026-01-15 21:30:02,321 - INFO - 等待公众号主页加载...
2026-01-15 21:30:05,322 - INFO - 已返回公众号主页
2026-01-15 21:30:05,323 - INFO - 
处理第 4/4 个文章位置
2026-01-15 21:30:05,323 - INFO - 位置坐标: x=0.4000, y=0.6000
2026-01-15 21:30:05,324 - INFO - 点击进入文章...
2026-01-15 21:30:05,412 - INFO - 相对坐标: (0.4000, 0.6000) -> 物理像素: (1536, 1296)
2026-01-15 21:30:05,501 - INFO - 缩放比例: (1.0, 1.0) -> 逻辑坐标: (1536, 1296)
2026-01-15 21:30:06,104 - INFO - 已点击位置: (1536, 1296)
2026-01-15 21:30:09,109 - INFO - 正在查找'三个点'按钮...
2026-01-15 21:30:09,481 - INFO - 图像识别结果: Box(left=np.int64(3645), top=np.int64(6), width=41, height=42)
2026-01-15 21:30:09,481 - INFO - 找到目标按钮，物理像素坐标: (3665, 27)
2026-01-15 21:30:09,560 - INFO - 屏幕缩放比例: x=1.0, y=1.0
2026-01-15 21:30:09,560 - INFO - 转换后的逻辑坐标: (3665, 27)
2026-01-15 21:30:10,171 - INFO - 已点击位置: (3665, 27)
2026-01-15 21:30:10,171 - INFO - 已点击'三个点'按钮
2026-01-15 21:30:10,172 - INFO - 等待菜单出现...
2026-01-15 21:30:13,173 - INFO - 按6次向下箭头选中'复制链接'选项...
2026-01-15 21:30:13,173 - INFO - 正在按下组合键: down
2026-01-15 21:30:13,177 - INFO - 已成功按下并释放组合键: down
2026-01-15 21:30:13,678 - INFO - 正在按下组合键: down
2026-01-15 21:30:13,679 - INFO - 已成功按下并释放组合键: down
2026-01-15 21:30:14,180 - INFO - 正在按下组合键: down
2026-01-15 21:30:14,183 - INFO - 已成功按下并释放组合键: down
2026-01-15 21:30:14,684 - INFO - 正在按下组合键: down
2026-01-15 21:30:14,685 - INFO - 已成功按下并释放组合键: down
2026-01-15 21:30:15,186 - INFO - 正在按下组合键: down
2026-01-15 21:30:15,190 - INFO - 已成功按下并释放组合键: down
2026-01-15 21:30:15,691 - INFO - 正在按下组合键: down
2026-01-15 21:30:15,694 - INFO - 已成功按下并释放组合键: down
2026-01-15 21:30:16,195 - INFO - 按 Enter 复制链接...
2026-01-15 21:30:16,196 - INFO - 正在按下组合键: enter
2026-01-15 21:30:16,198 - INFO - 已成功按下并释放组合键: enter
2026-01-15 21:30:16,704 - INFO - 已复制文章链接: https://mp.weixin.qq.com/s/GG1BFS8mFugifO9xzA33Tg
2026-01-15 21:30:16,705 - INFO - 文章 5 链接已保存到: output/articles_20260115.md
2026-01-15 21:30:16,706 - INFO - 文章 5 链接采集成功
2026-01-15 21:30:16,706 - INFO - 正在查找'返回'按钮...
2026-01-15 21:30:17,056 - INFO - 图像识别结果: Box(left=np.int64(6), top=np.int64(0), width=48, height=60)
2026-01-15 21:30:17,057 - INFO - 找到目标按钮，物理像素坐标: (30, 30)
2026-01-15 21:30:17,142 - INFO - 屏幕缩放比例: x=1.0, y=1.0
2026-01-15 21:30:17,143 - INFO - 转换后的逻辑坐标: (30, 30)
2026-01-15 21:30:17,254 - INFO - 已点击位置: (30, 30)
2026-01-15 21:30:17,254 - INFO - 已点击'返回'按钮
2026-01-15 21:30:17,255 - INFO - 等待公众号主页加载...
2026-01-15 21:30:20,256 - INFO - 已返回公众号主页
2026-01-15 21:30:20,454 - INFO - 截图已保存到: temp/screenshot.png
2026-01-15 21:30:20,456 - INFO - 检查是否存在更早日期: 2026年1月14日, 2026年1月13日, 2026年1月12日
2026-01-15 21:30:20,472 - INFO - 正在尝试 VLM 文本定位（第 1/3 次）...
2026-01-15 21:31:17,330 - INFO - HTTP Request: POST https://dashscope.aliyuncs.com/compatible-mode/v1/chat/completions "HTTP/1.1 200 OK"
2026-01-15 21:31:17,331 - INFO - 解析成功：找到 3 个有效位置
2026-01-15 21:31:17,331 - INFO - VLM 模型找到了 3 个匹配位置
2026-01-15 21:31:17,331 - INFO - 发现历史日期: 2026年1月14日, 2026年1月14日, 2026年1月13日，当天文章已全部显示
2026-01-15 21:31:17,331 - INFO - 已发现更早日期，当天文章采集完毕
2026-01-15 21:31:17,331 - INFO - 
==================================================
2026-01-15 21:31:17,331 - INFO - 文章链接采集完成
2026-01-15 21:31:17,331 - INFO - 本公众号采集 4 篇文章链接
2026-01-15 21:31:17,332 - INFO - 当前累计序号: 5
2026-01-15 21:31:17,332 - INFO - 输出文件: output/articles_20260115.md
2026-01-15 21:31:17,332 - INFO - ==================================================
2026-01-15 21:31:17,332 - INFO - 
公众号 2 采集完成！
2026-01-15 21:31:17,332 - INFO -   - 文章链接数量: 4
2026-01-15 21:31:17,332 - INFO -   - 累计文章总数: 5
2026-01-15 21:31:17,332 - INFO - 
============================================================
2026-01-15 21:31:17,332 - INFO - 所有公众号采集任务完成
2026-01-15 21:31:17,332 - INFO - ============================================================
2026-01-15 21:31:17,332 - INFO - 
📊 采集统计报告:
2026-01-15 21:31:17,332 - INFO -   ✅ 公众号总数: 2
2026-01-15 21:31:17,333 - INFO -   ✅ 成功采集: 2
2026-01-15 21:31:17,333 - INFO -   ❌ 失败数量: 0
2026-01-15 21:31:17,333 - INFO -   📝 文章链接总数: 5
2026-01-15 21:31:17,333 - INFO - 
📋 详细结果:
2026-01-15 21:31:17,333 - INFO -   公众号 1: ✅ 成功 - 1 篇文章链接
2026-01-15 21:31:17,333 - INFO -   公众号 2: ✅ 成功 - 4 篇文章链接
2026-01-15 21:31:17,333 - INFO - 
📁 统一输出文件: output/articles_20260115.md
2026-01-15 21:31:17,333 - INFO - 
============================================================
2026-01-15 21:45:03,275 - INFO - ============================================================
2026-01-15 21:45:03,276 - INFO - 开始执行公众号文章采集工作流
2026-01-15 21:45:03,276 - INFO - ============================================================
2026-01-15 21:45:03,276 - INFO - 
[步骤1] 打开/激活微信应用...
2026-01-15 21:45:03,387 - INFO - 微信已在运行，正在激活窗口...
2026-01-15 21:45:03,393 - INFO - 找到微信窗口: 微信 (进程: weixin.exe)
2026-01-15 21:45:03,394 - INFO - 微信窗口已激活到前台
2026-01-15 21:45:04,394 - INFO - 微信应用已就绪
2026-01-15 21:45:04,395 - INFO - 
[步骤2] 从配置文件构建公众号URL列表...
2026-01-15 21:45:04,397 - INFO - 正在访问页面: https://mp.weixin.qq.com/s/ZrBDFuugPyuoQp4S6wEBWQ
2026-01-15 21:45:05,292 - INFO - 成功获取页面内容，长度: 2793254 字符
2026-01-15 21:45:05,292 - INFO - 成功提取 biz: MzA3MzI4MjgzMw==
2026-01-15 21:45:05,293 - INFO - 从URL https://mp.weixin.qq.com/s/ZrBDFuugPyuoQp4S6wEBWQ 提取到biz: MzA3MzI4MjgzMw==
2026-01-15 21:45:05,293 - INFO - 正在访问页面: https://mp.weixin.qq.com/s/2Bs7ldBM-DKTjjyAcMvopA
2026-01-15 21:45:06,076 - INFO - 成功获取页面内容，长度: 2707910 字符
2026-01-15 21:45:06,077 - INFO - 成功提取 biz: MzIzNjc1NzUzMw==
2026-01-15 21:45:06,078 - INFO - 从URL https://mp.weixin.qq.com/s/2Bs7ldBM-DKTjjyAcMvopA 提取到biz: MzIzNjc1NzUzMw==
2026-01-15 21:45:06,078 - INFO - 成功构建 2 个公众号URL
2026-01-15 21:45:06,078 - INFO -   公众号 1: https://mp.weixin.qq.com/mp/profile_ext?action=home&__biz=MzA3MzI4MjgzMw==#wecha...
2026-01-15 21:45:06,078 - INFO -   公众号 2: https://mp.weixin.qq.com/mp/profile_ext?action=home&__biz=MzIzNjc1NzUzMw==#wecha...
2026-01-15 21:45:06,078 - INFO - 
[步骤3] 开始遍历公众号列表，依次采集文章...
2026-01-15 21:45:06,078 - INFO - 输出文件已初始化: output/articles_20260115.md
2026-01-15 21:45:06,078 - INFO - 已创建统一输出文件: output/articles_20260115.md
2026-01-15 21:45:06,078 - INFO - 
============================================================
2026-01-15 21:45:06,079 - INFO - 正在处理第 1/2 个公众号
2026-01-15 21:45:06,079 - INFO - URL: https://mp.weixin.qq.com/mp/profile_ext?action=home&__biz=MzA3MzI4MjgzMw==#wecha...
2026-01-15 21:45:06,079 - INFO - ============================================================
2026-01-15 21:45:06,079 - INFO - 
[步骤3.1.1] 打开微信搜索功能...
2026-01-15 21:45:06,079 - INFO - 正在打开微信搜索...
2026-01-15 21:45:06,079 - INFO - 正在按下组合键: ctrl + f
2026-01-15 21:45:06,081 - INFO - 已成功按下并释放组合键: ctrl + f
2026-01-15 21:45:06,081 - INFO - 已发送 ctrl+f 快捷键
2026-01-15 21:45:06,081 - INFO - 等待搜索框出现...
2026-01-15 21:45:09,081 - INFO - 按向下键选中'搜索网络结果'选项...
2026-01-15 21:45:09,082 - INFO - 正在按下组合键: down
2026-01-15 21:45:09,086 - INFO - 已成功按下并释放组合键: down
2026-01-15 21:45:09,087 - INFO - 已选中'搜索网络结果'选项
2026-01-15 21:45:09,587 - INFO - 按 Enter 键确认...
2026-01-15 21:45:09,588 - INFO - 正在按下组合键: enter
2026-01-15 21:45:09,591 - INFO - 已成功按下并释放组合键: enter
2026-01-15 21:45:09,591 - INFO - 已按 Enter 键
2026-01-15 21:45:12,592 - INFO - 微信搜索界面已打开
2026-01-15 21:45:12,593 - INFO - 微信搜索界面已打开
2026-01-15 21:45:12,593 - INFO - 
[步骤3.1.2] 搜索公众号URL并进入主页...
2026-01-15 21:45:12,594 - INFO - 正在复制公众号URL到剪贴板: https://mp.weixin.qq.com/mp/profile_ext?action=home&__biz=MzA3MzI4MjgzMw==#wechat_redirect
2026-01-15 21:45:12,619 - INFO - 正在粘贴URL到搜索框...
2026-01-15 21:45:12,619 - INFO - 正在按下组合键: ctrl + v
2026-01-15 21:45:12,621 - INFO - 已成功按下并释放组合键: ctrl + v
2026-01-15 21:45:13,122 - INFO - URL已粘贴到搜索框
2026-01-15 21:45:13,123 - INFO - 正在按回车键触发搜索...
2026-01-15 21:45:13,123 - INFO - 正在按下组合键: enter
2026-01-15 21:45:13,126 - INFO - 已成功按下并释放组合键: enter
2026-01-15 21:45:13,127 - INFO - 已按回车键
2026-01-15 21:45:13,127 - INFO - 等待搜索结果出现...
2026-01-15 21:45:16,128 - INFO - 正在查找'访问网页'按钮...
2026-01-15 21:45:16,468 - INFO - 图像识别结果: Box(left=np.int64(1389), top=np.int64(267), width=123, height=60)
2026-01-15 21:45:16,468 - INFO - 找到目标按钮，物理像素坐标: (1450, 297)
2026-01-15 21:45:16,560 - INFO - 屏幕缩放比例: x=1.0, y=1.0
2026-01-15 21:45:16,560 - INFO - 转换后的逻辑坐标: (1450, 297)
2026-01-15 21:45:17,165 - INFO - 已点击位置: (1450, 297)
2026-01-15 21:45:17,165 - INFO - 已点击'访问网页'按钮
2026-01-15 21:45:17,165 - INFO - 等待公众号主页加载...
2026-01-15 21:45:20,166 - INFO - 公众号主页已加载完成
2026-01-15 21:45:20,166 - INFO - 已成功进入公众号主页
2026-01-15 21:45:20,167 - INFO - 
[步骤3.1.3] 开始采集当天所有文章链接...
2026-01-15 21:45:20,168 - INFO - 已添加公众号 1 分隔标记
2026-01-15 21:45:20,169 - INFO - ==================================================
2026-01-15 21:45:20,169 - INFO - 开始采集公众号文章
2026-01-15 21:45:20,169 - INFO - 当天日期: 2026年1月15日
2026-01-15 21:45:20,170 - INFO - 输出文件: output/articles_20260115.md
2026-01-15 21:45:20,170 - INFO - 起始序号: 1
2026-01-15 21:45:20,170 - INFO - ==================================================
2026-01-15 21:45:20,171 - INFO - 
--- 第 1 轮采集 ---
2026-01-15 21:45:20,378 - INFO - 截图已保存到: temp/screenshot.png
2026-01-15 21:45:20,379 - INFO - 正在识别当天日期文章位置，日期文本: 2026年1月15日
2026-01-15 21:45:20,417 - INFO - 正在尝试 VLM 文本定位（第 1/3 次）...
2026-01-15 21:46:10,430 - INFO - HTTP Request: POST https://dashscope.aliyuncs.com/compatible-mode/v1/chat/completions "HTTP/1.1 200 OK"
2026-01-15 21:46:10,443 - INFO - 解析成功：找到 3 个有效位置
2026-01-15 21:46:10,443 - INFO - VLM 模型找到了 3 个匹配位置
2026-01-15 21:46:10,443 - INFO - 识别到 3 个当天日期位置
2026-01-15 21:46:10,444 - INFO - 
处理第 1/3 个文章位置
2026-01-15 21:46:10,444 - INFO - 位置坐标: x=0.3020, y=0.2480
2026-01-15 21:46:10,444 - INFO - 点击进入文章...
2026-01-15 21:46:10,527 - INFO - 相对坐标: (0.3020, 0.2480) -> 物理像素: (1160, 536)
2026-01-15 21:46:10,605 - INFO - 缩放比例: (1.0, 1.0) -> 逻辑坐标: (1159, 535)
2026-01-15 21:46:11,231 - INFO - 已点击位置: (1159, 535)
2026-01-15 21:46:14,235 - INFO - 正在查找'三个点'按钮...
2026-01-15 21:46:14,553 - INFO - 图像识别结果: Box(left=np.int64(3645), top=np.int64(6), width=41, height=42)
2026-01-15 21:46:14,553 - INFO - 找到目标按钮，物理像素坐标: (3665, 27)
2026-01-15 21:46:14,641 - INFO - 屏幕缩放比例: x=1.0, y=1.0
2026-01-15 21:46:14,641 - INFO - 转换后的逻辑坐标: (3665, 27)
2026-01-15 21:46:15,243 - INFO - 已点击位置: (3665, 27)
2026-01-15 21:46:15,243 - INFO - 已点击'三个点'按钮
2026-01-15 21:46:15,244 - INFO - 等待菜单出现...
2026-01-15 21:46:18,244 - INFO - 按6次向下箭头选中'复制链接'选项...
2026-01-15 21:46:18,245 - INFO - 正在按下组合键: down
2026-01-15 21:46:18,248 - INFO - 已成功按下并释放组合键: down
2026-01-15 21:46:18,748 - INFO - 正在按下组合键: down
2026-01-15 21:46:18,753 - INFO - 已成功按下并释放组合键: down
2026-01-15 21:46:19,254 - INFO - 正在按下组合键: down
2026-01-15 21:46:19,257 - INFO - 已成功按下并释放组合键: down
2026-01-15 21:46:19,758 - INFO - 正在按下组合键: down
2026-01-15 21:46:19,762 - INFO - 已成功按下并释放组合键: down
2026-01-15 21:46:20,262 - INFO - 正在按下组合键: down
2026-01-15 21:46:20,265 - INFO - 已成功按下并释放组合键: down
2026-01-15 21:46:20,766 - INFO - 正在按下组合键: down
2026-01-15 21:46:20,768 - INFO - 已成功按下并释放组合键: down
2026-01-15 21:46:21,269 - INFO - 按 Enter 复制链接...
2026-01-15 21:46:21,270 - INFO - 正在按下组合键: enter
2026-01-15 21:46:21,272 - INFO - 已成功按下并释放组合键: enter
2026-01-15 21:46:21,774 - INFO - 已复制文章链接: https://mp.weixin.qq.com/mp/profile_ext?search_click_id=9969052100949774205-1768484716570-2839808607&action=home&__biz=MzA3MzI4MjgzMw==#wechat_redirect
2026-01-15 21:46:21,776 - INFO - 文章 1 链接已保存到: output/articles_20260115.md
2026-01-15 21:46:21,777 - INFO - 文章 1 链接采集成功
2026-01-15 21:46:21,777 - INFO - 正在查找'返回'按钮...
2026-01-15 21:46:22,143 - INFO - 图像识别结果: Box(left=np.int64(6), top=np.int64(0), width=48, height=60)
2026-01-15 21:46:22,144 - INFO - 找到目标按钮，物理像素坐标: (30, 30)
2026-01-15 21:46:22,219 - INFO - 屏幕缩放比例: x=1.0, y=1.0
2026-01-15 21:46:22,220 - INFO - 转换后的逻辑坐标: (30, 30)
2026-01-15 21:46:22,347 - INFO - 已点击位置: (30, 30)
2026-01-15 21:46:22,348 - INFO - 已点击'返回'按钮
2026-01-15 21:46:22,348 - INFO - 等待公众号主页加载...
2026-01-15 21:46:25,349 - INFO - 已返回公众号主页
2026-01-15 21:46:25,349 - INFO - 
处理第 2/3 个文章位置
2026-01-15 21:46:25,350 - INFO - 位置坐标: x=0.3020, y=0.3220
2026-01-15 21:46:25,350 - INFO - 点击进入文章...
2026-01-15 21:46:25,439 - INFO - 相对坐标: (0.3020, 0.3220) -> 物理像素: (1160, 696)
2026-01-15 21:46:25,516 - INFO - 缩放比例: (1.0, 1.0) -> 逻辑坐标: (1159, 695)
2026-01-15 21:46:26,131 - INFO - 已点击位置: (1159, 695)
2026-01-15 21:46:29,135 - INFO - 正在查找'三个点'按钮...
2026-01-15 21:46:29,471 - INFO - 图像识别结果: Box(left=np.int64(3645), top=np.int64(6), width=41, height=42)
2026-01-15 21:46:29,471 - INFO - 找到目标按钮，物理像素坐标: (3665, 27)
2026-01-15 21:46:29,572 - INFO - 屏幕缩放比例: x=1.0, y=1.0
2026-01-15 21:46:29,572 - INFO - 转换后的逻辑坐标: (3665, 27)
2026-01-15 21:46:30,197 - INFO - 已点击位置: (3665, 27)
2026-01-15 21:46:30,198 - INFO - 已点击'三个点'按钮
2026-01-15 21:46:30,198 - INFO - 等待菜单出现...
2026-01-15 21:46:33,199 - INFO - 按6次向下箭头选中'复制链接'选项...
2026-01-15 21:46:33,200 - INFO - 正在按下组合键: down
2026-01-15 21:46:33,203 - INFO - 已成功按下并释放组合键: down
2026-01-15 21:46:33,704 - INFO - 正在按下组合键: down
2026-01-15 21:46:33,706 - INFO - 已成功按下并释放组合键: down
2026-01-15 21:46:34,207 - INFO - 正在按下组合键: down
2026-01-15 21:46:34,209 - INFO - 已成功按下并释放组合键: down
2026-01-15 21:46:34,710 - INFO - 正在按下组合键: down
2026-01-15 21:46:34,712 - INFO - 已成功按下并释放组合键: down
2026-01-15 21:46:35,213 - INFO - 正在按下组合键: down
2026-01-15 21:46:35,214 - INFO - 已成功按下并释放组合键: down
2026-01-15 21:46:35,715 - INFO - 正在按下组合键: down
2026-01-15 21:46:35,716 - INFO - 已成功按下并释放组合键: down
2026-01-15 21:46:36,216 - INFO - 按 Enter 复制链接...
2026-01-15 21:46:36,216 - INFO - 正在按下组合键: enter
2026-01-15 21:46:36,218 - INFO - 已成功按下并释放组合键: enter
2026-01-15 21:46:36,719 - INFO - 已复制文章链接: https://mp.weixin.qq.com/mp/profile_ext?search_click_id=9969052100949774205-1768484716570-2839808607&action=home&__biz=MzA3MzI4MjgzMw==#wechat_redirect
2026-01-15 21:46:36,719 - INFO - 文章链接已存在，跳过: https://mp.weixin.qq.com/mp/profile_ext?search_cli...
2026-01-15 21:46:36,719 - INFO - 正在查找'返回'按钮...
2026-01-15 21:46:36,976 - INFO - 图像识别结果: Box(left=np.int64(12), top=np.int64(7), width=48, height=60)
2026-01-15 21:46:36,976 - INFO - 找到目标按钮，物理像素坐标: (36, 37)
2026-01-15 21:46:37,045 - INFO - 屏幕缩放比例: x=1.0, y=1.0
2026-01-15 21:46:37,046 - INFO - 转换后的逻辑坐标: (36, 37)
2026-01-15 21:46:37,165 - INFO - 已点击位置: (36, 37)
2026-01-15 21:46:37,165 - INFO - 已点击'返回'按钮
2026-01-15 21:46:37,165 - INFO - 等待公众号主页加载...
2026-01-15 21:49:47,149 - INFO - ============================================================
2026-01-15 21:49:47,150 - INFO - 开始执行公众号文章采集工作流
2026-01-15 21:49:47,151 - INFO - ============================================================
2026-01-15 21:49:47,151 - INFO - 
[步骤1] 打开/激活微信应用...
2026-01-15 21:49:47,262 - INFO - 微信已在运行，正在激活窗口...
2026-01-15 21:49:47,268 - INFO - 找到微信窗口: 微信 (进程: weixin.exe)
2026-01-15 21:49:47,268 - WARNING - 无法激活微信窗口，尝试使用 Alt+Tab 切换...
2026-01-15 21:49:47,281 - INFO - 已尝试将微信窗口移到最上层
2026-01-15 21:49:48,282 - INFO - 微信应用已就绪
2026-01-15 21:49:48,282 - INFO - 
[步骤2] 从配置文件构建公众号URL列表...
2026-01-15 21:49:48,283 - INFO - 正在访问页面: https://mp.weixin.qq.com/s/ZrBDFuugPyuoQp4S6wEBWQ
2026-01-15 21:49:49,050 - INFO - 成功获取页面内容，长度: 2793212 字符
2026-01-15 21:49:49,050 - INFO - 成功提取 biz: MzA3MzI4MjgzMw==
2026-01-15 21:49:49,052 - INFO - 从URL https://mp.weixin.qq.com/s/ZrBDFuugPyuoQp4S6wEBWQ 提取到biz: MzA3MzI4MjgzMw==
2026-01-15 21:49:49,052 - INFO - 正在访问页面: https://mp.weixin.qq.com/s/2Bs7ldBM-DKTjjyAcMvopA
2026-01-15 21:49:50,028 - INFO - 成功获取页面内容，长度: 2707998 字符
2026-01-15 21:49:50,028 - INFO - 成功提取 biz: MzIzNjc1NzUzMw==
2026-01-15 21:49:50,029 - INFO - 从URL https://mp.weixin.qq.com/s/2Bs7ldBM-DKTjjyAcMvopA 提取到biz: MzIzNjc1NzUzMw==
2026-01-15 21:49:50,030 - INFO - 成功构建 2 个公众号URL
2026-01-15 21:49:50,030 - INFO -   公众号 1: https://mp.weixin.qq.com/mp/profile_ext?action=home&__biz=MzA3MzI4MjgzMw==#wecha...
2026-01-15 21:49:50,030 - INFO -   公众号 2: https://mp.weixin.qq.com/mp/profile_ext?action=home&__biz=MzIzNjc1NzUzMw==#wecha...
2026-01-15 21:49:50,030 - INFO - 
[步骤3] 开始遍历公众号列表，依次采集文章...
2026-01-15 21:49:50,030 - INFO - 输出文件已初始化: output/articles_20260115.md
2026-01-15 21:49:50,030 - INFO - 已创建统一输出文件: output/articles_20260115.md
2026-01-15 21:49:50,030 - INFO - 
============================================================
2026-01-15 21:49:50,031 - INFO - 正在处理第 1/2 个公众号
2026-01-15 21:49:50,031 - INFO - URL: https://mp.weixin.qq.com/mp/profile_ext?action=home&__biz=MzA3MzI4MjgzMw==#wecha...
2026-01-15 21:49:50,031 - INFO - ============================================================
2026-01-15 21:49:50,031 - INFO - 
[步骤3.1.1] 打开微信搜索功能...
2026-01-15 21:49:50,031 - INFO - 正在打开微信搜索...
2026-01-15 21:49:50,031 - INFO - 正在按下组合键: ctrl + f
2026-01-15 21:49:50,033 - INFO - 已成功按下并释放组合键: ctrl + f
2026-01-15 21:49:50,033 - INFO - 已发送 ctrl+f 快捷键
2026-01-15 21:49:50,033 - INFO - 等待搜索框出现...
2026-01-15 21:49:53,034 - INFO - 按向下键选中'搜索网络结果'选项...
2026-01-15 21:49:53,035 - INFO - 正在按下组合键: down
2026-01-15 21:49:53,039 - INFO - 已成功按下并释放组合键: down
2026-01-15 21:49:53,039 - INFO - 已选中'搜索网络结果'选项
2026-01-15 21:49:53,539 - INFO - 按 Enter 键确认...
2026-01-15 21:49:53,540 - INFO - 正在按下组合键: enter
2026-01-15 21:49:53,541 - INFO - 已成功按下并释放组合键: enter
2026-01-15 21:49:53,541 - INFO - 已按 Enter 键
2026-01-15 21:49:56,541 - INFO - 微信搜索界面已打开
2026-01-15 21:49:56,541 - INFO - 微信搜索界面已打开
2026-01-15 21:49:56,541 - INFO - 
[步骤3.1.2] 搜索公众号URL并进入主页...
2026-01-15 21:49:56,541 - INFO - 正在复制公众号URL到剪贴板: https://mp.weixin.qq.com/mp/profile_ext?action=home&__biz=MzA3MzI4MjgzMw==#wechat_redirect
2026-01-15 21:49:56,550 - INFO - 正在粘贴URL到搜索框...
2026-01-15 21:49:56,550 - INFO - 正在按下组合键: ctrl + v
2026-01-15 21:49:56,552 - INFO - 已成功按下并释放组合键: ctrl + v
2026-01-15 21:49:57,053 - INFO - URL已粘贴到搜索框
2026-01-15 21:49:57,053 - INFO - 正在按回车键触发搜索...
2026-01-15 21:49:57,053 - INFO - 正在按下组合键: enter
2026-01-15 21:49:57,054 - INFO - 已成功按下并释放组合键: enter
2026-01-15 21:49:57,054 - INFO - 已按回车键
2026-01-15 21:49:57,054 - INFO - 等待搜索结果出现...
2026-01-15 21:50:00,054 - INFO - 正在查找'访问网页'按钮...
2026-01-15 21:53:22,965 - INFO - ============================================================
2026-01-15 21:53:22,965 - INFO - 开始执行公众号文章采集工作流
2026-01-15 21:53:22,966 - INFO - ============================================================
2026-01-15 21:53:22,966 - INFO - 
[步骤1] 打开/激活微信应用...
2026-01-15 21:53:23,109 - INFO - 微信已在运行，正在激活窗口...
2026-01-15 21:53:23,116 - INFO - 找到微信窗口: 微信 (进程: weixin.exe)
2026-01-15 21:53:23,117 - INFO - 微信窗口已最小化，正在恢复...
2026-01-15 21:53:23,336 - INFO - 微信窗口已激活到前台
2026-01-15 21:53:24,336 - INFO - 微信应用已就绪
2026-01-15 21:53:24,337 - INFO - 
[步骤2] 从配置文件构建公众号URL列表...
2026-01-15 21:53:24,337 - INFO - 正在访问页面: https://mp.weixin.qq.com/s/ZrBDFuugPyuoQp4S6wEBWQ
2026-01-15 21:53:25,127 - INFO - 成功获取页面内容，长度: 2793212 字符
2026-01-15 21:53:25,127 - INFO - 成功提取 biz: MzA3MzI4MjgzMw==
2026-01-15 21:53:25,128 - INFO - 从URL https://mp.weixin.qq.com/s/ZrBDFuugPyuoQp4S6wEBWQ 提取到biz: MzA3MzI4MjgzMw==
2026-01-15 21:53:25,129 - INFO - 正在访问页面: https://mp.weixin.qq.com/s/2Bs7ldBM-DKTjjyAcMvopA
2026-01-15 21:53:25,920 - INFO - 成功获取页面内容，长度: 2707986 字符
2026-01-15 21:53:25,920 - INFO - 成功提取 biz: MzIzNjc1NzUzMw==
2026-01-15 21:53:25,922 - INFO - 从URL https://mp.weixin.qq.com/s/2Bs7ldBM-DKTjjyAcMvopA 提取到biz: MzIzNjc1NzUzMw==
2026-01-15 21:53:25,922 - INFO - 成功构建 2 个公众号URL
2026-01-15 21:53:25,922 - INFO -   公众号 1: https://mp.weixin.qq.com/mp/profile_ext?action=home&__biz=MzA3MzI4MjgzMw==#wecha...
2026-01-15 21:53:25,922 - INFO -   公众号 2: https://mp.weixin.qq.com/mp/profile_ext?action=home&__biz=MzIzNjc1NzUzMw==#wecha...
2026-01-15 21:53:25,922 - INFO - 
[步骤3] 开始遍历公众号列表，依次采集文章...
2026-01-15 21:53:25,922 - INFO - 输出文件已初始化: output/articles_20260115.md
2026-01-15 21:53:25,922 - INFO - 已创建统一输出文件: output/articles_20260115.md
2026-01-15 21:53:25,923 - INFO - 
============================================================
2026-01-15 21:53:25,923 - INFO - 正在处理第 1/2 个公众号
2026-01-15 21:53:25,923 - INFO - URL: https://mp.weixin.qq.com/mp/profile_ext?action=home&__biz=MzA3MzI4MjgzMw==#wecha...
2026-01-15 21:53:25,923 - INFO - ============================================================
2026-01-15 21:53:25,923 - INFO - 
[步骤3.1.1] 打开微信搜索功能...
2026-01-15 21:53:25,923 - INFO - 正在打开微信搜索...
2026-01-15 21:53:25,923 - INFO - 正在按下组合键: ctrl + f
2026-01-15 21:53:25,925 - INFO - 已成功按下并释放组合键: ctrl + f
2026-01-15 21:53:25,925 - INFO - 已发送 ctrl+f 快捷键
2026-01-15 21:53:25,925 - INFO - 等待搜索框出现...
2026-01-15 21:53:28,925 - INFO - 按向下键选中'搜索网络结果'选项...
2026-01-15 21:53:28,925 - INFO - 正在按下组合键: down
2026-01-15 21:53:28,927 - INFO - 已成功按下并释放组合键: down
2026-01-15 21:53:28,927 - INFO - 已选中'搜索网络结果'选项
2026-01-15 21:53:29,428 - INFO - 按 Enter 键确认...
2026-01-15 21:53:29,428 - INFO - 正在按下组合键: enter
2026-01-15 21:53:29,432 - INFO - 已成功按下并释放组合键: enter
2026-01-15 21:53:29,433 - INFO - 已按 Enter 键
2026-01-15 21:53:32,433 - INFO - 微信搜索界面已打开
2026-01-15 21:53:32,434 - INFO - 微信搜索界面已打开
2026-01-15 21:53:32,434 - INFO - 
[步骤3.1.2] 搜索公众号URL并进入主页...
2026-01-15 21:53:32,435 - INFO - 正在复制公众号URL到剪贴板: https://mp.weixin.qq.com/mp/profile_ext?action=home&__biz=MzA3MzI4MjgzMw==#wechat_redirect
2026-01-15 21:53:32,445 - INFO - 正在粘贴URL到搜索框...
2026-01-15 21:53:32,445 - INFO - 正在按下组合键: ctrl + v
2026-01-15 21:53:32,448 - INFO - 已成功按下并释放组合键: ctrl + v
2026-01-15 21:53:32,948 - INFO - URL已粘贴到搜索框
2026-01-15 21:53:32,949 - INFO - 正在按回车键触发搜索...
2026-01-15 21:53:32,949 - INFO - 正在按下组合键: enter
2026-01-15 21:53:32,951 - INFO - 已成功按下并释放组合键: enter
2026-01-15 21:53:32,952 - INFO - 已按回车键
2026-01-15 21:53:32,952 - INFO - 等待搜索结果出现...
2026-01-15 21:53:35,953 - INFO - 正在查找'访问网页'按钮...
2026-01-15 21:53:36,216 - INFO - 图像识别结果: Box(left=np.int64(1434), top=np.int64(537), width=123, height=60)
2026-01-15 21:53:36,216 - INFO - 找到目标按钮，物理像素坐标: (1495, 567)
2026-01-15 21:53:36,299 - INFO - 屏幕缩放比例: x=1.0, y=1.0
2026-01-15 21:53:36,300 - INFO - 转换后的逻辑坐标: (1495, 567)
2026-01-15 21:53:36,912 - INFO - 已点击位置: (1495, 567)
2026-01-15 21:53:36,913 - INFO - 已点击'访问网页'按钮
2026-01-15 21:53:36,913 - INFO - 等待公众号主页加载...
2026-01-15 21:53:39,914 - INFO - 公众号主页已加载完成
2026-01-15 21:53:39,914 - INFO - 已成功进入公众号主页
2026-01-15 21:53:39,914 - INFO - 
[步骤3.1.3] 开始采集当天所有文章链接...
2026-01-15 21:53:39,915 - INFO - 已添加公众号 1 分隔标记
2026-01-15 21:53:39,915 - INFO - ==================================================
2026-01-15 21:53:39,915 - INFO - 开始采集公众号文章
2026-01-15 21:53:39,915 - INFO - 当天日期: 2026年1月15日
2026-01-15 21:53:39,915 - INFO - 输出文件: output/articles_20260115.md
2026-01-15 21:53:39,915 - INFO - 起始序号: 1
2026-01-15 21:53:39,915 - INFO - ==================================================
2026-01-15 21:53:39,915 - INFO - 
--- 第 1 轮采集 ---
2026-01-15 21:53:40,104 - INFO - 截图已保存到: temp/screenshot.png
2026-01-15 21:53:40,105 - INFO - 正在识别当天日期文章位置，日期文本: 2026年1月15日
2026-01-15 21:53:40,142 - INFO - 正在尝试 VLM 文本定位（第 1/3 次）...
2026-01-15 21:54:45,379 - INFO - HTTP Request: POST https://dashscope.aliyuncs.com/compatible-mode/v1/chat/completions "HTTP/1.1 200 OK"
2026-01-15 21:54:45,388 - INFO - 解析成功：找到 3 个有效位置
2026-01-15 21:54:45,389 - INFO - VLM 模型找到了 3 个匹配位置
2026-01-15 21:54:45,390 - INFO - 识别到 3 个当天日期位置
2026-01-15 21:54:45,390 - INFO - 
处理第 1/3 个文章位置
2026-01-15 21:54:45,390 - INFO - 位置坐标: x=0.3800, y=0.3500
2026-01-15 21:54:45,390 - INFO - 点击进入文章...
2026-01-15 21:54:45,469 - INFO - 相对坐标: (0.3800, 0.3500) -> 物理像素: (1459, 756)
2026-01-15 21:54:45,547 - INFO - 缩放比例: (1.0, 1.0) -> 逻辑坐标: (1459, 756)
2026-01-15 21:54:46,160 - INFO - 已点击位置: (1459, 756)
2026-01-15 21:54:49,163 - INFO - 正在查找'三个点'按钮...
2026-01-15 21:54:49,419 - INFO - 图像识别结果: Box(left=np.int64(3206), top=np.int64(277), width=41, height=42)
2026-01-15 21:54:49,419 - INFO - 找到目标按钮，物理像素坐标: (3226, 298)
2026-01-15 21:54:49,500 - INFO - 屏幕缩放比例: x=1.0, y=1.0
2026-01-15 21:54:49,500 - INFO - 转换后的逻辑坐标: (3226, 298)
2026-01-15 21:54:50,110 - INFO - 已点击位置: (3226, 298)
2026-01-15 21:54:50,110 - INFO - 已点击'三个点'按钮
2026-01-15 21:54:50,111 - INFO - 等待菜单出现...
2026-01-15 21:54:53,111 - INFO - 按6次向下箭头选中'复制链接'选项...
2026-01-15 21:54:53,112 - INFO - 正在按下组合键: down
2026-01-15 21:54:53,114 - INFO - 已成功按下并释放组合键: down
2026-01-15 21:54:53,615 - INFO - 正在按下组合键: down
2026-01-15 21:54:53,619 - INFO - 已成功按下并释放组合键: down
2026-01-15 21:54:54,119 - INFO - 正在按下组合键: down
2026-01-15 21:54:54,122 - INFO - 已成功按下并释放组合键: down
2026-01-15 21:54:54,623 - INFO - 正在按下组合键: down
2026-01-15 21:54:54,623 - INFO - 已成功按下并释放组合键: down
2026-01-15 21:54:55,124 - INFO - 正在按下组合键: down
2026-01-15 21:54:55,127 - INFO - 已成功按下并释放组合键: down
2026-01-15 21:54:55,628 - INFO - 正在按下组合键: down
2026-01-15 21:54:55,630 - INFO - 已成功按下并释放组合键: down
2026-01-15 21:54:56,131 - INFO - 按 Enter 复制链接...
2026-01-15 21:54:56,131 - INFO - 正在按下组合键: enter
2026-01-15 21:54:56,132 - INFO - 已成功按下并释放组合键: enter
2026-01-15 21:54:56,634 - INFO - 已复制文章链接: https://mp.weixin.qq.com/mp/profile_ext?search_click_id=6101019840103091842-1768485216321-0198916280&action=home&__biz=MzA3MzI4MjgzMw==#wechat_redirect
2026-01-15 21:54:56,635 - INFO - 文章 1 链接已保存到: output/articles_20260115.md
2026-01-15 21:54:56,636 - INFO - 文章 1 链接采集成功
2026-01-15 21:54:56,636 - INFO - 正在查找'返回'按钮...
2026-01-15 21:54:56,880 - ERROR - 返回公众号主页失败
Traceback (most recent call last):
  File "D:\code\wechat-ai-daily\.venv\Lib\site-packages\pyautogui\__init__.py", line 172, in wrapper
    return wrappedFunction(*args, **kwargs)
  File "D:\code\wechat-ai-daily\.venv\Lib\site-packages\pyautogui\__init__.py", line 210, in locateOnScreen
    return pyscreeze.locateOnScreen(*args, **kwargs)
           ~~~~~~~~~~~~~~~~~~~~~~~~^^^^^^^^^^^^^^^^^
  File "D:\code\wechat-ai-daily\.venv\Lib\site-packages\pyscreeze\__init__.py", line 405, in locateOnScreen
    retVal = locate(image, screenshotIm, **kwargs)
  File "D:\code\wechat-ai-daily\.venv\Lib\site-packages\pyscreeze\__init__.py", line 383, in locate
    points = tuple(locateAll(needleImage, haystackImage, **kwargs))
  File "D:\code\wechat-ai-daily\.venv\Lib\site-packages\pyscreeze\__init__.py", line 257, in _locateAll_opencv
    raise ImageNotFoundException('Could not locate the image (highest confidence = %.3f)' % result.max())
pyscreeze.ImageNotFoundException: Could not locate the image (highest confidence = 0.530)

During handling of the above exception, another exception occurred:

Traceback (most recent call last):
  File "D:\code\wechat-ai-daily\src\wechat_ai_daily\workflows\wechat_autogui.py", line 351, in _go_back_to_homepage
    click_button_based_on_img(template_path, click_delay=0)  # 不需要额外延迟
    ~~~~~~~~~~~~~~~~~~~~~~~~~^^^^^^^^^^^^^^^^^^^^^^^^^^^^^^
  File "D:\code\wechat-ai-daily\src\wechat_ai_daily\utils\autogui.py", line 150, in click_button_based_on_img
    button_location = pyautogui.locateOnScreen(img_path,
                                               confidence=0.8,
                                               grayscale=True)
  File "D:\code\wechat-ai-daily\.venv\Lib\site-packages\pyautogui\__init__.py", line 174, in wrapper
    raise ImageNotFoundException  # Raise PyAutoGUI's ImageNotFoundException.
    ^^^^^^^^^^^^^^^^^^^^^^^^^^^^
pyautogui.ImageNotFoundException
2026-01-15 21:54:56,883 - ERROR - 处理文章时出错: 
2026-01-15 21:54:56,883 - INFO - 正在查找'返回'按钮...
2026-01-15 21:54:57,124 - ERROR - 返回公众号主页失败
Traceback (most recent call last):
  File "D:\code\wechat-ai-daily\.venv\Lib\site-packages\pyautogui\__init__.py", line 172, in wrapper
    return wrappedFunction(*args, **kwargs)
  File "D:\code\wechat-ai-daily\.venv\Lib\site-packages\pyautogui\__init__.py", line 210, in locateOnScreen
    return pyscreeze.locateOnScreen(*args, **kwargs)
           ~~~~~~~~~~~~~~~~~~~~~~~~^^^^^^^^^^^^^^^^^
  File "D:\code\wechat-ai-daily\.venv\Lib\site-packages\pyscreeze\__init__.py", line 405, in locateOnScreen
    retVal = locate(image, screenshotIm, **kwargs)
  File "D:\code\wechat-ai-daily\.venv\Lib\site-packages\pyscreeze\__init__.py", line 383, in locate
    points = tuple(locateAll(needleImage, haystackImage, **kwargs))
  File "D:\code\wechat-ai-daily\.venv\Lib\site-packages\pyscreeze\__init__.py", line 257, in _locateAll_opencv
    raise ImageNotFoundException('Could not locate the image (highest confidence = %.3f)' % result.max())
pyscreeze.ImageNotFoundException: Could not locate the image (highest confidence = 0.530)

During handling of the above exception, another exception occurred:

Traceback (most recent call last):
  File "D:\code\wechat-ai-daily\src\wechat_ai_daily\workflows\wechat_autogui.py", line 641, in _get_official_account_article_list
    self._go_back_to_homepage()
    ~~~~~~~~~~~~~~~~~~~~~~~~~^^
  File "D:\code\wechat-ai-daily\src\wechat_ai_daily\workflows\wechat_autogui.py", line 351, in _go_back_to_homepage
    click_button_based_on_img(template_path, click_delay=0)  # 不需要额外延迟
    ~~~~~~~~~~~~~~~~~~~~~~~~~^^^^^^^^^^^^^^^^^^^^^^^^^^^^^^
  File "D:\code\wechat-ai-daily\src\wechat_ai_daily\utils\autogui.py", line 150, in click_button_based_on_img
    button_location = pyautogui.locateOnScreen(img_path,
                                               confidence=0.8,
                                               grayscale=True)
  File "D:\code\wechat-ai-daily\.venv\Lib\site-packages\pyautogui\__init__.py", line 174, in wrapper
    raise ImageNotFoundException  # Raise PyAutoGUI's ImageNotFoundException.
    ^^^^^^^^^^^^^^^^^^^^^^^^^^^^
pyautogui.ImageNotFoundException

During handling of the above exception, another exception occurred:

Traceback (most recent call last):
  File "D:\code\wechat-ai-daily\.venv\Lib\site-packages\pyautogui\__init__.py", line 172, in wrapper
    return wrappedFunction(*args, **kwargs)
  File "D:\code\wechat-ai-daily\.venv\Lib\site-packages\pyautogui\__init__.py", line 210, in locateOnScreen
    return pyscreeze.locateOnScreen(*args, **kwargs)
           ~~~~~~~~~~~~~~~~~~~~~~~~^^^^^^^^^^^^^^^^^
  File "D:\code\wechat-ai-daily\.venv\Lib\site-packages\pyscreeze\__init__.py", line 405, in locateOnScreen
    retVal = locate(image, screenshotIm, **kwargs)
  File "D:\code\wechat-ai-daily\.venv\Lib\site-packages\pyscreeze\__init__.py", line 383, in locate
    points = tuple(locateAll(needleImage, haystackImage, **kwargs))
  File "D:\code\wechat-ai-daily\.venv\Lib\site-packages\pyscreeze\__init__.py", line 257, in _locateAll_opencv
    raise ImageNotFoundException('Could not locate the image (highest confidence = %.3f)' % result.max())
pyscreeze.ImageNotFoundException: Could not locate the image (highest confidence = 0.530)

During handling of the above exception, another exception occurred:

Traceback (most recent call last):
  File "D:\code\wechat-ai-daily\src\wechat_ai_daily\workflows\wechat_autogui.py", line 351, in _go_back_to_homepage
    click_button_based_on_img(template_path, click_delay=0)  # 不需要额外延迟
    ~~~~~~~~~~~~~~~~~~~~~~~~~^^^^^^^^^^^^^^^^^^^^^^^^^^^^^^
  File "D:\code\wechat-ai-daily\src\wechat_ai_daily\utils\autogui.py", line 150, in click_button_based_on_img
    button_location = pyautogui.locateOnScreen(img_path,
                                               confidence=0.8,
                                               grayscale=True)
  File "D:\code\wechat-ai-daily\.venv\Lib\site-packages\pyautogui\__init__.py", line 174, in wrapper
    raise ImageNotFoundException  # Raise PyAutoGUI's ImageNotFoundException.
    ^^^^^^^^^^^^^^^^^^^^^^^^^^^^
pyautogui.ImageNotFoundException
2026-01-15 21:54:57,126 - ERROR - 返回主页失败，可能需要手动干预
2026-01-15 21:54:57,132 - INFO - 
处理第 2/3 个文章位置
2026-01-15 21:54:57,133 - INFO - 位置坐标: x=0.3800, y=0.4500
2026-01-15 21:54:57,133 - INFO - 点击进入文章...
2026-01-15 21:54:57,213 - INFO - 相对坐标: (0.3800, 0.4500) -> 物理像素: (1459, 972)
2026-01-15 21:54:57,297 - INFO - 缩放比例: (1.0, 1.0) -> 逻辑坐标: (1459, 972)
2026-01-15 21:54:57,927 - INFO - 已点击位置: (1459, 972)
2026-01-15 21:55:00,930 - INFO - 正在查找'三个点'按钮...
2026-01-15 21:55:01,178 - INFO - 图像识别结果: Box(left=np.int64(3206), top=np.int64(277), width=41, height=42)
2026-01-15 21:55:01,178 - INFO - 找到目标按钮，物理像素坐标: (3226, 298)
2026-01-15 21:55:01,262 - INFO - 屏幕缩放比例: x=1.0, y=1.0
2026-01-15 21:55:01,263 - INFO - 转换后的逻辑坐标: (3226, 298)
2026-01-15 21:55:01,878 - INFO - 已点击位置: (3226, 298)
2026-01-15 21:55:01,879 - INFO - 已点击'三个点'按钮
2026-01-15 21:55:01,879 - INFO - 等待菜单出现...
2026-01-15 21:55:04,880 - INFO - 按6次向下箭头选中'复制链接'选项...
2026-01-15 21:55:04,880 - INFO - 正在按下组合键: down
2026-01-15 21:55:04,881 - INFO - 已成功按下并释放组合键: down
2026-01-15 21:57:20,439 - INFO - ============================================================
2026-01-15 21:57:20,440 - INFO - 开始执行公众号文章采集工作流
2026-01-15 21:57:20,440 - INFO - ============================================================
2026-01-15 21:57:20,440 - INFO - 
[步骤1] 打开/激活微信应用...
2026-01-15 21:57:20,535 - INFO - 微信已在运行，正在激活窗口...
2026-01-15 21:57:20,542 - INFO - 找到微信窗口: 微信 (进程: weixin.exe)
2026-01-15 21:57:20,542 - WARNING - 无法激活微信窗口，尝试使用 Alt+Tab 切换...
2026-01-15 21:57:20,552 - INFO - 已尝试将微信窗口移到最上层
2026-01-15 21:57:21,552 - INFO - 微信应用已就绪
2026-01-15 21:57:21,553 - INFO - 
[步骤2] 从配置文件构建公众号URL列表...
2026-01-15 21:57:21,555 - INFO - 正在访问页面: https://mp.weixin.qq.com/s/ZrBDFuugPyuoQp4S6wEBWQ
2026-01-15 21:57:22,292 - INFO - 成功获取页面内容，长度: 2794488 字符
2026-01-15 21:57:22,293 - INFO - 成功提取 biz: MzA3MzI4MjgzMw==
2026-01-15 21:57:22,294 - INFO - 从URL https://mp.weixin.qq.com/s/ZrBDFuugPyuoQp4S6wEBWQ 提取到biz: MzA3MzI4MjgzMw==
2026-01-15 21:57:22,294 - INFO - 正在访问页面: https://mp.weixin.qq.com/s/2Bs7ldBM-DKTjjyAcMvopA
2026-01-15 21:57:23,205 - INFO - 成功获取页面内容，长度: 2707888 字符
2026-01-15 21:57:23,205 - INFO - 成功提取 biz: MzIzNjc1NzUzMw==
2026-01-15 21:57:23,206 - INFO - 从URL https://mp.weixin.qq.com/s/2Bs7ldBM-DKTjjyAcMvopA 提取到biz: MzIzNjc1NzUzMw==
2026-01-15 21:57:23,206 - INFO - 成功构建 2 个公众号URL
2026-01-15 21:57:23,206 - INFO -   公众号 1: https://mp.weixin.qq.com/mp/profile_ext?action=home&__biz=MzA3MzI4MjgzMw==#wecha...
2026-01-15 21:57:23,206 - INFO -   公众号 2: https://mp.weixin.qq.com/mp/profile_ext?action=home&__biz=MzIzNjc1NzUzMw==#wecha...
2026-01-15 21:57:23,206 - INFO - 
[步骤3] 开始遍历公众号列表，依次采集文章...
2026-01-15 21:57:23,207 - INFO - 输出文件已初始化: output/articles_20260115.md
2026-01-15 21:57:23,207 - INFO - 已创建统一输出文件: output/articles_20260115.md
2026-01-15 21:57:23,207 - INFO - 
============================================================
2026-01-15 21:57:23,207 - INFO - 正在处理第 1/2 个公众号
2026-01-15 21:57:23,207 - INFO - URL: https://mp.weixin.qq.com/mp/profile_ext?action=home&__biz=MzA3MzI4MjgzMw==#wecha...
2026-01-15 21:57:23,207 - INFO - ============================================================
2026-01-15 21:57:23,207 - INFO - 
[步骤3.1.1] 打开微信搜索功能...
2026-01-15 21:57:23,207 - INFO - 正在打开微信搜索...
2026-01-15 21:57:23,207 - INFO - 正在按下组合键: ctrl + f
2026-01-15 21:57:23,209 - INFO - 已成功按下并释放组合键: ctrl + f
2026-01-15 21:57:23,209 - INFO - 已发送 ctrl+f 快捷键
2026-01-15 21:57:23,209 - INFO - 等待搜索框出现...
2026-01-15 21:57:26,209 - INFO - 按向下键选中'搜索网络结果'选项...
2026-01-15 21:57:26,210 - INFO - 正在按下组合键: down
2026-01-15 21:57:26,210 - INFO - 已成功按下并释放组合键: down
2026-01-15 21:57:26,210 - INFO - 已选中'搜索网络结果'选项
2026-01-15 22:01:51,763 - INFO - ============================================================
2026-01-15 22:01:51,764 - INFO - 开始执行公众号文章采集工作流
2026-01-15 22:01:51,765 - INFO - ============================================================
2026-01-15 22:01:51,765 - INFO - 
[步骤1] 打开/激活微信应用...
2026-01-15 22:01:51,894 - INFO - 微信已在运行，正在激活窗口...
2026-01-15 22:01:51,901 - INFO - 找到微信窗口: 微信 (进程: weixin.exe)
2026-01-15 22:01:52,103 - INFO - 微信窗口已激活到前台
2026-01-15 22:01:53,104 - INFO - 微信应用已就绪
2026-01-15 22:01:53,105 - INFO - 
[步骤2] 从配置文件构建公众号URL列表...
2026-01-15 22:01:53,106 - INFO - 正在访问页面: https://mp.weixin.qq.com/s/ZrBDFuugPyuoQp4S6wEBWQ
2026-01-15 22:01:53,914 - INFO - 成功获取页面内容，长度: 2793144 字符
2026-01-15 22:01:53,914 - INFO - 成功提取 biz: MzA3MzI4MjgzMw==
2026-01-15 22:01:53,915 - INFO - 从URL https://mp.weixin.qq.com/s/ZrBDFuugPyuoQp4S6wEBWQ 提取到biz: MzA3MzI4MjgzMw==
2026-01-15 22:01:53,915 - INFO - 正在访问页面: https://mp.weixin.qq.com/s/2Bs7ldBM-DKTjjyAcMvopA
2026-01-15 22:01:54,760 - INFO - 成功获取页面内容，长度: 2707942 字符
2026-01-15 22:01:54,761 - INFO - 成功提取 biz: MzIzNjc1NzUzMw==
2026-01-15 22:01:54,762 - INFO - 从URL https://mp.weixin.qq.com/s/2Bs7ldBM-DKTjjyAcMvopA 提取到biz: MzIzNjc1NzUzMw==
2026-01-15 22:01:54,762 - INFO - 成功构建 2 个公众号URL
2026-01-15 22:01:54,762 - INFO -   公众号 1: https://mp.weixin.qq.com/mp/profile_ext?action=home&__biz=MzIzNjc1NzUzMw==#wecha...
2026-01-15 22:01:54,762 - INFO -   公众号 2: https://mp.weixin.qq.com/mp/profile_ext?action=home&__biz=MzA3MzI4MjgzMw==#wecha...
2026-01-15 22:01:54,762 - INFO - 
[步骤3] 开始遍历公众号列表，依次采集文章...
2026-01-15 22:01:54,763 - INFO - 输出文件已初始化: output/articles_20260115.md
2026-01-15 22:01:54,763 - INFO - 已创建统一输出文件: output/articles_20260115.md
2026-01-15 22:01:54,763 - INFO - 
============================================================
2026-01-15 22:01:54,763 - INFO - 正在处理第 1/2 个公众号
2026-01-15 22:01:54,763 - INFO - URL: https://mp.weixin.qq.com/mp/profile_ext?action=home&__biz=MzIzNjc1NzUzMw==#wecha...
2026-01-15 22:01:54,763 - INFO - ============================================================
2026-01-15 22:01:54,763 - INFO - 
[步骤3.1.1] 打开微信搜索功能...
2026-01-15 22:01:54,763 - INFO - 正在打开微信搜索...
2026-01-15 22:01:54,763 - INFO - 正在按下组合键: ctrl + f
2026-01-15 22:01:54,765 - INFO - 已成功按下并释放组合键: ctrl + f
2026-01-15 22:01:54,766 - INFO - 已发送 ctrl+f 快捷键
2026-01-15 22:01:54,766 - INFO - 等待搜索框出现...
2026-01-15 22:01:57,766 - INFO - 按向下键选中'搜索网络结果'选项...
2026-01-15 22:01:57,767 - INFO - 正在按下组合键: down
2026-01-15 22:01:57,773 - INFO - 已成功按下并释放组合键: down
2026-01-15 22:01:57,774 - INFO - 已选中'搜索网络结果'选项
2026-01-15 22:01:58,275 - INFO - 按 Enter 键确认...
2026-01-15 22:01:58,276 - INFO - 正在按下组合键: enter
2026-01-15 22:01:58,278 - INFO - 已成功按下并释放组合键: enter
2026-01-15 22:01:58,279 - INFO - 已按 Enter 键
2026-01-15 22:02:01,280 - INFO - 微信搜索界面已打开
2026-01-15 22:02:01,280 - INFO - 微信搜索界面已打开
2026-01-15 22:02:01,281 - INFO - 
[步骤3.1.2] 搜索公众号URL并进入主页...
2026-01-15 22:02:01,281 - INFO - 正在复制公众号URL到剪贴板: https://mp.weixin.qq.com/mp/profile_ext?action=home&__biz=MzIzNjc1NzUzMw==#wechat_redirect
2026-01-15 22:02:01,296 - INFO - 正在粘贴URL到搜索框...
2026-01-15 22:02:01,296 - INFO - 正在按下组合键: ctrl + v
2026-01-15 22:02:01,298 - INFO - 已成功按下并释放组合键: ctrl + v
2026-01-15 22:02:01,798 - INFO - URL已粘贴到搜索框
2026-01-15 22:02:01,799 - INFO - 正在按回车键触发搜索...
2026-01-15 22:02:01,799 - INFO - 正在按下组合键: enter
2026-01-15 22:02:01,802 - INFO - 已成功按下并释放组合键: enter
2026-01-15 22:02:01,803 - INFO - 已按回车键
2026-01-15 22:02:01,803 - INFO - 等待搜索结果出现...
2026-01-15 22:02:04,804 - INFO - 正在查找'访问网页'按钮...
2026-01-15 22:02:05,049 - INFO - 图像识别结果: Box(left=np.int64(1434), top=np.int64(537), width=123, height=60)
2026-01-15 22:02:05,049 - INFO - 找到目标按钮，物理像素坐标: (1495, 567)
2026-01-15 22:02:05,114 - INFO - 屏幕缩放比例: x=1.0, y=1.0
2026-01-15 22:02:05,114 - INFO - 转换后的逻辑坐标: (1495, 567)
2026-01-15 22:02:05,724 - INFO - 已点击位置: (1495, 567)
2026-01-15 22:02:05,725 - INFO - 已点击'访问网页'按钮
2026-01-15 22:02:05,725 - INFO - 等待公众号主页加载...
2026-01-15 22:02:08,726 - INFO - 公众号主页已加载完成
2026-01-15 22:02:08,726 - INFO - 已成功进入公众号主页
2026-01-15 22:02:08,727 - INFO - 
[步骤3.1.3] 开始采集当天所有文章链接...
2026-01-15 22:02:08,728 - INFO - 已添加公众号 1 分隔标记
2026-01-15 22:02:08,729 - INFO - ==================================================
2026-01-15 22:02:08,729 - INFO - 开始采集公众号文章
2026-01-15 22:02:08,730 - INFO - 当天日期: 2026年1月15日
2026-01-15 22:02:08,730 - INFO - 输出文件: output/articles_20260115.md
2026-01-15 22:02:08,731 - INFO - 起始序号: 1
2026-01-15 22:02:08,731 - INFO - ==================================================
2026-01-15 22:02:08,732 - INFO - 
--- 第 1 轮采集 ---
2026-01-15 22:02:08,909 - INFO - 截图已保存到: temp/screenshot.png
2026-01-15 22:02:08,910 - INFO - 正在识别当天日期文章位置，日期文本: 2026年1月15日
2026-01-15 22:02:08,950 - INFO - 正在尝试 VLM 文本定位（第 1/3 次）...
2026-01-15 22:03:04,525 - INFO - HTTP Request: POST https://dashscope.aliyuncs.com/compatible-mode/v1/chat/completions "HTTP/1.1 200 OK"
2026-01-15 22:03:04,535 - INFO - 解析成功：找到 5 个有效位置
2026-01-15 22:03:04,536 - INFO - VLM 模型找到了 5 个匹配位置
2026-01-15 22:03:04,536 - INFO - 识别到 5 个当天日期位置
2026-01-15 22:03:04,536 - INFO - 
处理第 1/5 个文章位置
2026-01-15 22:03:04,536 - INFO - VLM识别位置: x=0.4180, y=0.3710, width=0.0630, height=0.0150
2026-01-15 22:03:04,536 - INFO - 最终点击位置: x=0.4180, y=0.3710
2026-01-15 22:03:04,536 - INFO - 点击进入文章...
2026-01-15 22:03:04,617 - INFO - 相对坐标: (0.4180, 0.3710) -> 物理像素: (1605, 801)
2026-01-15 22:03:04,695 - INFO - 缩放比例: (1.0, 1.0) -> 逻辑坐标: (1605, 801)
2026-01-15 22:03:05,306 - INFO - 已点击位置: (1605, 801)
2026-01-15 22:03:08,308 - INFO - 正在查找'三个点'按钮...
2026-01-15 22:03:08,568 - INFO - 图像识别结果: Box(left=np.int64(3206), top=np.int64(277), width=41, height=42)
2026-01-15 22:03:08,568 - INFO - 找到目标按钮，物理像素坐标: (3226, 298)
2026-01-15 22:03:08,647 - INFO - 屏幕缩放比例: x=1.0, y=1.0
2026-01-15 22:03:08,647 - INFO - 转换后的逻辑坐标: (3226, 298)
2026-01-15 22:03:09,256 - INFO - 已点击位置: (3226, 298)
2026-01-15 22:03:09,257 - INFO - 已点击'三个点'按钮
2026-01-15 22:03:09,257 - INFO - 等待菜单出现...
2026-01-15 22:03:12,258 - INFO - 按6次向下箭头选中'复制链接'选项...
2026-01-15 22:03:12,258 - INFO - 正在按下组合键: down
2026-01-15 22:03:12,261 - INFO - 已成功按下并释放组合键: down
2026-01-15 22:03:12,762 - INFO - 正在按下组合键: down
2026-01-15 22:03:12,762 - INFO - 已成功按下并释放组合键: down
2026-01-15 22:03:13,263 - INFO - 正在按下组合键: down
2026-01-15 22:03:13,264 - INFO - 已成功按下并释放组合键: down
2026-01-15 22:03:13,765 - INFO - 正在按下组合键: down
2026-01-15 22:03:13,766 - INFO - 已成功按下并释放组合键: down
2026-01-15 22:03:14,266 - INFO - 正在按下组合键: down
2026-01-15 22:03:14,269 - INFO - 已成功按下并释放组合键: down
2026-01-15 22:03:14,770 - INFO - 正在按下组合键: down
2026-01-15 22:03:14,773 - INFO - 已成功按下并释放组合键: down
2026-01-15 22:03:15,274 - INFO - 按 Enter 复制链接...
2026-01-15 22:03:15,274 - INFO - 正在按下组合键: enter
2026-01-15 22:03:15,277 - INFO - 已成功按下并释放组合键: enter
2026-01-15 22:03:15,779 - INFO - 已复制文章链接: https://mp.weixin.qq.com/s/norFlpaY6M_YgJZn_QGIpA
2026-01-15 22:03:15,781 - INFO - 文章 1 链接已保存到: output/articles_20260115.md
2026-01-15 22:03:15,781 - INFO - 文章 1 链接采集成功
2026-01-15 22:03:15,782 - INFO - 正在查找'返回'按钮...
2026-01-15 22:03:16,039 - ERROR - 返回公众号主页失败
Traceback (most recent call last):
  File "D:\code\wechat-ai-daily\.venv\Lib\site-packages\pyautogui\__init__.py", line 172, in wrapper
    return wrappedFunction(*args, **kwargs)
  File "D:\code\wechat-ai-daily\.venv\Lib\site-packages\pyautogui\__init__.py", line 210, in locateOnScreen
    return pyscreeze.locateOnScreen(*args, **kwargs)
           ~~~~~~~~~~~~~~~~~~~~~~~~^^^^^^^^^^^^^^^^^
  File "D:\code\wechat-ai-daily\.venv\Lib\site-packages\pyscreeze\__init__.py", line 405, in locateOnScreen
    retVal = locate(image, screenshotIm, **kwargs)
  File "D:\code\wechat-ai-daily\.venv\Lib\site-packages\pyscreeze\__init__.py", line 383, in locate
    points = tuple(locateAll(needleImage, haystackImage, **kwargs))
  File "D:\code\wechat-ai-daily\.venv\Lib\site-packages\pyscreeze\__init__.py", line 257, in _locateAll_opencv
    raise ImageNotFoundException('Could not locate the image (highest confidence = %.3f)' % result.max())
pyscreeze.ImageNotFoundException: Could not locate the image (highest confidence = 0.636)

During handling of the above exception, another exception occurred:

Traceback (most recent call last):
  File "D:\code\wechat-ai-daily\src\wechat_ai_daily\workflows\wechat_autogui.py", line 351, in _go_back_to_homepage
    click_button_based_on_img(template_path, click_delay=0)  # 不需要额外延迟
    ~~~~~~~~~~~~~~~~~~~~~~~~~^^^^^^^^^^^^^^^^^^^^^^^^^^^^^^
  File "D:\code\wechat-ai-daily\src\wechat_ai_daily\utils\autogui.py", line 150, in click_button_based_on_img
    button_location = pyautogui.locateOnScreen(img_path,
                                               confidence=0.8,
                                               grayscale=True)
  File "D:\code\wechat-ai-daily\.venv\Lib\site-packages\pyautogui\__init__.py", line 174, in wrapper
    raise ImageNotFoundException  # Raise PyAutoGUI's ImageNotFoundException.
    ^^^^^^^^^^^^^^^^^^^^^^^^^^^^
pyautogui.ImageNotFoundException
2026-01-15 22:03:16,041 - ERROR - 处理文章时出错: 
2026-01-15 22:03:16,042 - INFO - 正在查找'返回'按钮...
2026-01-15 22:03:16,292 - ERROR - 返回公众号主页失败
Traceback (most recent call last):
  File "D:\code\wechat-ai-daily\.venv\Lib\site-packages\pyautogui\__init__.py", line 172, in wrapper
    return wrappedFunction(*args, **kwargs)
  File "D:\code\wechat-ai-daily\.venv\Lib\site-packages\pyautogui\__init__.py", line 210, in locateOnScreen
    return pyscreeze.locateOnScreen(*args, **kwargs)
           ~~~~~~~~~~~~~~~~~~~~~~~~^^^^^^^^^^^^^^^^^
  File "D:\code\wechat-ai-daily\.venv\Lib\site-packages\pyscreeze\__init__.py", line 405, in locateOnScreen
    retVal = locate(image, screenshotIm, **kwargs)
  File "D:\code\wechat-ai-daily\.venv\Lib\site-packages\pyscreeze\__init__.py", line 383, in locate
    points = tuple(locateAll(needleImage, haystackImage, **kwargs))
  File "D:\code\wechat-ai-daily\.venv\Lib\site-packages\pyscreeze\__init__.py", line 257, in _locateAll_opencv
    raise ImageNotFoundException('Could not locate the image (highest confidence = %.3f)' % result.max())
pyscreeze.ImageNotFoundException: Could not locate the image (highest confidence = 0.636)

During handling of the above exception, another exception occurred:

Traceback (most recent call last):
  File "D:\code\wechat-ai-daily\src\wechat_ai_daily\workflows\wechat_autogui.py", line 660, in _get_official_account_article_list
    self._go_back_to_homepage()
    ~~~~~~~~~~~~~~~~~~~~~~~~~^^
  File "D:\code\wechat-ai-daily\src\wechat_ai_daily\workflows\wechat_autogui.py", line 351, in _go_back_to_homepage
    click_button_based_on_img(template_path, click_delay=0)  # 不需要额外延迟
    ~~~~~~~~~~~~~~~~~~~~~~~~~^^^^^^^^^^^^^^^^^^^^^^^^^^^^^^
  File "D:\code\wechat-ai-daily\src\wechat_ai_daily\utils\autogui.py", line 150, in click_button_based_on_img
    button_location = pyautogui.locateOnScreen(img_path,
                                               confidence=0.8,
                                               grayscale=True)
  File "D:\code\wechat-ai-daily\.venv\Lib\site-packages\pyautogui\__init__.py", line 174, in wrapper
    raise ImageNotFoundException  # Raise PyAutoGUI's ImageNotFoundException.
    ^^^^^^^^^^^^^^^^^^^^^^^^^^^^
pyautogui.ImageNotFoundException

During handling of the above exception, another exception occurred:

Traceback (most recent call last):
  File "D:\code\wechat-ai-daily\.venv\Lib\site-packages\pyautogui\__init__.py", line 172, in wrapper
    return wrappedFunction(*args, **kwargs)
  File "D:\code\wechat-ai-daily\.venv\Lib\site-packages\pyautogui\__init__.py", line 210, in locateOnScreen
    return pyscreeze.locateOnScreen(*args, **kwargs)
           ~~~~~~~~~~~~~~~~~~~~~~~~^^^^^^^^^^^^^^^^^
  File "D:\code\wechat-ai-daily\.venv\Lib\site-packages\pyscreeze\__init__.py", line 405, in locateOnScreen
    retVal = locate(image, screenshotIm, **kwargs)
  File "D:\code\wechat-ai-daily\.venv\Lib\site-packages\pyscreeze\__init__.py", line 383, in locate
    points = tuple(locateAll(needleImage, haystackImage, **kwargs))
  File "D:\code\wechat-ai-daily\.venv\Lib\site-packages\pyscreeze\__init__.py", line 257, in _locateAll_opencv
    raise ImageNotFoundException('Could not locate the image (highest confidence = %.3f)' % result.max())
pyscreeze.ImageNotFoundException: Could not locate the image (highest confidence = 0.636)

During handling of the above exception, another exception occurred:

Traceback (most recent call last):
  File "D:\code\wechat-ai-daily\src\wechat_ai_daily\workflows\wechat_autogui.py", line 351, in _go_back_to_homepage
    click_button_based_on_img(template_path, click_delay=0)  # 不需要额外延迟
    ~~~~~~~~~~~~~~~~~~~~~~~~~^^^^^^^^^^^^^^^^^^^^^^^^^^^^^^
  File "D:\code\wechat-ai-daily\src\wechat_ai_daily\utils\autogui.py", line 150, in click_button_based_on_img
    button_location = pyautogui.locateOnScreen(img_path,
                                               confidence=0.8,
                                               grayscale=True)
  File "D:\code\wechat-ai-daily\.venv\Lib\site-packages\pyautogui\__init__.py", line 174, in wrapper
    raise ImageNotFoundException  # Raise PyAutoGUI's ImageNotFoundException.
    ^^^^^^^^^^^^^^^^^^^^^^^^^^^^
pyautogui.ImageNotFoundException
2026-01-15 22:03:16,294 - ERROR - 返回主页失败，可能需要手动干预
2026-01-15 22:03:16,301 - INFO - 
处理第 2/5 个文章位置
2026-01-15 22:03:16,301 - INFO - VLM识别位置: x=0.4180, y=0.4470, width=0.0630, height=0.0150
2026-01-15 22:03:16,301 - INFO - 最终点击位置: x=0.4180, y=0.4470
2026-01-15 22:03:16,301 - INFO - 点击进入文章...
2026-01-15 22:03:16,385 - INFO - 相对坐标: (0.4180, 0.4470) -> 物理像素: (1605, 966)
2026-01-15 22:03:16,456 - INFO - 缩放比例: (1.0, 1.0) -> 逻辑坐标: (1605, 965)
2026-01-15 22:03:17,073 - INFO - 已点击位置: (1605, 965)
2026-01-15 22:03:20,075 - INFO - 正在查找'三个点'按钮...
2026-01-15 22:03:20,337 - INFO - 图像识别结果: Box(left=np.int64(3206), top=np.int64(277), width=41, height=42)
2026-01-15 22:03:20,337 - INFO - 找到目标按钮，物理像素坐标: (3226, 298)
2026-01-15 22:03:20,408 - INFO - 屏幕缩放比例: x=1.0, y=1.0
2026-01-15 22:03:20,408 - INFO - 转换后的逻辑坐标: (3226, 298)
2026-01-15 22:03:21,023 - INFO - 已点击位置: (3226, 298)
2026-01-15 22:03:21,024 - INFO - 已点击'三个点'按钮
2026-01-15 22:03:21,024 - INFO - 等待菜单出现...
2026-01-15 22:03:24,024 - INFO - 按6次向下箭头选中'复制链接'选项...
2026-01-15 22:03:24,024 - INFO - 正在按下组合键: down
2026-01-15 22:03:24,025 - INFO - 已成功按下并释放组合键: down
2026-01-15 22:03:24,526 - INFO - 正在按下组合键: down
2026-01-15 22:03:24,527 - INFO - 已成功按下并释放组合键: down
2026-01-15 22:03:25,027 - INFO - 正在按下组合键: down
2026-01-15 22:03:25,029 - INFO - 已成功按下并释放组合键: down
2026-01-15 22:03:25,530 - INFO - 正在按下组合键: down
2026-01-15 22:03:25,532 - INFO - 已成功按下并释放组合键: down
2026-01-15 22:03:26,032 - INFO - 正在按下组合键: down
2026-01-15 22:03:26,036 - INFO - 已成功按下并释放组合键: down
2026-01-15 22:03:26,537 - INFO - 正在按下组合键: down
2026-01-15 22:03:26,541 - INFO - 已成功按下并释放组合键: down
2026-01-15 22:03:27,042 - INFO - 按 Enter 复制链接...
2026-01-15 22:03:27,042 - INFO - 正在按下组合键: enter
2026-01-15 22:03:27,047 - INFO - 已成功按下并释放组合键: enter
2026-01-15 22:03:27,548 - INFO - 已复制文章链接: https://mp.weixin.qq.com/s/norFlpaY6M_YgJZn_QGIpA
2026-01-15 22:03:27,548 - INFO - 文章链接已存在，跳过: https://mp.weixin.qq.com/s/norFlpaY6M_YgJZn_QGIpA...
2026-01-15 22:03:27,549 - INFO - 正在查找'返回'按钮...
2026-01-15 22:03:27,798 - ERROR - 返回公众号主页失败
Traceback (most recent call last):
  File "D:\code\wechat-ai-daily\.venv\Lib\site-packages\pyautogui\__init__.py", line 172, in wrapper
    return wrappedFunction(*args, **kwargs)
  File "D:\code\wechat-ai-daily\.venv\Lib\site-packages\pyautogui\__init__.py", line 210, in locateOnScreen
    return pyscreeze.locateOnScreen(*args, **kwargs)
           ~~~~~~~~~~~~~~~~~~~~~~~~^^^^^^^^^^^^^^^^^
  File "D:\code\wechat-ai-daily\.venv\Lib\site-packages\pyscreeze\__init__.py", line 405, in locateOnScreen
    retVal = locate(image, screenshotIm, **kwargs)
  File "D:\code\wechat-ai-daily\.venv\Lib\site-packages\pyscreeze\__init__.py", line 383, in locate
    points = tuple(locateAll(needleImage, haystackImage, **kwargs))
  File "D:\code\wechat-ai-daily\.venv\Lib\site-packages\pyscreeze\__init__.py", line 257, in _locateAll_opencv
    raise ImageNotFoundException('Could not locate the image (highest confidence = %.3f)' % result.max())
pyscreeze.ImageNotFoundException: Could not locate the image (highest confidence = 0.636)

During handling of the above exception, another exception occurred:

Traceback (most recent call last):
  File "D:\code\wechat-ai-daily\src\wechat_ai_daily\workflows\wechat_autogui.py", line 351, in _go_back_to_homepage
    click_button_based_on_img(template_path, click_delay=0)  # 不需要额外延迟
    ~~~~~~~~~~~~~~~~~~~~~~~~~^^^^^^^^^^^^^^^^^^^^^^^^^^^^^^
  File "D:\code\wechat-ai-daily\src\wechat_ai_daily\utils\autogui.py", line 150, in click_button_based_on_img
    button_location = pyautogui.locateOnScreen(img_path,
                                               confidence=0.8,
                                               grayscale=True)
  File "D:\code\wechat-ai-daily\.venv\Lib\site-packages\pyautogui\__init__.py", line 174, in wrapper
    raise ImageNotFoundException  # Raise PyAutoGUI's ImageNotFoundException.
    ^^^^^^^^^^^^^^^^^^^^^^^^^^^^
pyautogui.ImageNotFoundException
2026-01-15 22:03:27,799 - ERROR - 处理文章时出错: 
2026-01-15 22:03:27,799 - INFO - 正在查找'返回'按钮...
2026-01-15 22:03:28,041 - ERROR - 返回公众号主页失败
Traceback (most recent call last):
  File "D:\code\wechat-ai-daily\.venv\Lib\site-packages\pyautogui\__init__.py", line 172, in wrapper
    return wrappedFunction(*args, **kwargs)
  File "D:\code\wechat-ai-daily\.venv\Lib\site-packages\pyautogui\__init__.py", line 210, in locateOnScreen
    return pyscreeze.locateOnScreen(*args, **kwargs)
           ~~~~~~~~~~~~~~~~~~~~~~~~^^^^^^^^^^^^^^^^^
  File "D:\code\wechat-ai-daily\.venv\Lib\site-packages\pyscreeze\__init__.py", line 405, in locateOnScreen
    retVal = locate(image, screenshotIm, **kwargs)
  File "D:\code\wechat-ai-daily\.venv\Lib\site-packages\pyscreeze\__init__.py", line 383, in locate
    points = tuple(locateAll(needleImage, haystackImage, **kwargs))
  File "D:\code\wechat-ai-daily\.venv\Lib\site-packages\pyscreeze\__init__.py", line 257, in _locateAll_opencv
    raise ImageNotFoundException('Could not locate the image (highest confidence = %.3f)' % result.max())
pyscreeze.ImageNotFoundException: Could not locate the image (highest confidence = 0.636)

During handling of the above exception, another exception occurred:

Traceback (most recent call last):
  File "D:\code\wechat-ai-daily\src\wechat_ai_daily\workflows\wechat_autogui.py", line 660, in _get_official_account_article_list
    self._go_back_to_homepage()
    ~~~~~~~~~~~~~~~~~~~~~~~~~^^
  File "D:\code\wechat-ai-daily\src\wechat_ai_daily\workflows\wechat_autogui.py", line 351, in _go_back_to_homepage
    click_button_based_on_img(template_path, click_delay=0)  # 不需要额外延迟
    ~~~~~~~~~~~~~~~~~~~~~~~~~^^^^^^^^^^^^^^^^^^^^^^^^^^^^^^
  File "D:\code\wechat-ai-daily\src\wechat_ai_daily\utils\autogui.py", line 150, in click_button_based_on_img
    button_location = pyautogui.locateOnScreen(img_path,
                                               confidence=0.8,
                                               grayscale=True)
  File "D:\code\wechat-ai-daily\.venv\Lib\site-packages\pyautogui\__init__.py", line 174, in wrapper
    raise ImageNotFoundException  # Raise PyAutoGUI's ImageNotFoundException.
    ^^^^^^^^^^^^^^^^^^^^^^^^^^^^
pyautogui.ImageNotFoundException

During handling of the above exception, another exception occurred:

Traceback (most recent call last):
  File "D:\code\wechat-ai-daily\.venv\Lib\site-packages\pyautogui\__init__.py", line 172, in wrapper
    return wrappedFunction(*args, **kwargs)
  File "D:\code\wechat-ai-daily\.venv\Lib\site-packages\pyautogui\__init__.py", line 210, in locateOnScreen
    return pyscreeze.locateOnScreen(*args, **kwargs)
           ~~~~~~~~~~~~~~~~~~~~~~~~^^^^^^^^^^^^^^^^^
  File "D:\code\wechat-ai-daily\.venv\Lib\site-packages\pyscreeze\__init__.py", line 405, in locateOnScreen
    retVal = locate(image, screenshotIm, **kwargs)
  File "D:\code\wechat-ai-daily\.venv\Lib\site-packages\pyscreeze\__init__.py", line 383, in locate
    points = tuple(locateAll(needleImage, haystackImage, **kwargs))
  File "D:\code\wechat-ai-daily\.venv\Lib\site-packages\pyscreeze\__init__.py", line 257, in _locateAll_opencv
    raise ImageNotFoundException('Could not locate the image (highest confidence = %.3f)' % result.max())
pyscreeze.ImageNotFoundException: Could not locate the image (highest confidence = 0.636)

During handling of the above exception, another exception occurred:

Traceback (most recent call last):
  File "D:\code\wechat-ai-daily\src\wechat_ai_daily\workflows\wechat_autogui.py", line 351, in _go_back_to_homepage
    click_button_based_on_img(template_path, click_delay=0)  # 不需要额外延迟
    ~~~~~~~~~~~~~~~~~~~~~~~~~^^^^^^^^^^^^^^^^^^^^^^^^^^^^^^
  File "D:\code\wechat-ai-daily\src\wechat_ai_daily\utils\autogui.py", line 150, in click_button_based_on_img
    button_location = pyautogui.locateOnScreen(img_path,
                                               confidence=0.8,
                                               grayscale=True)
  File "D:\code\wechat-ai-daily\.venv\Lib\site-packages\pyautogui\__init__.py", line 174, in wrapper
    raise ImageNotFoundException  # Raise PyAutoGUI's ImageNotFoundException.
    ^^^^^^^^^^^^^^^^^^^^^^^^^^^^
pyautogui.ImageNotFoundException
2026-01-15 22:03:28,042 - ERROR - 返回主页失败，可能需要手动干预
2026-01-15 22:03:28,049 - INFO - 
处理第 3/5 个文章位置
2026-01-15 22:03:28,049 - INFO - VLM识别位置: x=0.4180, y=0.5210, width=0.0630, height=0.0150
2026-01-15 22:03:28,049 - INFO - 最终点击位置: x=0.4180, y=0.5210
2026-01-15 22:03:28,049 - INFO - 点击进入文章...
2026-01-15 22:03:28,124 - INFO - 相对坐标: (0.4180, 0.5210) -> 物理像素: (1605, 1125)
2026-01-15 22:03:28,207 - INFO - 缩放比例: (1.0, 1.0) -> 逻辑坐标: (1605, 1125)
2026-01-15 22:03:28,823 - INFO - 已点击位置: (1605, 1125)
2026-01-15 22:03:31,826 - INFO - 正在查找'三个点'按钮...
2026-01-15 22:03:32,077 - ERROR - 复制文章链接失败
Traceback (most recent call last):
  File "D:\code\wechat-ai-daily\.venv\Lib\site-packages\pyautogui\__init__.py", line 172, in wrapper
    return wrappedFunction(*args, **kwargs)
  File "D:\code\wechat-ai-daily\.venv\Lib\site-packages\pyautogui\__init__.py", line 210, in locateOnScreen
    return pyscreeze.locateOnScreen(*args, **kwargs)
           ~~~~~~~~~~~~~~~~~~~~~~~~^^^^^^^^^^^^^^^^^
  File "D:\code\wechat-ai-daily\.venv\Lib\site-packages\pyscreeze\__init__.py", line 405, in locateOnScreen
    retVal = locate(image, screenshotIm, **kwargs)
  File "D:\code\wechat-ai-daily\.venv\Lib\site-packages\pyscreeze\__init__.py", line 383, in locate
    points = tuple(locateAll(needleImage, haystackImage, **kwargs))
  File "D:\code\wechat-ai-daily\.venv\Lib\site-packages\pyscreeze\__init__.py", line 257, in _locateAll_opencv
    raise ImageNotFoundException('Could not locate the image (highest confidence = %.3f)' % result.max())
pyscreeze.ImageNotFoundException: Could not locate the image (highest confidence = 0.542)

During handling of the above exception, another exception occurred:

Traceback (most recent call last):
  File "D:\code\wechat-ai-daily\src\wechat_ai_daily\workflows\wechat_autogui.py", line 303, in _copy_article_link
    click_button_based_on_img(template_path, self.CLICK_DELAY)
    ~~~~~~~~~~~~~~~~~~~~~~~~~^^^^^^^^^^^^^^^^^^^^^^^^^^^^^^^^^
  File "D:\code\wechat-ai-daily\src\wechat_ai_daily\utils\autogui.py", line 150, in click_button_based_on_img
    button_location = pyautogui.locateOnScreen(img_path,
                                               confidence=0.8,
                                               grayscale=True)
  File "D:\code\wechat-ai-daily\.venv\Lib\site-packages\pyautogui\__init__.py", line 174, in wrapper
    raise ImageNotFoundException  # Raise PyAutoGUI's ImageNotFoundException.
    ^^^^^^^^^^^^^^^^^^^^^^^^^^^^
pyautogui.ImageNotFoundException
2026-01-15 22:03:32,077 - ERROR - 处理文章时出错: 
2026-01-15 22:03:32,078 - INFO - 正在查找'返回'按钮...
2026-01-15 22:03:32,323 - ERROR - 返回公众号主页失败
Traceback (most recent call last):
  File "D:\code\wechat-ai-daily\.venv\Lib\site-packages\pyautogui\__init__.py", line 172, in wrapper
    return wrappedFunction(*args, **kwargs)
  File "D:\code\wechat-ai-daily\.venv\Lib\site-packages\pyautogui\__init__.py", line 210, in locateOnScreen
    return pyscreeze.locateOnScreen(*args, **kwargs)
           ~~~~~~~~~~~~~~~~~~~~~~~~^^^^^^^^^^^^^^^^^
  File "D:\code\wechat-ai-daily\.venv\Lib\site-packages\pyscreeze\__init__.py", line 405, in locateOnScreen
    retVal = locate(image, screenshotIm, **kwargs)
  File "D:\code\wechat-ai-daily\.venv\Lib\site-packages\pyscreeze\__init__.py", line 383, in locate
    points = tuple(locateAll(needleImage, haystackImage, **kwargs))
  File "D:\code\wechat-ai-daily\.venv\Lib\site-packages\pyscreeze\__init__.py", line 257, in _locateAll_opencv
    raise ImageNotFoundException('Could not locate the image (highest confidence = %.3f)' % result.max())
pyscreeze.ImageNotFoundException: Could not locate the image (highest confidence = 0.542)

During handling of the above exception, another exception occurred:

Traceback (most recent call last):
  File "D:\code\wechat-ai-daily\src\wechat_ai_daily\workflows\wechat_autogui.py", line 639, in _get_official_account_article_list
    link = self._copy_article_link()
  File "D:\code\wechat-ai-daily\src\wechat_ai_daily\workflows\wechat_autogui.py", line 303, in _copy_article_link
    click_button_based_on_img(template_path, self.CLICK_DELAY)
    ~~~~~~~~~~~~~~~~~~~~~~~~~^^^^^^^^^^^^^^^^^^^^^^^^^^^^^^^^^
  File "D:\code\wechat-ai-daily\src\wechat_ai_daily\utils\autogui.py", line 150, in click_button_based_on_img
    button_location = pyautogui.locateOnScreen(img_path,
                                               confidence=0.8,
                                               grayscale=True)
  File "D:\code\wechat-ai-daily\.venv\Lib\site-packages\pyautogui\__init__.py", line 174, in wrapper
    raise ImageNotFoundException  # Raise PyAutoGUI's ImageNotFoundException.
    ^^^^^^^^^^^^^^^^^^^^^^^^^^^^
pyautogui.ImageNotFoundException

During handling of the above exception, another exception occurred:

Traceback (most recent call last):
  File "D:\code\wechat-ai-daily\.venv\Lib\site-packages\pyautogui\__init__.py", line 172, in wrapper
    return wrappedFunction(*args, **kwargs)
  File "D:\code\wechat-ai-daily\.venv\Lib\site-packages\pyautogui\__init__.py", line 210, in locateOnScreen
    return pyscreeze.locateOnScreen(*args, **kwargs)
           ~~~~~~~~~~~~~~~~~~~~~~~~^^^^^^^^^^^^^^^^^
  File "D:\code\wechat-ai-daily\.venv\Lib\site-packages\pyscreeze\__init__.py", line 405, in locateOnScreen
    retVal = locate(image, screenshotIm, **kwargs)
  File "D:\code\wechat-ai-daily\.venv\Lib\site-packages\pyscreeze\__init__.py", line 383, in locate
    points = tuple(locateAll(needleImage, haystackImage, **kwargs))
  File "D:\code\wechat-ai-daily\.venv\Lib\site-packages\pyscreeze\__init__.py", line 257, in _locateAll_opencv
    raise ImageNotFoundException('Could not locate the image (highest confidence = %.3f)' % result.max())
pyscreeze.ImageNotFoundException: Could not locate the image (highest confidence = 0.521)

During handling of the above exception, another exception occurred:

Traceback (most recent call last):
  File "D:\code\wechat-ai-daily\src\wechat_ai_daily\workflows\wechat_autogui.py", line 351, in _go_back_to_homepage
    click_button_based_on_img(template_path, click_delay=0)  # 不需要额外延迟
    ~~~~~~~~~~~~~~~~~~~~~~~~~^^^^^^^^^^^^^^^^^^^^^^^^^^^^^^
  File "D:\code\wechat-ai-daily\src\wechat_ai_daily\utils\autogui.py", line 150, in click_button_based_on_img
    button_location = pyautogui.locateOnScreen(img_path,
                                               confidence=0.8,
                                               grayscale=True)
  File "D:\code\wechat-ai-daily\.venv\Lib\site-packages\pyautogui\__init__.py", line 174, in wrapper
    raise ImageNotFoundException  # Raise PyAutoGUI's ImageNotFoundException.
    ^^^^^^^^^^^^^^^^^^^^^^^^^^^^
pyautogui.ImageNotFoundException
2026-01-15 22:03:32,325 - ERROR - 返回主页失败，可能需要手动干预
2026-01-15 22:03:32,332 - INFO - 
处理第 4/5 个文章位置
2026-01-15 22:03:32,332 - INFO - VLM识别位置: x=0.4180, y=0.5950, width=0.0630, height=0.0150
2026-01-15 22:03:32,332 - INFO - 最终点击位置: x=0.4180, y=0.5950
2026-01-15 22:03:32,332 - INFO - 点击进入文章...
2026-01-15 22:03:32,408 - INFO - 相对坐标: (0.4180, 0.5950) -> 物理像素: (1605, 1285)
2026-01-15 22:03:32,493 - INFO - 缩放比例: (1.0, 1.0) -> 逻辑坐标: (1605, 1285)
2026-01-15 22:03:33,108 - INFO - 已点击位置: (1605, 1285)
2026-01-15 22:03:36,111 - INFO - 正在查找'三个点'按钮...
2026-01-15 22:03:36,358 - INFO - 图像识别结果: Box(left=np.int64(3206), top=np.int64(277), width=41, height=42)
2026-01-15 22:03:36,358 - INFO - 找到目标按钮，物理像素坐标: (3226, 298)
2026-01-15 22:03:36,444 - INFO - 屏幕缩放比例: x=1.0, y=1.0
2026-01-15 22:03:36,445 - INFO - 转换后的逻辑坐标: (3226, 298)
2026-01-15 22:03:37,056 - INFO - 已点击位置: (3226, 298)
2026-01-15 22:03:37,057 - INFO - 已点击'三个点'按钮
2026-01-15 22:03:37,057 - INFO - 等待菜单出现...
2026-01-15 22:03:40,058 - INFO - 按6次向下箭头选中'复制链接'选项...
2026-01-15 22:03:40,058 - INFO - 正在按下组合键: down
2026-01-15 22:03:40,061 - INFO - 已成功按下并释放组合键: down
2026-01-15 22:03:40,562 - INFO - 正在按下组合键: down
2026-01-15 22:03:40,565 - INFO - 已成功按下并释放组合键: down
2026-01-15 22:03:41,066 - INFO - 正在按下组合键: down
2026-01-15 22:03:41,070 - INFO - 已成功按下并释放组合键: down
2026-01-15 22:03:41,571 - INFO - 正在按下组合键: down
2026-01-15 22:03:41,574 - INFO - 已成功按下并释放组合键: down
2026-01-15 22:03:42,074 - INFO - 正在按下组合键: down
2026-01-15 22:03:42,078 - INFO - 已成功按下并释放组合键: down
2026-01-15 22:03:42,579 - INFO - 正在按下组合键: down
2026-01-15 22:03:42,581 - INFO - 已成功按下并释放组合键: down
2026-01-15 22:03:43,082 - INFO - 按 Enter 复制链接...
2026-01-15 22:03:43,082 - INFO - 正在按下组合键: enter
2026-01-15 22:03:43,084 - INFO - 已成功按下并释放组合键: enter
2026-01-15 22:03:43,585 - INFO - 已复制文章链接: https://mp.weixin.qq.com/s/norFlpaY6M_YgJZn_QGIpA
2026-01-15 22:03:43,585 - INFO - 文章链接已存在，跳过: https://mp.weixin.qq.com/s/norFlpaY6M_YgJZn_QGIpA...
2026-01-15 22:03:43,586 - INFO - 正在查找'返回'按钮...
2026-01-15 22:03:43,833 - ERROR - 返回公众号主页失败
Traceback (most recent call last):
  File "D:\code\wechat-ai-daily\.venv\Lib\site-packages\pyautogui\__init__.py", line 172, in wrapper
    return wrappedFunction(*args, **kwargs)
  File "D:\code\wechat-ai-daily\.venv\Lib\site-packages\pyautogui\__init__.py", line 210, in locateOnScreen
    return pyscreeze.locateOnScreen(*args, **kwargs)
           ~~~~~~~~~~~~~~~~~~~~~~~~^^^^^^^^^^^^^^^^^
  File "D:\code\wechat-ai-daily\.venv\Lib\site-packages\pyscreeze\__init__.py", line 405, in locateOnScreen
    retVal = locate(image, screenshotIm, **kwargs)
  File "D:\code\wechat-ai-daily\.venv\Lib\site-packages\pyscreeze\__init__.py", line 383, in locate
    points = tuple(locateAll(needleImage, haystackImage, **kwargs))
  File "D:\code\wechat-ai-daily\.venv\Lib\site-packages\pyscreeze\__init__.py", line 257, in _locateAll_opencv
    raise ImageNotFoundException('Could not locate the image (highest confidence = %.3f)' % result.max())
pyscreeze.ImageNotFoundException: Could not locate the image (highest confidence = 0.636)

During handling of the above exception, another exception occurred:

Traceback (most recent call last):
  File "D:\code\wechat-ai-daily\src\wechat_ai_daily\workflows\wechat_autogui.py", line 351, in _go_back_to_homepage
    click_button_based_on_img(template_path, click_delay=0)  # 不需要额外延迟
    ~~~~~~~~~~~~~~~~~~~~~~~~~^^^^^^^^^^^^^^^^^^^^^^^^^^^^^^
  File "D:\code\wechat-ai-daily\src\wechat_ai_daily\utils\autogui.py", line 150, in click_button_based_on_img
    button_location = pyautogui.locateOnScreen(img_path,
                                               confidence=0.8,
                                               grayscale=True)
  File "D:\code\wechat-ai-daily\.venv\Lib\site-packages\pyautogui\__init__.py", line 174, in wrapper
    raise ImageNotFoundException  # Raise PyAutoGUI's ImageNotFoundException.
    ^^^^^^^^^^^^^^^^^^^^^^^^^^^^
pyautogui.ImageNotFoundException
2026-01-15 22:03:43,834 - ERROR - 处理文章时出错: 
2026-01-15 22:03:43,834 - INFO - 正在查找'返回'按钮...
2026-01-15 22:03:44,075 - ERROR - 返回公众号主页失败
Traceback (most recent call last):
  File "D:\code\wechat-ai-daily\.venv\Lib\site-packages\pyautogui\__init__.py", line 172, in wrapper
    return wrappedFunction(*args, **kwargs)
  File "D:\code\wechat-ai-daily\.venv\Lib\site-packages\pyautogui\__init__.py", line 210, in locateOnScreen
    return pyscreeze.locateOnScreen(*args, **kwargs)
           ~~~~~~~~~~~~~~~~~~~~~~~~^^^^^^^^^^^^^^^^^
  File "D:\code\wechat-ai-daily\.venv\Lib\site-packages\pyscreeze\__init__.py", line 405, in locateOnScreen
    retVal = locate(image, screenshotIm, **kwargs)
  File "D:\code\wechat-ai-daily\.venv\Lib\site-packages\pyscreeze\__init__.py", line 383, in locate
    points = tuple(locateAll(needleImage, haystackImage, **kwargs))
  File "D:\code\wechat-ai-daily\.venv\Lib\site-packages\pyscreeze\__init__.py", line 257, in _locateAll_opencv
    raise ImageNotFoundException('Could not locate the image (highest confidence = %.3f)' % result.max())
pyscreeze.ImageNotFoundException: Could not locate the image (highest confidence = 0.636)

During handling of the above exception, another exception occurred:

Traceback (most recent call last):
  File "D:\code\wechat-ai-daily\src\wechat_ai_daily\workflows\wechat_autogui.py", line 660, in _get_official_account_article_list
    self._go_back_to_homepage()
    ~~~~~~~~~~~~~~~~~~~~~~~~~^^
  File "D:\code\wechat-ai-daily\src\wechat_ai_daily\workflows\wechat_autogui.py", line 351, in _go_back_to_homepage
    click_button_based_on_img(template_path, click_delay=0)  # 不需要额外延迟
    ~~~~~~~~~~~~~~~~~~~~~~~~~^^^^^^^^^^^^^^^^^^^^^^^^^^^^^^
  File "D:\code\wechat-ai-daily\src\wechat_ai_daily\utils\autogui.py", line 150, in click_button_based_on_img
    button_location = pyautogui.locateOnScreen(img_path,
                                               confidence=0.8,
                                               grayscale=True)
  File "D:\code\wechat-ai-daily\.venv\Lib\site-packages\pyautogui\__init__.py", line 174, in wrapper
    raise ImageNotFoundException  # Raise PyAutoGUI's ImageNotFoundException.
    ^^^^^^^^^^^^^^^^^^^^^^^^^^^^
pyautogui.ImageNotFoundException

During handling of the above exception, another exception occurred:

Traceback (most recent call last):
  File "D:\code\wechat-ai-daily\.venv\Lib\site-packages\pyautogui\__init__.py", line 172, in wrapper
    return wrappedFunction(*args, **kwargs)
  File "D:\code\wechat-ai-daily\.venv\Lib\site-packages\pyautogui\__init__.py", line 210, in locateOnScreen
    return pyscreeze.locateOnScreen(*args, **kwargs)
           ~~~~~~~~~~~~~~~~~~~~~~~~^^^^^^^^^^^^^^^^^
  File "D:\code\wechat-ai-daily\.venv\Lib\site-packages\pyscreeze\__init__.py", line 405, in locateOnScreen
    retVal = locate(image, screenshotIm, **kwargs)
  File "D:\code\wechat-ai-daily\.venv\Lib\site-packages\pyscreeze\__init__.py", line 383, in locate
    points = tuple(locateAll(needleImage, haystackImage, **kwargs))
  File "D:\code\wechat-ai-daily\.venv\Lib\site-packages\pyscreeze\__init__.py", line 257, in _locateAll_opencv
    raise ImageNotFoundException('Could not locate the image (highest confidence = %.3f)' % result.max())
pyscreeze.ImageNotFoundException: Could not locate the image (highest confidence = 0.636)

During handling of the above exception, another exception occurred:

Traceback (most recent call last):
  File "D:\code\wechat-ai-daily\src\wechat_ai_daily\workflows\wechat_autogui.py", line 351, in _go_back_to_homepage
    click_button_based_on_img(template_path, click_delay=0)  # 不需要额外延迟
    ~~~~~~~~~~~~~~~~~~~~~~~~~^^^^^^^^^^^^^^^^^^^^^^^^^^^^^^
  File "D:\code\wechat-ai-daily\src\wechat_ai_daily\utils\autogui.py", line 150, in click_button_based_on_img
    button_location = pyautogui.locateOnScreen(img_path,
                                               confidence=0.8,
                                               grayscale=True)
  File "D:\code\wechat-ai-daily\.venv\Lib\site-packages\pyautogui\__init__.py", line 174, in wrapper
    raise ImageNotFoundException  # Raise PyAutoGUI's ImageNotFoundException.
    ^^^^^^^^^^^^^^^^^^^^^^^^^^^^
pyautogui.ImageNotFoundException
2026-01-15 22:03:44,076 - ERROR - 返回主页失败，可能需要手动干预
2026-01-15 22:03:44,083 - INFO - 
处理第 5/5 个文章位置
2026-01-15 22:03:44,083 - INFO - VLM识别位置: x=0.4180, y=0.6690, width=0.0630, height=0.0150
2026-01-15 22:03:44,083 - INFO - 最终点击位置: x=0.4180, y=0.6690
2026-01-15 22:03:44,083 - INFO - 点击进入文章...
2026-01-15 22:03:44,158 - INFO - 相对坐标: (0.4180, 0.6690) -> 物理像素: (1605, 1445)
2026-01-15 22:03:44,242 - INFO - 缩放比例: (1.0, 1.0) -> 逻辑坐标: (1605, 1445)
2026-01-15 22:03:44,874 - INFO - 已点击位置: (1605, 1445)
2026-01-15 22:03:47,878 - INFO - 正在查找'三个点'按钮...
2026-01-15 22:03:48,127 - INFO - 图像识别结果: Box(left=np.int64(3206), top=np.int64(277), width=41, height=42)
2026-01-15 22:03:48,127 - INFO - 找到目标按钮，物理像素坐标: (3226, 298)
2026-01-15 22:03:48,211 - INFO - 屏幕缩放比例: x=1.0, y=1.0
2026-01-15 22:03:48,212 - INFO - 转换后的逻辑坐标: (3226, 298)
2026-01-15 22:03:48,823 - INFO - 已点击位置: (3226, 298)
2026-01-15 22:03:48,823 - INFO - 已点击'三个点'按钮
2026-01-15 22:03:48,824 - INFO - 等待菜单出现...
2026-01-15 22:03:51,824 - INFO - 按6次向下箭头选中'复制链接'选项...
2026-01-15 22:03:51,825 - INFO - 正在按下组合键: down
2026-01-15 22:03:51,827 - INFO - 已成功按下并释放组合键: down
2026-01-15 22:03:52,328 - INFO - 正在按下组合键: down
2026-01-15 22:03:52,331 - INFO - 已成功按下并释放组合键: down
2026-01-15 22:03:52,832 - INFO - 正在按下组合键: down
2026-01-15 22:03:52,834 - INFO - 已成功按下并释放组合键: down
2026-01-15 22:03:53,334 - INFO - 正在按下组合键: down
2026-01-15 22:03:53,337 - INFO - 已成功按下并释放组合键: down
2026-01-15 22:03:53,838 - INFO - 正在按下组合键: down
2026-01-15 22:03:53,839 - INFO - 已成功按下并释放组合键: down
2026-01-15 22:03:54,340 - INFO - 正在按下组合键: down
2026-01-15 22:03:54,342 - INFO - 已成功按下并释放组合键: down
2026-01-15 22:03:54,843 - INFO - 按 Enter 复制链接...
2026-01-15 22:03:54,845 - INFO - 正在按下组合键: enter
2026-01-15 22:03:54,850 - INFO - 已成功按下并释放组合键: enter
2026-01-15 22:03:55,351 - INFO - 已复制文章链接: https://mp.weixin.qq.com/s/norFlpaY6M_YgJZn_QGIpA
2026-01-15 22:03:55,351 - INFO - 文章链接已存在，跳过: https://mp.weixin.qq.com/s/norFlpaY6M_YgJZn_QGIpA...
2026-01-15 22:03:55,352 - INFO - 正在查找'返回'按钮...
2026-01-15 22:03:55,601 - ERROR - 返回公众号主页失败
Traceback (most recent call last):
  File "D:\code\wechat-ai-daily\.venv\Lib\site-packages\pyautogui\__init__.py", line 172, in wrapper
    return wrappedFunction(*args, **kwargs)
  File "D:\code\wechat-ai-daily\.venv\Lib\site-packages\pyautogui\__init__.py", line 210, in locateOnScreen
    return pyscreeze.locateOnScreen(*args, **kwargs)
           ~~~~~~~~~~~~~~~~~~~~~~~~^^^^^^^^^^^^^^^^^
  File "D:\code\wechat-ai-daily\.venv\Lib\site-packages\pyscreeze\__init__.py", line 405, in locateOnScreen
    retVal = locate(image, screenshotIm, **kwargs)
  File "D:\code\wechat-ai-daily\.venv\Lib\site-packages\pyscreeze\__init__.py", line 383, in locate
    points = tuple(locateAll(needleImage, haystackImage, **kwargs))
  File "D:\code\wechat-ai-daily\.venv\Lib\site-packages\pyscreeze\__init__.py", line 257, in _locateAll_opencv
    raise ImageNotFoundException('Could not locate the image (highest confidence = %.3f)' % result.max())
pyscreeze.ImageNotFoundException: Could not locate the image (highest confidence = 0.636)

During handling of the above exception, another exception occurred:

Traceback (most recent call last):
  File "D:\code\wechat-ai-daily\src\wechat_ai_daily\workflows\wechat_autogui.py", line 351, in _go_back_to_homepage
    click_button_based_on_img(template_path, click_delay=0)  # 不需要额外延迟
    ~~~~~~~~~~~~~~~~~~~~~~~~~^^^^^^^^^^^^^^^^^^^^^^^^^^^^^^
  File "D:\code\wechat-ai-daily\src\wechat_ai_daily\utils\autogui.py", line 150, in click_button_based_on_img
    button_location = pyautogui.locateOnScreen(img_path,
                                               confidence=0.8,
                                               grayscale=True)
  File "D:\code\wechat-ai-daily\.venv\Lib\site-packages\pyautogui\__init__.py", line 174, in wrapper
    raise ImageNotFoundException  # Raise PyAutoGUI's ImageNotFoundException.
    ^^^^^^^^^^^^^^^^^^^^^^^^^^^^
pyautogui.ImageNotFoundException
2026-01-15 22:03:55,602 - ERROR - 处理文章时出错: 
2026-01-15 22:03:55,602 - INFO - 正在查找'返回'按钮...
2026-01-15 22:03:55,846 - ERROR - 返回公众号主页失败
Traceback (most recent call last):
  File "D:\code\wechat-ai-daily\.venv\Lib\site-packages\pyautogui\__init__.py", line 172, in wrapper
    return wrappedFunction(*args, **kwargs)
  File "D:\code\wechat-ai-daily\.venv\Lib\site-packages\pyautogui\__init__.py", line 210, in locateOnScreen
    return pyscreeze.locateOnScreen(*args, **kwargs)
           ~~~~~~~~~~~~~~~~~~~~~~~~^^^^^^^^^^^^^^^^^
  File "D:\code\wechat-ai-daily\.venv\Lib\site-packages\pyscreeze\__init__.py", line 405, in locateOnScreen
    retVal = locate(image, screenshotIm, **kwargs)
  File "D:\code\wechat-ai-daily\.venv\Lib\site-packages\pyscreeze\__init__.py", line 383, in locate
    points = tuple(locateAll(needleImage, haystackImage, **kwargs))
  File "D:\code\wechat-ai-daily\.venv\Lib\site-packages\pyscreeze\__init__.py", line 257, in _locateAll_opencv
    raise ImageNotFoundException('Could not locate the image (highest confidence = %.3f)' % result.max())
pyscreeze.ImageNotFoundException: Could not locate the image (highest confidence = 0.636)

During handling of the above exception, another exception occurred:

Traceback (most recent call last):
  File "D:\code\wechat-ai-daily\src\wechat_ai_daily\workflows\wechat_autogui.py", line 660, in _get_official_account_article_list
    self._go_back_to_homepage()
    ~~~~~~~~~~~~~~~~~~~~~~~~~^^
  File "D:\code\wechat-ai-daily\src\wechat_ai_daily\workflows\wechat_autogui.py", line 351, in _go_back_to_homepage
    click_button_based_on_img(template_path, click_delay=0)  # 不需要额外延迟
    ~~~~~~~~~~~~~~~~~~~~~~~~~^^^^^^^^^^^^^^^^^^^^^^^^^^^^^^
  File "D:\code\wechat-ai-daily\src\wechat_ai_daily\utils\autogui.py", line 150, in click_button_based_on_img
    button_location = pyautogui.locateOnScreen(img_path,
                                               confidence=0.8,
                                               grayscale=True)
  File "D:\code\wechat-ai-daily\.venv\Lib\site-packages\pyautogui\__init__.py", line 174, in wrapper
    raise ImageNotFoundException  # Raise PyAutoGUI's ImageNotFoundException.
    ^^^^^^^^^^^^^^^^^^^^^^^^^^^^
pyautogui.ImageNotFoundException

During handling of the above exception, another exception occurred:

Traceback (most recent call last):
  File "D:\code\wechat-ai-daily\.venv\Lib\site-packages\pyautogui\__init__.py", line 172, in wrapper
    return wrappedFunction(*args, **kwargs)
  File "D:\code\wechat-ai-daily\.venv\Lib\site-packages\pyautogui\__init__.py", line 210, in locateOnScreen
    return pyscreeze.locateOnScreen(*args, **kwargs)
           ~~~~~~~~~~~~~~~~~~~~~~~~^^^^^^^^^^^^^^^^^
  File "D:\code\wechat-ai-daily\.venv\Lib\site-packages\pyscreeze\__init__.py", line 405, in locateOnScreen
    retVal = locate(image, screenshotIm, **kwargs)
  File "D:\code\wechat-ai-daily\.venv\Lib\site-packages\pyscreeze\__init__.py", line 383, in locate
    points = tuple(locateAll(needleImage, haystackImage, **kwargs))
  File "D:\code\wechat-ai-daily\.venv\Lib\site-packages\pyscreeze\__init__.py", line 257, in _locateAll_opencv
    raise ImageNotFoundException('Could not locate the image (highest confidence = %.3f)' % result.max())
pyscreeze.ImageNotFoundException: Could not locate the image (highest confidence = 0.636)

During handling of the above exception, another exception occurred:

Traceback (most recent call last):
  File "D:\code\wechat-ai-daily\src\wechat_ai_daily\workflows\wechat_autogui.py", line 351, in _go_back_to_homepage
    click_button_based_on_img(template_path, click_delay=0)  # 不需要额外延迟
    ~~~~~~~~~~~~~~~~~~~~~~~~~^^^^^^^^^^^^^^^^^^^^^^^^^^^^^^
  File "D:\code\wechat-ai-daily\src\wechat_ai_daily\utils\autogui.py", line 150, in click_button_based_on_img
    button_location = pyautogui.locateOnScreen(img_path,
                                               confidence=0.8,
                                               grayscale=True)
  File "D:\code\wechat-ai-daily\.venv\Lib\site-packages\pyautogui\__init__.py", line 174, in wrapper
    raise ImageNotFoundException  # Raise PyAutoGUI's ImageNotFoundException.
    ^^^^^^^^^^^^^^^^^^^^^^^^^^^^
pyautogui.ImageNotFoundException
2026-01-15 22:03:55,847 - ERROR - 返回主页失败，可能需要手动干预
2026-01-15 22:03:56,044 - INFO - 截图已保存到: temp/screenshot.png
2026-01-15 22:03:56,045 - INFO - 检查是否存在更早日期: 2026年1月14日, 2026年1月13日, 2026年1月12日
2026-01-15 22:03:56,052 - INFO - 正在尝试 VLM 文本定位（第 1/3 次）...
2026-01-15 22:06:18,034 - INFO - ============================================================
2026-01-15 22:06:18,035 - INFO - 开始执行公众号文章采集工作流
2026-01-15 22:06:18,035 - INFO - ============================================================
2026-01-15 22:06:18,035 - INFO - 
[步骤1] 打开/激活微信应用...
2026-01-15 22:06:18,136 - INFO - 微信已在运行，正在激活窗口...
2026-01-15 22:06:18,143 - INFO - 找到微信窗口: 微信 (进程: weixin.exe)
2026-01-15 22:06:18,345 - INFO - 微信窗口已激活到前台
2026-01-15 22:06:19,346 - INFO - 微信应用已就绪
2026-01-15 22:06:19,346 - INFO - 
[步骤2] 从配置文件构建公众号URL列表...
2026-01-15 22:06:19,348 - INFO - 正在访问页面: https://mp.weixin.qq.com/s/ZrBDFuugPyuoQp4S6wEBWQ
2026-01-15 22:06:20,241 - INFO - 成功获取页面内容，长度: 2793198 字符
2026-01-15 22:06:20,241 - INFO - 成功提取 biz: MzA3MzI4MjgzMw==
2026-01-15 22:06:20,242 - INFO - 从URL https://mp.weixin.qq.com/s/ZrBDFuugPyuoQp4S6wEBWQ 提取到biz: MzA3MzI4MjgzMw==
2026-01-15 22:06:20,242 - INFO - 正在访问页面: https://mp.weixin.qq.com/s/2Bs7ldBM-DKTjjyAcMvopA
2026-01-15 22:06:21,039 - INFO - 成功获取页面内容，长度: 2707956 字符
2026-01-15 22:06:21,039 - INFO - 成功提取 biz: MzIzNjc1NzUzMw==
2026-01-15 22:06:21,040 - INFO - 从URL https://mp.weixin.qq.com/s/2Bs7ldBM-DKTjjyAcMvopA 提取到biz: MzIzNjc1NzUzMw==
2026-01-15 22:06:21,040 - INFO - 成功构建 2 个公众号URL
2026-01-15 22:06:21,040 - INFO -   公众号 1: https://mp.weixin.qq.com/mp/profile_ext?action=home&__biz=MzIzNjc1NzUzMw==#wecha...
2026-01-15 22:06:21,040 - INFO -   公众号 2: https://mp.weixin.qq.com/mp/profile_ext?action=home&__biz=MzA3MzI4MjgzMw==#wecha...
2026-01-15 22:06:21,040 - INFO - 
[步骤3] 开始遍历公众号列表，依次采集文章...
2026-01-15 22:06:21,041 - INFO - 输出文件已初始化: output/articles_20260115.md
2026-01-15 22:06:21,041 - INFO - 已创建统一输出文件: output/articles_20260115.md
2026-01-15 22:06:21,041 - INFO - 
============================================================
2026-01-15 22:06:21,041 - INFO - 正在处理第 1/2 个公众号
2026-01-15 22:06:21,041 - INFO - URL: https://mp.weixin.qq.com/mp/profile_ext?action=home&__biz=MzIzNjc1NzUzMw==#wecha...
2026-01-15 22:06:21,041 - INFO - ============================================================
2026-01-15 22:06:21,041 - INFO - 
[步骤3.1.1] 打开微信搜索功能...
2026-01-15 22:06:21,041 - INFO - 正在打开微信搜索...
2026-01-15 22:06:21,042 - INFO - 正在按下组合键: ctrl + f
2026-01-15 22:06:21,043 - INFO - 已成功按下并释放组合键: ctrl + f
2026-01-15 22:06:21,043 - INFO - 已发送 ctrl+f 快捷键
2026-01-15 22:06:21,043 - INFO - 等待搜索框出现...
2026-01-15 22:06:24,044 - INFO - 按向下键选中'搜索网络结果'选项...
2026-01-15 22:06:24,044 - INFO - 正在按下组合键: down
2026-01-15 22:06:24,045 - INFO - 已成功按下并释放组合键: down
2026-01-15 22:06:24,045 - INFO - 已选中'搜索网络结果'选项
2026-01-15 22:06:24,546 - INFO - 按 Enter 键确认...
2026-01-15 22:06:24,546 - INFO - 正在按下组合键: enter
2026-01-15 22:06:24,549 - INFO - 已成功按下并释放组合键: enter
2026-01-15 22:06:24,549 - INFO - 已按 Enter 键
2026-01-15 22:06:27,550 - INFO - 微信搜索界面已打开
2026-01-15 22:06:27,551 - INFO - 微信搜索界面已打开
2026-01-15 22:06:27,551 - INFO - 
[步骤3.1.2] 搜索公众号URL并进入主页...
2026-01-15 22:06:27,551 - INFO - 正在复制公众号URL到剪贴板: https://mp.weixin.qq.com/mp/profile_ext?action=home&__biz=MzIzNjc1NzUzMw==#wechat_redirect
2026-01-15 22:06:27,567 - INFO - 正在粘贴URL到搜索框...
2026-01-15 22:06:27,567 - INFO - 正在按下组合键: ctrl + v
2026-01-15 22:06:27,569 - INFO - 已成功按下并释放组合键: ctrl + v
2026-01-15 22:06:28,070 - INFO - URL已粘贴到搜索框
2026-01-15 22:06:28,070 - INFO - 正在按回车键触发搜索...
2026-01-15 22:06:28,071 - INFO - 正在按下组合键: enter
2026-01-15 22:06:28,076 - INFO - 已成功按下并释放组合键: enter
2026-01-15 22:06:28,076 - INFO - 已按回车键
2026-01-15 22:06:28,077 - INFO - 等待搜索结果出现...
2026-01-15 22:06:31,077 - INFO - 正在查找'访问网页'按钮...
2026-01-15 22:06:31,444 - INFO - 图像识别结果: Box(left=np.int64(1389), top=np.int64(267), width=123, height=60)
2026-01-15 22:06:31,445 - INFO - 找到目标按钮，物理像素坐标: (1450, 297)
2026-01-15 22:06:31,529 - INFO - 屏幕缩放比例: x=1.0, y=1.0
2026-01-15 22:06:31,530 - INFO - 转换后的逻辑坐标: (1450, 297)
2026-01-15 22:06:32,138 - INFO - 已点击位置: (1450, 297)
2026-01-15 22:06:32,139 - INFO - 已点击'访问网页'按钮
2026-01-15 22:06:32,140 - INFO - 等待公众号主页加载...
2026-01-15 22:06:35,140 - INFO - 公众号主页已加载完成
2026-01-15 22:06:35,141 - INFO - 已成功进入公众号主页
2026-01-15 22:06:35,142 - INFO - 
[步骤3.1.3] 开始采集当天所有文章链接...
2026-01-15 22:06:35,143 - INFO - 已添加公众号 1 分隔标记
2026-01-15 22:06:35,144 - INFO - ==================================================
2026-01-15 22:06:35,144 - INFO - 开始采集公众号文章
2026-01-15 22:06:35,145 - INFO - 当天日期: 2026年1月15日
2026-01-15 22:06:35,145 - INFO - 输出文件: output/articles_20260115.md
2026-01-15 22:06:35,145 - INFO - 起始序号: 1
2026-01-15 22:06:35,146 - INFO - ==================================================
2026-01-15 22:06:35,146 - INFO - 
--- 第 1 轮采集 ---
2026-01-15 22:06:35,352 - INFO - 截图已保存到: temp/screenshot.png
2026-01-15 22:06:35,353 - INFO - 正在识别当天日期文章位置，日期文本: 2026年1月15日
2026-01-15 22:06:35,391 - INFO - 正在尝试 VLM 文本定位（第 1/3 次）...
2026-01-15 22:07:30,375 - INFO - HTTP Request: POST https://dashscope.aliyuncs.com/compatible-mode/v1/chat/completions "HTTP/1.1 200 OK"
2026-01-15 22:07:30,393 - INFO - 解析成功：找到 5 个有效位置
2026-01-15 22:07:30,393 - INFO - VLM 模型找到了 5 个匹配位置
2026-01-15 22:07:30,394 - INFO - 识别到 5 个当天日期位置
2026-01-15 22:07:30,394 - INFO - 
处理第 1/5 个文章位置
2026-01-15 22:07:30,395 - INFO - VLM识别位置: x=0.3850, y=0.2250, width=0.0720, height=0.0120
2026-01-15 22:07:30,395 - INFO - 最终点击位置: x=0.3850, y=0.2250
2026-01-15 22:07:30,396 - INFO - 点击进入文章...
2026-01-15 22:07:30,489 - INFO - 相对坐标: (0.3850, 0.2250) -> 物理像素: (1478, 486)
2026-01-15 22:07:30,597 - INFO - 缩放比例: (1.0, 1.0) -> 逻辑坐标: (1478, 486)
2026-01-15 22:07:31,231 - INFO - 已点击位置: (1478, 486)
2026-01-15 22:07:34,234 - INFO - 正在查找'三个点'按钮...
2026-01-15 22:07:34,594 - INFO - 图像识别结果: Box(left=np.int64(3645), top=np.int64(6), width=41, height=42)
2026-01-15 22:07:34,594 - INFO - 找到目标按钮，物理像素坐标: (3665, 27)
2026-01-15 22:07:34,674 - INFO - 屏幕缩放比例: x=1.0, y=1.0
2026-01-15 22:07:34,674 - INFO - 转换后的逻辑坐标: (3665, 27)
2026-01-15 22:07:35,289 - INFO - 已点击位置: (3665, 27)
2026-01-15 22:07:35,290 - INFO - 已点击'三个点'按钮
2026-01-15 22:07:35,290 - INFO - 等待菜单出现...
2026-01-15 22:07:38,292 - INFO - 按6次向下箭头选中'复制链接'选项...
2026-01-15 22:07:38,292 - INFO - 正在按下组合键: down
2026-01-15 22:07:38,296 - INFO - 已成功按下并释放组合键: down
2026-01-15 22:07:38,796 - INFO - 正在按下组合键: down
2026-01-15 22:07:38,798 - INFO - 已成功按下并释放组合键: down
2026-01-15 22:07:39,299 - INFO - 正在按下组合键: down
2026-01-15 22:07:39,303 - INFO - 已成功按下并释放组合键: down
2026-01-15 22:07:39,804 - INFO - 正在按下组合键: down
2026-01-15 22:07:39,806 - INFO - 已成功按下并释放组合键: down
2026-01-15 22:07:40,307 - INFO - 正在按下组合键: down
2026-01-15 22:07:40,310 - INFO - 已成功按下并释放组合键: down
2026-01-15 22:07:40,811 - INFO - 正在按下组合键: down
2026-01-15 22:07:40,814 - INFO - 已成功按下并释放组合键: down
2026-01-15 22:07:41,315 - INFO - 按 Enter 复制链接...
2026-01-15 22:07:41,316 - INFO - 正在按下组合键: enter
2026-01-15 22:07:41,318 - INFO - 已成功按下并释放组合键: enter
2026-01-15 22:07:41,825 - INFO - 已复制文章链接: https://mp.weixin.qq.com/s/norFlpaY6M_YgJZn_QGIpA
2026-01-15 22:07:41,826 - INFO - 文章 1 链接已保存到: output/articles_20260115.md
2026-01-15 22:07:41,827 - INFO - 文章 1 链接采集成功
2026-01-15 22:07:41,827 - INFO - 正在查找'返回'按钮...
2026-01-15 22:07:42,136 - INFO - 图像识别结果: Box(left=np.int64(6), top=np.int64(0), width=48, height=60)
2026-01-15 22:07:42,136 - INFO - 找到目标按钮，物理像素坐标: (30, 30)
2026-01-15 22:07:42,223 - INFO - 屏幕缩放比例: x=1.0, y=1.0
2026-01-15 22:07:42,224 - INFO - 转换后的逻辑坐标: (30, 30)
2026-01-15 22:07:42,354 - INFO - 已点击位置: (30, 30)
2026-01-15 22:07:42,354 - INFO - 已点击'返回'按钮
2026-01-15 22:07:42,354 - INFO - 等待公众号主页加载...
2026-01-15 22:07:45,355 - INFO - 已返回公众号主页
2026-01-15 22:07:45,355 - INFO - 
处理第 2/5 个文章位置
2026-01-15 22:07:45,356 - INFO - VLM识别位置: x=0.3830, y=0.3250, width=0.0700, height=0.0120
2026-01-15 22:07:45,356 - INFO - 最终点击位置: x=0.3830, y=0.3250
2026-01-15 22:07:45,356 - INFO - 点击进入文章...
2026-01-15 22:07:45,451 - INFO - 相对坐标: (0.3830, 0.3250) -> 物理像素: (1471, 702)
2026-01-15 22:07:45,527 - INFO - 缩放比例: (1.0, 1.0) -> 逻辑坐标: (1470, 702)
2026-01-15 22:07:46,129 - INFO - 已点击位置: (1470, 702)
2026-01-15 22:07:49,132 - INFO - 正在查找'三个点'按钮...
2026-01-15 22:07:49,444 - INFO - 图像识别结果: Box(left=np.int64(3645), top=np.int64(6), width=41, height=42)
2026-01-15 22:07:49,444 - INFO - 找到目标按钮，物理像素坐标: (3665, 27)
2026-01-15 22:07:49,527 - INFO - 屏幕缩放比例: x=1.0, y=1.0
2026-01-15 22:07:49,527 - INFO - 转换后的逻辑坐标: (3665, 27)
2026-01-15 22:07:50,138 - INFO - 已点击位置: (3665, 27)
2026-01-15 22:07:50,138 - INFO - 已点击'三个点'按钮
2026-01-15 22:07:50,139 - INFO - 等待菜单出现...
2026-01-15 22:07:53,140 - INFO - 按6次向下箭头选中'复制链接'选项...
2026-01-15 22:07:53,140 - INFO - 正在按下组合键: down
2026-01-15 22:07:53,143 - INFO - 已成功按下并释放组合键: down
2026-01-15 22:07:53,644 - INFO - 正在按下组合键: down
2026-01-15 22:07:53,646 - INFO - 已成功按下并释放组合键: down
2026-01-15 22:07:54,146 - INFO - 正在按下组合键: down
2026-01-15 22:07:54,154 - INFO - 已成功按下并释放组合键: down
2026-01-15 22:07:54,654 - INFO - 正在按下组合键: down
2026-01-15 22:07:54,655 - INFO - 已成功按下并释放组合键: down
2026-01-15 22:07:55,156 - INFO - 正在按下组合键: down
2026-01-15 22:07:55,159 - INFO - 已成功按下并释放组合键: down
2026-01-15 22:07:55,660 - INFO - 正在按下组合键: down
2026-01-15 22:07:55,663 - INFO - 已成功按下并释放组合键: down
2026-01-15 22:07:56,164 - INFO - 按 Enter 复制链接...
2026-01-15 22:07:56,165 - INFO - 正在按下组合键: enter
2026-01-15 22:07:56,171 - INFO - 已成功按下并释放组合键: enter
2026-01-15 22:07:56,672 - INFO - 已复制文章链接: https://mp.weixin.qq.com/s/aBl6qd1Ypujt3ZEkUtapbg
2026-01-15 22:07:56,674 - INFO - 文章 2 链接已保存到: output/articles_20260115.md
2026-01-15 22:07:56,674 - INFO - 文章 2 链接采集成功
2026-01-15 22:07:56,675 - INFO - 正在查找'返回'按钮...
2026-01-15 22:07:56,976 - INFO - 图像识别结果: Box(left=np.int64(6), top=np.int64(0), width=48, height=60)
2026-01-15 22:07:56,977 - INFO - 找到目标按钮，物理像素坐标: (30, 30)
2026-01-15 22:07:57,066 - INFO - 屏幕缩放比例: x=1.0, y=1.0
2026-01-15 22:07:57,066 - INFO - 转换后的逻辑坐标: (30, 30)
2026-01-15 22:07:57,188 - INFO - 已点击位置: (30, 30)
2026-01-15 22:07:57,188 - INFO - 已点击'返回'按钮
2026-01-15 22:07:57,189 - INFO - 等待公众号主页加载...
2026-01-15 22:08:00,189 - INFO - 已返回公众号主页
2026-01-15 22:08:00,190 - INFO - 
处理第 3/5 个文章位置
2026-01-15 22:08:00,191 - INFO - VLM识别位置: x=0.3840, y=0.3950, width=0.0710, height=0.0120
2026-01-15 22:08:00,191 - INFO - 最终点击位置: x=0.3840, y=0.3950
2026-01-15 22:08:00,192 - INFO - 点击进入文章...
2026-01-15 22:08:00,281 - INFO - 相对坐标: (0.3840, 0.3950) -> 物理像素: (1475, 853)
2026-01-15 22:08:00,395 - INFO - 缩放比例: (1.0, 1.0) -> 逻辑坐标: (1474, 853)
2026-01-15 22:08:01,007 - INFO - 已点击位置: (1474, 853)
2026-01-15 22:08:04,010 - INFO - 正在查找'三个点'按钮...
2026-01-15 22:08:04,327 - INFO - 图像识别结果: Box(left=np.int64(3645), top=np.int64(6), width=41, height=42)
2026-01-15 22:08:04,327 - INFO - 找到目标按钮，物理像素坐标: (3665, 27)
2026-01-15 22:08:04,411 - INFO - 屏幕缩放比例: x=1.0, y=1.0
2026-01-15 22:08:04,411 - INFO - 转换后的逻辑坐标: (3665, 27)
2026-01-15 22:08:05,021 - INFO - 已点击位置: (3665, 27)
2026-01-15 22:08:05,022 - INFO - 已点击'三个点'按钮
2026-01-15 22:08:05,023 - INFO - 等待菜单出现...
2026-01-15 22:08:08,024 - INFO - 按6次向下箭头选中'复制链接'选项...
2026-01-15 22:08:08,024 - INFO - 正在按下组合键: down
2026-01-15 22:08:08,027 - INFO - 已成功按下并释放组合键: down
2026-01-15 22:08:08,528 - INFO - 正在按下组合键: down
2026-01-15 22:08:08,530 - INFO - 已成功按下并释放组合键: down
2026-01-15 22:08:09,030 - INFO - 正在按下组合键: down
2026-01-15 22:08:09,037 - INFO - 已成功按下并释放组合键: down
2026-01-15 22:08:09,538 - INFO - 正在按下组合键: down
2026-01-15 22:08:09,541 - INFO - 已成功按下并释放组合键: down
2026-01-15 22:08:10,042 - INFO - 正在按下组合键: down
2026-01-15 22:08:10,044 - INFO - 已成功按下并释放组合键: down
2026-01-15 22:08:10,545 - INFO - 正在按下组合键: down
2026-01-15 22:08:10,548 - INFO - 已成功按下并释放组合键: down
2026-01-15 22:08:11,048 - INFO - 按 Enter 复制链接...
2026-01-15 22:08:11,049 - INFO - 正在按下组合键: enter
2026-01-15 22:08:11,051 - INFO - 已成功按下并释放组合键: enter
2026-01-15 22:08:11,551 - INFO - 已复制文章链接: https://mp.weixin.qq.com/s/j14bSuap-tqR7SIZTKGe1Q
2026-01-15 22:08:11,553 - INFO - 文章 3 链接已保存到: output/articles_20260115.md
2026-01-15 22:08:11,554 - INFO - 文章 3 链接采集成功
2026-01-15 22:08:11,554 - INFO - 正在查找'返回'按钮...
2026-01-15 22:08:11,862 - INFO - 图像识别结果: Box(left=np.int64(6), top=np.int64(0), width=48, height=60)
2026-01-15 22:08:11,862 - INFO - 找到目标按钮，物理像素坐标: (30, 30)
2026-01-15 22:08:11,960 - INFO - 屏幕缩放比例: x=1.0, y=1.0
2026-01-15 22:08:11,960 - INFO - 转换后的逻辑坐标: (30, 30)
2026-01-15 22:08:12,071 - INFO - 已点击位置: (30, 30)
2026-01-15 22:08:12,071 - INFO - 已点击'返回'按钮
2026-01-15 22:08:12,072 - INFO - 等待公众号主页加载...
2026-01-15 22:08:15,072 - INFO - 已返回公众号主页
2026-01-15 22:08:15,073 - INFO - 
处理第 4/5 个文章位置
2026-01-15 22:08:15,073 - INFO - VLM识别位置: x=0.3820, y=0.4650, width=0.0700, height=0.0120
2026-01-15 22:08:15,074 - INFO - 最终点击位置: x=0.3820, y=0.4650
2026-01-15 22:08:15,074 - INFO - 点击进入文章...
2026-01-15 22:08:15,158 - INFO - 相对坐标: (0.3820, 0.4650) -> 物理像素: (1467, 1004)
2026-01-15 22:08:15,245 - INFO - 缩放比例: (1.0, 1.0) -> 逻辑坐标: (1466, 1004)
2026-01-15 22:08:15,847 - INFO - 已点击位置: (1466, 1004)
2026-01-15 22:08:18,850 - INFO - 正在查找'三个点'按钮...
2026-01-15 22:08:19,182 - INFO - 图像识别结果: Box(left=np.int64(3645), top=np.int64(6), width=41, height=42)
2026-01-15 22:08:19,182 - INFO - 找到目标按钮，物理像素坐标: (3665, 27)
2026-01-15 22:08:19,257 - INFO - 屏幕缩放比例: x=1.0, y=1.0
2026-01-15 22:08:19,257 - INFO - 转换后的逻辑坐标: (3665, 27)
2026-01-15 22:08:19,871 - INFO - 已点击位置: (3665, 27)
2026-01-15 22:08:19,872 - INFO - 已点击'三个点'按钮
2026-01-15 22:08:19,872 - INFO - 等待菜单出现...
2026-01-15 22:08:22,873 - INFO - 按6次向下箭头选中'复制链接'选项...
2026-01-15 22:08:22,873 - INFO - 正在按下组合键: down
2026-01-15 22:08:22,874 - INFO - 已成功按下并释放组合键: down
2026-01-15 22:08:23,375 - INFO - 正在按下组合键: down
2026-01-15 22:08:23,376 - INFO - 已成功按下并释放组合键: down
2026-01-15 22:08:23,876 - INFO - 正在按下组合键: down
2026-01-15 22:08:23,877 - INFO - 已成功按下并释放组合键: down
2026-01-15 22:08:24,378 - INFO - 正在按下组合键: down
2026-01-15 22:08:24,381 - INFO - 已成功按下并释放组合键: down
2026-01-15 22:08:24,882 - INFO - 正在按下组合键: down
2026-01-15 22:08:24,883 - INFO - 已成功按下并释放组合键: down
2026-01-15 22:08:25,384 - INFO - 正在按下组合键: down
2026-01-15 22:08:25,387 - INFO - 已成功按下并释放组合键: down
2026-01-15 22:08:25,888 - INFO - 按 Enter 复制链接...
2026-01-15 22:08:25,888 - INFO - 正在按下组合键: enter
2026-01-15 22:08:25,889 - INFO - 已成功按下并释放组合键: enter
2026-01-15 22:08:26,390 - INFO - 已复制文章链接: https://mp.weixin.qq.com/s/cYXoOZC9qW2r8YIvUauStg
2026-01-15 22:08:26,392 - INFO - 文章 4 链接已保存到: output/articles_20260115.md
2026-01-15 22:08:26,392 - INFO - 文章 4 链接采集成功
2026-01-15 22:08:26,393 - INFO - 正在查找'返回'按钮...
2026-01-15 22:08:26,756 - INFO - 图像识别结果: Box(left=np.int64(6), top=np.int64(0), width=48, height=60)
2026-01-15 22:08:26,757 - INFO - 找到目标按钮，物理像素坐标: (30, 30)
2026-01-15 22:08:26,843 - INFO - 屏幕缩放比例: x=1.0, y=1.0
2026-01-15 22:08:26,843 - INFO - 转换后的逻辑坐标: (30, 30)
2026-01-15 22:08:26,954 - INFO - 已点击位置: (30, 30)
2026-01-15 22:08:26,954 - INFO - 已点击'返回'按钮
2026-01-15 22:08:26,954 - INFO - 等待公众号主页加载...
2026-01-15 22:08:29,955 - INFO - 已返回公众号主页
2026-01-15 22:08:29,956 - INFO - 
处理第 5/5 个文章位置
2026-01-15 22:08:29,956 - INFO - VLM识别位置: x=0.3830, y=0.5350, width=0.0710, height=0.0120
2026-01-15 22:08:29,957 - INFO - 最终点击位置: x=0.3830, y=0.5350
2026-01-15 22:08:29,957 - INFO - 点击进入文章...
2026-01-15 22:08:30,058 - INFO - 相对坐标: (0.3830, 0.5350) -> 物理像素: (1471, 1156)
2026-01-15 22:08:30,150 - INFO - 缩放比例: (1.0, 1.0) -> 逻辑坐标: (1470, 1155)
2026-01-15 22:08:30,755 - INFO - 已点击位置: (1470, 1155)
2026-01-15 22:08:33,756 - INFO - 正在查找'三个点'按钮...
2026-01-15 22:08:34,070 - INFO - 图像识别结果: Box(left=np.int64(3645), top=np.int64(6), width=41, height=42)
2026-01-15 22:08:34,070 - INFO - 找到目标按钮，物理像素坐标: (3665, 27)
2026-01-15 22:08:34,159 - INFO - 屏幕缩放比例: x=1.0, y=1.0
2026-01-15 22:08:34,159 - INFO - 转换后的逻辑坐标: (3665, 27)
2026-01-15 22:08:34,771 - INFO - 已点击位置: (3665, 27)
2026-01-15 22:08:34,772 - INFO - 已点击'三个点'按钮
2026-01-15 22:08:34,772 - INFO - 等待菜单出现...
2026-01-15 22:08:37,773 - INFO - 按6次向下箭头选中'复制链接'选项...
2026-01-15 22:08:37,774 - INFO - 正在按下组合键: down
2026-01-15 22:08:37,778 - INFO - 已成功按下并释放组合键: down
2026-01-15 22:08:38,279 - INFO - 正在按下组合键: down
2026-01-15 22:08:38,281 - INFO - 已成功按下并释放组合键: down
2026-01-15 22:08:38,781 - INFO - 正在按下组合键: down
2026-01-15 22:08:38,785 - INFO - 已成功按下并释放组合键: down
2026-01-15 22:08:39,286 - INFO - 正在按下组合键: down
2026-01-15 22:08:39,289 - INFO - 已成功按下并释放组合键: down
2026-01-15 22:08:39,790 - INFO - 正在按下组合键: down
2026-01-15 22:08:39,793 - INFO - 已成功按下并释放组合键: down
2026-01-15 22:08:40,294 - INFO - 正在按下组合键: down
2026-01-15 22:08:40,295 - INFO - 已成功按下并释放组合键: down
2026-01-15 22:08:40,796 - INFO - 按 Enter 复制链接...
2026-01-15 22:08:40,797 - INFO - 正在按下组合键: enter
2026-01-15 22:08:40,804 - INFO - 已成功按下并释放组合键: enter
2026-01-15 22:08:41,304 - INFO - 已复制文章链接: https://mp.weixin.qq.com/s/D6B5fMX7x5iJqRxzTshCZA
2026-01-15 22:08:41,306 - INFO - 文章 5 链接已保存到: output/articles_20260115.md
2026-01-15 22:08:41,307 - INFO - 文章 5 链接采集成功
2026-01-15 22:08:41,307 - INFO - 正在查找'返回'按钮...
2026-01-15 22:08:41,610 - INFO - 图像识别结果: Box(left=np.int64(6), top=np.int64(0), width=48, height=60)
2026-01-15 22:08:41,610 - INFO - 找到目标按钮，物理像素坐标: (30, 30)
2026-01-15 22:08:41,688 - INFO - 屏幕缩放比例: x=1.0, y=1.0
2026-01-15 22:08:41,689 - INFO - 转换后的逻辑坐标: (30, 30)
2026-01-15 22:08:41,804 - INFO - 已点击位置: (30, 30)
2026-01-15 22:08:41,804 - INFO - 已点击'返回'按钮
2026-01-15 22:08:41,805 - INFO - 等待公众号主页加载...
2026-01-15 22:08:44,805 - INFO - 已返回公众号主页
2026-01-15 22:08:44,987 - INFO - 截图已保存到: temp/screenshot.png
2026-01-15 22:08:44,990 - INFO - 检查是否存在更早日期: 2026年1月14日, 2026年1月13日, 2026年1月12日
2026-01-15 22:08:44,997 - INFO - 正在尝试 VLM 文本定位（第 1/3 次）...
2026-01-15 22:09:38,527 - INFO - HTTP Request: POST https://dashscope.aliyuncs.com/compatible-mode/v1/chat/completions "HTTP/1.1 200 OK"
2026-01-15 22:09:38,529 - INFO - 解析成功：找到 4 个有效位置
2026-01-15 22:09:38,529 - INFO - VLM 模型找到了 4 个匹配位置
2026-01-15 22:09:38,529 - INFO - 发现历史日期: 2026年1月14日, 2026年1月14日, 2026年1月14日, 2026年1月13日，当天文章已全部显示
2026-01-15 22:09:38,530 - INFO - 已发现更早日期，当天文章采集完毕
2026-01-15 22:09:38,530 - INFO - 
==================================================
2026-01-15 22:09:38,530 - INFO - 文章链接采集完成
2026-01-15 22:09:38,530 - INFO - 本公众号采集 5 篇文章链接
2026-01-15 22:09:38,531 - INFO - 当前累计序号: 5
2026-01-15 22:09:38,531 - INFO - 输出文件: output/articles_20260115.md
2026-01-15 22:09:38,531 - INFO - ==================================================
2026-01-15 22:09:38,531 - INFO - 
公众号 1 采集完成！
2026-01-15 22:09:38,531 - INFO -   - 文章链接数量: 5
2026-01-15 22:09:38,531 - INFO - 
[步骤3.1.4] 关闭当前页面，准备处理下一个公众号...
2026-01-15 22:09:38,532 - INFO - 按 ctrl+w 关闭窗口...
2026-01-15 22:09:38,532 - INFO - 正在按下组合键: ctrl + w
2026-01-15 22:09:38,535 - INFO - 已成功按下并释放组合键: ctrl + w
2026-01-15 22:09:39,036 - INFO - 正在按下组合键: ctrl + w
2026-01-15 22:09:39,042 - INFO - 已成功按下并释放组合键: ctrl + w
2026-01-15 22:09:42,043 - INFO - 已返回微信主界面
2026-01-15 22:09:42,043 - INFO - 
============================================================
2026-01-15 22:09:42,044 - INFO - 正在处理第 2/2 个公众号
2026-01-15 22:09:42,044 - INFO - URL: https://mp.weixin.qq.com/mp/profile_ext?action=home&__biz=MzA3MzI4MjgzMw==#wecha...
2026-01-15 22:09:42,044 - INFO - ============================================================
2026-01-15 22:09:42,044 - INFO - 
[步骤3.2.1] 打开微信搜索功能...
2026-01-15 22:09:42,044 - INFO - 正在打开微信搜索...
2026-01-15 22:09:42,044 - INFO - 正在按下组合键: ctrl + f
2026-01-15 22:09:42,047 - INFO - 已成功按下并释放组合键: ctrl + f
2026-01-15 22:09:42,047 - INFO - 已发送 ctrl+f 快捷键
2026-01-15 22:09:42,047 - INFO - 等待搜索框出现...
2026-01-15 22:09:45,047 - INFO - 按向下键选中'搜索网络结果'选项...
2026-01-15 22:09:45,048 - INFO - 正在按下组合键: down
2026-01-15 22:09:45,051 - INFO - 已成功按下并释放组合键: down
2026-01-15 22:09:45,052 - INFO - 已选中'搜索网络结果'选项
2026-01-15 22:09:45,553 - INFO - 按 Enter 键确认...
2026-01-15 22:09:45,553 - INFO - 正在按下组合键: enter
2026-01-15 22:09:45,556 - INFO - 已成功按下并释放组合键: enter
2026-01-15 22:09:45,556 - INFO - 已按 Enter 键
2026-01-15 22:09:48,558 - INFO - 微信搜索界面已打开
2026-01-15 22:09:48,558 - INFO - 微信搜索界面已打开
2026-01-15 22:09:48,559 - INFO - 
[步骤3.2.2] 搜索公众号URL并进入主页...
2026-01-15 22:09:48,559 - INFO - 正在复制公众号URL到剪贴板: https://mp.weixin.qq.com/mp/profile_ext?action=home&__biz=MzA3MzI4MjgzMw==#wechat_redirect
2026-01-15 22:09:48,576 - INFO - 正在粘贴URL到搜索框...
2026-01-15 22:09:48,576 - INFO - 正在按下组合键: ctrl + v
2026-01-15 22:09:48,578 - INFO - 已成功按下并释放组合键: ctrl + v
2026-01-15 22:09:49,078 - INFO - URL已粘贴到搜索框
2026-01-15 22:09:49,078 - INFO - 正在按回车键触发搜索...
2026-01-15 22:09:49,078 - INFO - 正在按下组合键: enter
2026-01-15 22:09:49,079 - INFO - 已成功按下并释放组合键: enter
2026-01-15 22:09:49,079 - INFO - 已按回车键
2026-01-15 22:09:49,079 - INFO - 等待搜索结果出现...
2026-01-15 22:09:52,080 - INFO - 正在查找'访问网页'按钮...
2026-01-15 22:09:52,329 - ERROR - 搜索公众号失败
Traceback (most recent call last):
  File "D:\code\wechat-ai-daily\.venv\Lib\site-packages\pyautogui\__init__.py", line 172, in wrapper
    return wrappedFunction(*args, **kwargs)
  File "D:\code\wechat-ai-daily\.venv\Lib\site-packages\pyautogui\__init__.py", line 210, in locateOnScreen
    return pyscreeze.locateOnScreen(*args, **kwargs)
           ~~~~~~~~~~~~~~~~~~~~~~~~^^^^^^^^^^^^^^^^^
  File "D:\code\wechat-ai-daily\.venv\Lib\site-packages\pyscreeze\__init__.py", line 405, in locateOnScreen
    retVal = locate(image, screenshotIm, **kwargs)
  File "D:\code\wechat-ai-daily\.venv\Lib\site-packages\pyscreeze\__init__.py", line 383, in locate
    points = tuple(locateAll(needleImage, haystackImage, **kwargs))
  File "D:\code\wechat-ai-daily\.venv\Lib\site-packages\pyscreeze\__init__.py", line 257, in _locateAll_opencv
    raise ImageNotFoundException('Could not locate the image (highest confidence = %.3f)' % result.max())
pyscreeze.ImageNotFoundException: Could not locate the image (highest confidence = 0.303)

During handling of the above exception, another exception occurred:

Traceback (most recent call last):
  File "D:\code\wechat-ai-daily\src\wechat_ai_daily\workflows\wechat_autogui.py", line 259, in _search_official_account_url
    click_button_based_on_img(template_path, self.CLICK_DELAY)
    ~~~~~~~~~~~~~~~~~~~~~~~~~^^^^^^^^^^^^^^^^^^^^^^^^^^^^^^^^^
  File "D:\code\wechat-ai-daily\src\wechat_ai_daily\utils\autogui.py", line 150, in click_button_based_on_img
    button_location = pyautogui.locateOnScreen(img_path,
                                               confidence=0.8,
                                               grayscale=True)
  File "D:\code\wechat-ai-daily\.venv\Lib\site-packages\pyautogui\__init__.py", line 174, in wrapper
    raise ImageNotFoundException  # Raise PyAutoGUI's ImageNotFoundException.
    ^^^^^^^^^^^^^^^^^^^^^^^^^^^^
pyautogui.ImageNotFoundException
2026-01-15 22:09:52,331 - ERROR - 
处理公众号 2 时发生错误: 
2026-01-15 22:09:52,331 - ERROR - 详细错误信息:
Traceback (most recent call last):
  File "D:\code\wechat-ai-daily\.venv\Lib\site-packages\pyautogui\__init__.py", line 172, in wrapper
    return wrappedFunction(*args, **kwargs)
  File "D:\code\wechat-ai-daily\.venv\Lib\site-packages\pyautogui\__init__.py", line 210, in locateOnScreen
    return pyscreeze.locateOnScreen(*args, **kwargs)
           ~~~~~~~~~~~~~~~~~~~~~~~~^^^^^^^^^^^^^^^^^
  File "D:\code\wechat-ai-daily\.venv\Lib\site-packages\pyscreeze\__init__.py", line 405, in locateOnScreen
    retVal = locate(image, screenshotIm, **kwargs)
  File "D:\code\wechat-ai-daily\.venv\Lib\site-packages\pyscreeze\__init__.py", line 383, in locate
    points = tuple(locateAll(needleImage, haystackImage, **kwargs))
  File "D:\code\wechat-ai-daily\.venv\Lib\site-packages\pyscreeze\__init__.py", line 257, in _locateAll_opencv
    raise ImageNotFoundException('Could not locate the image (highest confidence = %.3f)' % result.max())
pyscreeze.ImageNotFoundException: Could not locate the image (highest confidence = 0.303)

During handling of the above exception, another exception occurred:

Traceback (most recent call last):
  File "D:\code\wechat-ai-daily\src\wechat_ai_daily\workflows\wechat_autogui.py", line 780, in build_workflow
    self._search_official_account_url(account_url)
    ~~~~~~~~~~~~~~~~~~~~~~~~~~~~~~~~~^^^^^^^^^^^^^
  File "D:\code\wechat-ai-daily\src\wechat_ai_daily\workflows\wechat_autogui.py", line 259, in _search_official_account_url
    click_button_based_on_img(template_path, self.CLICK_DELAY)
    ~~~~~~~~~~~~~~~~~~~~~~~~~^^^^^^^^^^^^^^^^^^^^^^^^^^^^^^^^^
  File "D:\code\wechat-ai-daily\src\wechat_ai_daily\utils\autogui.py", line 150, in click_button_based_on_img
    button_location = pyautogui.locateOnScreen(img_path,
                                               confidence=0.8,
                                               grayscale=True)
  File "D:\code\wechat-ai-daily\.venv\Lib\site-packages\pyautogui\__init__.py", line 174, in wrapper
    raise ImageNotFoundException  # Raise PyAutoGUI's ImageNotFoundException.
    ^^^^^^^^^^^^^^^^^^^^^^^^^^^^
pyautogui.ImageNotFoundException
2026-01-15 22:09:52,332 - INFO - 尝试恢复到微信主界面...
2026-01-15 22:09:52,332 - INFO - 正在按下组合键: ctrl + w
2026-01-15 22:09:52,334 - INFO - 已成功按下并释放组合键: ctrl + w
2026-01-15 22:09:52,834 - INFO - 正在按下组合键: ctrl + w
2026-01-15 22:09:52,835 - INFO - 已成功按下并释放组合键: ctrl + w
2026-01-15 22:09:55,836 - INFO - 已恢复到微信主界面
2026-01-15 22:09:55,844 - INFO - 
============================================================
2026-01-15 22:09:55,845 - INFO - 所有公众号采集任务完成
2026-01-15 22:09:55,845 - INFO - ============================================================
2026-01-15 22:09:55,845 - INFO - 
📊 采集统计报告:
2026-01-15 22:09:55,845 - INFO -   ✅ 公众号总数: 2
2026-01-15 22:09:55,845 - INFO -   ✅ 成功采集: 1
2026-01-15 22:09:55,846 - INFO -   ❌ 失败数量: 1
2026-01-15 22:09:55,846 - INFO -   📝 文章链接总数: 5
2026-01-15 22:09:55,846 - INFO - 
📋 详细结果:
2026-01-15 22:09:55,846 - INFO -   公众号 1: ✅ 成功 - 5 篇文章链接
2026-01-15 22:09:55,846 - INFO -   公众号 2: ❌ 失败 - 
2026-01-15 22:09:55,846 - INFO - 
📁 统一输出文件: output/articles_20260115.md
2026-01-15 22:09:55,846 - INFO - 
============================================================
