2026-01-15 00:27:39,300 - INFO - ============================================================
2026-01-15 00:27:39,301 - INFO - 开始执行公众号文章采集工作流
2026-01-15 00:27:39,301 - INFO - ============================================================
2026-01-15 00:27:39,302 - INFO - 
[步骤1] 打开/激活微信应用...
2026-01-15 00:27:39,400 - INFO - 微信已在运行，正在激活窗口...
2026-01-15 00:27:39,401 - INFO - 找到微信窗口: 微信
2026-01-15 00:27:39,402 - INFO - 微信窗口已激活到前台
2026-01-15 00:27:40,402 - INFO - 微信应用已就绪
2026-01-15 00:27:40,403 - INFO - 
[步骤2] 从配置文件构建公众号URL列表...
2026-01-15 00:27:40,405 - INFO - 正在访问页面: https://mp.weixin.qq.com/s/ZrBDFuugPyuoQp4S6wEBWQ
2026-01-15 00:27:41,462 - INFO - 成功获取页面内容，长度: 2781805 字符
2026-01-15 00:27:41,463 - INFO - 成功提取 biz: MzA3MzI4MjgzMw==
2026-01-15 00:27:41,464 - INFO - 从URL https://mp.weixin.qq.com/s/ZrBDFuugPyuoQp4S6wEBWQ 提取到biz: MzA3MzI4MjgzMw==
2026-01-15 00:27:41,464 - INFO - 正在访问页面: https://mp.weixin.qq.com/s/2Bs7ldBM-DKTjjyAcMvopA
2026-01-15 00:27:42,312 - INFO - 成功获取页面内容，长度: 2690984 字符
2026-01-15 00:27:42,312 - INFO - 成功提取 biz: MzIzNjc1NzUzMw==
2026-01-15 00:27:42,313 - INFO - 从URL https://mp.weixin.qq.com/s/2Bs7ldBM-DKTjjyAcMvopA 提取到biz: MzIzNjc1NzUzMw==
2026-01-15 00:27:42,313 - INFO - 成功构建 2 个公众号URL
2026-01-15 00:27:42,314 - INFO -   公众号 1: https://mp.weixin.qq.com/mp/profile_ext?action=home&__biz=MzA3MzI4MjgzMw==&scene...
2026-01-15 00:27:42,314 - INFO -   公众号 2: https://mp.weixin.qq.com/mp/profile_ext?action=home&__biz=MzIzNjc1NzUzMw==&scene...
2026-01-15 00:27:42,314 - INFO - 
[步骤3] 开始遍历公众号列表，依次采集文章...
2026-01-15 00:27:42,314 - INFO - 
============================================================
2026-01-15 00:27:42,314 - INFO - 正在处理第 1/2 个公众号
2026-01-15 00:27:42,314 - INFO - URL: https://mp.weixin.qq.com/mp/profile_ext?action=home&__biz=MzA3MzI4MjgzMw==&scene...
2026-01-15 00:27:42,314 - INFO - ============================================================
2026-01-15 00:27:42,314 - INFO - 
[步骤3.1.1] 打开微信搜索功能...
2026-01-15 00:27:42,314 - INFO - 正在打开微信搜索...
2026-01-15 00:27:42,314 - INFO - 正在按下组合键: ctrl + f
2026-01-15 00:27:42,315 - INFO - 已成功按下并释放组合键: ctrl + f
2026-01-15 00:27:42,315 - INFO - 已发送 ctrl+f 快捷键
2026-01-15 00:27:42,316 - INFO - 等待搜索框出现...
2026-01-15 00:27:45,316 - INFO - 按向下键选中'搜索网络结果'选项...
2026-01-15 00:27:45,317 - INFO - 正在按下组合键: down
2026-01-15 00:27:45,319 - INFO - 已成功按下并释放组合键: down
2026-01-15 00:27:45,319 - INFO - 已选中'搜索网络结果'选项
2026-01-15 00:27:45,820 - INFO - 按 Enter 键确认...
2026-01-15 00:27:45,821 - INFO - 正在按下组合键: enter
2026-01-15 00:27:45,823 - INFO - 已成功按下并释放组合键: enter
2026-01-15 00:27:45,824 - INFO - 已按 Enter 键
2026-01-15 00:27:48,825 - INFO - 微信搜索界面已打开
2026-01-15 00:27:48,825 - INFO - 微信搜索界面已打开
2026-01-15 00:27:48,825 - INFO - 
[步骤3.1.2] 搜索公众号URL并进入主页...
2026-01-15 00:27:48,825 - INFO - 正在复制公众号URL到剪贴板: https://mp.weixin.qq.com/mp/profile_ext?action=home&__biz=MzA3MzI4MjgzMw==&scene=124
2026-01-15 00:27:48,833 - INFO - 正在粘贴URL到搜索框...
2026-01-15 00:27:48,833 - INFO - 正在按下组合键: ctrl + v
2026-01-15 00:27:48,835 - INFO - 已成功按下并释放组合键: ctrl + v
2026-01-15 00:27:49,335 - INFO - URL已粘贴到搜索框
2026-01-15 00:27:49,335 - INFO - 正在按回车键触发搜索...
2026-01-15 00:27:49,336 - INFO - 正在按下组合键: enter
2026-01-15 00:27:49,336 - INFO - 已成功按下并释放组合键: enter
2026-01-15 00:27:49,336 - INFO - 已按回车键
2026-01-15 00:27:49,337 - INFO - 等待搜索结果出现...
2026-01-15 00:27:52,337 - INFO - 正在查找'访问网页'按钮...
2026-01-15 00:27:52,602 - ERROR - 搜索公众号失败
Traceback (most recent call last):
  File "D:\code\wechat-ai-daily\.venv\Lib\site-packages\pyautogui\__init__.py", line 172, in wrapper
    return wrappedFunction(*args, **kwargs)
  File "D:\code\wechat-ai-daily\.venv\Lib\site-packages\pyautogui\__init__.py", line 210, in locateOnScreen
    return pyscreeze.locateOnScreen(*args, **kwargs)
           ~~~~~~~~~~~~~~~~~~~~~~~~^^^^^^^^^^^^^^^^^
  File "D:\code\wechat-ai-daily\.venv\Lib\site-packages\pyscreeze\__init__.py", line 405, in locateOnScreen
    retVal = locate(image, screenshotIm, **kwargs)
  File "D:\code\wechat-ai-daily\.venv\Lib\site-packages\pyscreeze\__init__.py", line 383, in locate
    points = tuple(locateAll(needleImage, haystackImage, **kwargs))
  File "D:\code\wechat-ai-daily\.venv\Lib\site-packages\pyscreeze\__init__.py", line 257, in _locateAll_opencv
    raise ImageNotFoundException('Could not locate the image (highest confidence = %.3f)' % result.max())
pyscreeze.ImageNotFoundException: Could not locate the image (highest confidence = 0.387)

During handling of the above exception, another exception occurred:

Traceback (most recent call last):
  File "D:\code\wechat-ai-daily\src\wechat_ai_daily\workflows\wechat_autogui.py", line 260, in _search_official_account_url
    click_button_based_on_img(template_path, self.CLICK_DELAY)
    ~~~~~~~~~~~~~~~~~~~~~~~~~^^^^^^^^^^^^^^^^^^^^^^^^^^^^^^^^^
  File "D:\code\wechat-ai-daily\src\wechat_ai_daily\utils\autogui.py", line 150, in click_button_based_on_img
    button_location = pyautogui.locateOnScreen(img_path,
                                               confidence=0.8,
                                               grayscale=True)
  File "D:\code\wechat-ai-daily\.venv\Lib\site-packages\pyautogui\__init__.py", line 174, in wrapper
    raise ImageNotFoundException  # Raise PyAutoGUI's ImageNotFoundException.
    ^^^^^^^^^^^^^^^^^^^^^^^^^^^^
pyautogui.ImageNotFoundException
2026-01-15 00:27:52,604 - ERROR - 
处理公众号 1 时发生错误: 
2026-01-15 00:27:52,604 - ERROR - 详细错误信息:
Traceback (most recent call last):
  File "D:\code\wechat-ai-daily\.venv\Lib\site-packages\pyautogui\__init__.py", line 172, in wrapper
    return wrappedFunction(*args, **kwargs)
  File "D:\code\wechat-ai-daily\.venv\Lib\site-packages\pyautogui\__init__.py", line 210, in locateOnScreen
    return pyscreeze.locateOnScreen(*args, **kwargs)
           ~~~~~~~~~~~~~~~~~~~~~~~~^^^^^^^^^^^^^^^^^
  File "D:\code\wechat-ai-daily\.venv\Lib\site-packages\pyscreeze\__init__.py", line 405, in locateOnScreen
    retVal = locate(image, screenshotIm, **kwargs)
  File "D:\code\wechat-ai-daily\.venv\Lib\site-packages\pyscreeze\__init__.py", line 383, in locate
    points = tuple(locateAll(needleImage, haystackImage, **kwargs))
  File "D:\code\wechat-ai-daily\.venv\Lib\site-packages\pyscreeze\__init__.py", line 257, in _locateAll_opencv
    raise ImageNotFoundException('Could not locate the image (highest confidence = %.3f)' % result.max())
pyscreeze.ImageNotFoundException: Could not locate the image (highest confidence = 0.387)

During handling of the above exception, another exception occurred:

Traceback (most recent call last):
  File "D:\code\wechat-ai-daily\src\wechat_ai_daily\workflows\wechat_autogui.py", line 706, in build_workflow
    self._search_official_account_url(account_url)
    ~~~~~~~~~~~~~~~~~~~~~~~~~~~~~~~~~^^^^^^^^^^^^^
  File "D:\code\wechat-ai-daily\src\wechat_ai_daily\workflows\wechat_autogui.py", line 260, in _search_official_account_url
    click_button_based_on_img(template_path, self.CLICK_DELAY)
    ~~~~~~~~~~~~~~~~~~~~~~~~~^^^^^^^^^^^^^^^^^^^^^^^^^^^^^^^^^
  File "D:\code\wechat-ai-daily\src\wechat_ai_daily\utils\autogui.py", line 150, in click_button_based_on_img
    button_location = pyautogui.locateOnScreen(img_path,
                                               confidence=0.8,
                                               grayscale=True)
  File "D:\code\wechat-ai-daily\.venv\Lib\site-packages\pyautogui\__init__.py", line 174, in wrapper
    raise ImageNotFoundException  # Raise PyAutoGUI's ImageNotFoundException.
    ^^^^^^^^^^^^^^^^^^^^^^^^^^^^
pyautogui.ImageNotFoundException
2026-01-15 00:27:52,605 - INFO - 尝试恢复到微信主界面...
2026-01-15 00:27:52,605 - INFO - 正在按下组合键: ctrl + w
2026-01-15 00:27:52,607 - INFO - 已成功按下并释放组合键: ctrl + w
2026-01-15 00:27:53,107 - INFO - 正在按下组合键: ctrl + w
2026-01-15 00:27:53,109 - INFO - 已成功按下并释放组合键: ctrl + w
2026-01-15 00:28:23,822 - INFO - ============================================================
2026-01-15 00:28:23,822 - INFO - 开始执行公众号文章采集工作流
2026-01-15 00:28:23,823 - INFO - ============================================================
2026-01-15 00:28:23,823 - INFO - 
[步骤1] 打开/激活微信应用...
2026-01-15 00:28:23,918 - INFO - 微信已在运行，正在激活窗口...
2026-01-15 00:28:23,919 - INFO - 找到微信窗口: 微信
2026-01-15 00:28:23,919 - INFO - 微信窗口已激活到前台
2026-01-15 00:28:24,921 - INFO - 微信应用已就绪
2026-01-15 00:28:24,921 - INFO - 
[步骤2] 从配置文件构建公众号URL列表...
2026-01-15 00:28:24,925 - INFO - 正在访问页面: https://mp.weixin.qq.com/s/ZrBDFuugPyuoQp4S6wEBWQ
2026-01-15 00:28:25,795 - INFO - 成功获取页面内容，长度: 2783094 字符
2026-01-15 00:28:25,796 - INFO - 成功提取 biz: MzA3MzI4MjgzMw==
2026-01-15 00:28:25,797 - INFO - 从URL https://mp.weixin.qq.com/s/ZrBDFuugPyuoQp4S6wEBWQ 提取到biz: MzA3MzI4MjgzMw==
2026-01-15 00:28:25,798 - INFO - 正在访问页面: https://mp.weixin.qq.com/s/2Bs7ldBM-DKTjjyAcMvopA
2026-01-15 00:28:26,565 - INFO - 成功获取页面内容，长度: 2690929 字符
2026-01-15 00:28:26,566 - INFO - 成功提取 biz: MzIzNjc1NzUzMw==
2026-01-15 00:28:26,567 - INFO - 从URL https://mp.weixin.qq.com/s/2Bs7ldBM-DKTjjyAcMvopA 提取到biz: MzIzNjc1NzUzMw==
2026-01-15 00:28:26,567 - INFO - 成功构建 2 个公众号URL
2026-01-15 00:28:26,567 - INFO -   公众号 1: https://mp.weixin.qq.com/mp/profile_ext?action=home&__biz=MzA3MzI4MjgzMw==&scene...
2026-01-15 00:28:26,567 - INFO -   公众号 2: https://mp.weixin.qq.com/mp/profile_ext?action=home&__biz=MzIzNjc1NzUzMw==&scene...
2026-01-15 00:28:26,567 - INFO - 
[步骤3] 开始遍历公众号列表，依次采集文章...
2026-01-15 00:28:26,567 - INFO - 
============================================================
2026-01-15 00:28:26,567 - INFO - 正在处理第 1/2 个公众号
2026-01-15 00:28:26,567 - INFO - URL: https://mp.weixin.qq.com/mp/profile_ext?action=home&__biz=MzA3MzI4MjgzMw==&scene...
2026-01-15 00:28:26,568 - INFO - ============================================================
2026-01-15 00:28:26,568 - INFO - 
[步骤3.1.1] 打开微信搜索功能...
2026-01-15 00:28:26,568 - INFO - 正在打开微信搜索...
2026-01-15 00:28:26,568 - INFO - 正在按下组合键: ctrl + f
2026-01-15 00:28:26,569 - INFO - 已成功按下并释放组合键: ctrl + f
2026-01-15 00:28:26,569 - INFO - 已发送 ctrl+f 快捷键
2026-01-15 00:28:26,570 - INFO - 等待搜索框出现...
2026-01-15 00:28:29,570 - INFO - 按向下键选中'搜索网络结果'选项...
2026-01-15 00:28:29,571 - INFO - 正在按下组合键: down
2026-01-15 00:28:29,573 - INFO - 已成功按下并释放组合键: down
2026-01-15 00:28:29,574 - INFO - 已选中'搜索网络结果'选项
2026-01-15 00:28:30,076 - INFO - 按 Enter 键确认...
2026-01-15 00:28:30,076 - INFO - 正在按下组合键: enter
2026-01-15 00:28:30,079 - INFO - 已成功按下并释放组合键: enter
2026-01-15 00:28:30,079 - INFO - 已按 Enter 键
2026-01-15 00:28:33,080 - INFO - 微信搜索界面已打开
2026-01-15 00:28:33,080 - INFO - 微信搜索界面已打开
2026-01-15 00:28:33,080 - INFO - 
[步骤3.1.2] 搜索公众号URL并进入主页...
2026-01-15 00:28:33,081 - INFO - 正在复制公众号URL到剪贴板: https://mp.weixin.qq.com/mp/profile_ext?action=home&__biz=MzA3MzI4MjgzMw==&scene=124
2026-01-15 00:28:33,092 - INFO - 正在粘贴URL到搜索框...
2026-01-15 00:28:33,092 - INFO - 正在按下组合键: ctrl + v
2026-01-15 00:28:33,094 - INFO - 已成功按下并释放组合键: ctrl + v
2026-01-15 00:28:33,594 - INFO - URL已粘贴到搜索框
2026-01-15 00:28:33,594 - INFO - 正在按回车键触发搜索...
2026-01-15 00:28:33,595 - INFO - 正在按下组合键: enter
2026-01-15 00:28:33,597 - INFO - 已成功按下并释放组合键: enter
2026-01-15 00:28:33,598 - INFO - 已按回车键
2026-01-15 00:28:33,598 - INFO - 等待搜索结果出现...
2026-01-15 00:28:36,599 - INFO - 正在查找'访问网页'按钮...
2026-01-15 00:28:36,944 - INFO - 图像识别结果: Box(left=np.int64(1389), top=np.int64(267), width=123, height=60)
2026-01-15 00:28:36,944 - INFO - 找到目标按钮，物理像素坐标: (1450, 297)
2026-01-15 00:28:37,035 - INFO - 屏幕缩放比例: x=1.0, y=1.0
2026-01-15 00:28:37,036 - INFO - 转换后的逻辑坐标: (1450, 297)
2026-01-15 00:28:37,650 - INFO - 已点击位置: (1450, 297)
2026-01-15 00:28:37,650 - INFO - 已点击'访问网页'按钮
2026-01-15 00:28:37,650 - INFO - 等待公众号主页加载...
2026-01-15 00:28:40,651 - INFO - 公众号主页已加载完成
2026-01-15 00:28:40,651 - INFO - 已成功进入公众号主页
2026-01-15 00:28:40,652 - INFO - 
[步骤3.1.3] 开始采集当天所有文章...
2026-01-15 00:28:40,653 - INFO - 输出文件已初始化: output/articles_1_20260115_002840.md
2026-01-15 00:28:40,654 - INFO - ==================================================
2026-01-15 00:28:40,654 - INFO - 开始采集公众号文章
2026-01-15 00:28:40,655 - INFO - 当天日期: 2026年1月15日
2026-01-15 00:28:40,655 - INFO - 输出文件: output/articles_1_20260115_002840.md
2026-01-15 00:28:40,655 - INFO - ==================================================
2026-01-15 00:28:40,656 - INFO - 
--- 第 1 轮采集 ---
2026-01-15 00:28:41,049 - INFO - 截图已保存到: temp/screenshot.png
2026-01-15 00:28:41,052 - INFO - 正在识别当天日期文章位置，日期文本: 2026年1月15日
2026-01-15 00:29:01,357 - INFO - HTTP Request: POST https://dashscope.aliyuncs.com/compatible-mode/v1/chat/completions "HTTP/1.1 200 OK"
2026-01-15 00:29:19,404 - INFO - HTTP Request: POST https://dashscope.aliyuncs.com/compatible-mode/v1/chat/completions "HTTP/1.1 200 OK"
2026-01-15 00:29:19,407 - INFO - 识别到 10 个当天日期位置
2026-01-15 00:29:19,408 - INFO - 
处理第 1/10 个文章位置
2026-01-15 00:29:19,408 - INFO - 位置坐标: x=0.4038, y=0.2675
2026-01-15 00:29:19,409 - INFO - 点击进入文章...
2026-01-15 00:29:19,494 - INFO - 相对坐标: (0.4038, 0.2675) -> 物理像素: (1551, 578)
2026-01-15 00:29:19,567 - INFO - 缩放比例: (1.0, 1.0) -> 逻辑坐标: (1550, 577)
2026-01-15 00:29:20,183 - INFO - 已点击位置: (1550, 577)
2026-01-15 00:29:23,185 - INFO - 等待页面加载...
2026-01-15 00:29:26,186 - INFO - 正在全选页面内容 (Ctrl/cmd+A)...
2026-01-15 00:29:26,186 - INFO - 正在按下组合键: ctrl + a
2026-01-15 00:29:26,187 - INFO - 已成功按下并释放组合键: ctrl + a
2026-01-15 00:29:26,688 - INFO - 正在复制文章内容 (Ctrl/cmd+C)...
2026-01-15 00:29:26,688 - INFO - 正在按下组合键: ctrl + c
2026-01-15 00:29:26,691 - INFO - 已成功按下并释放组合键: ctrl + c
2026-01-15 00:36:01,692 - INFO - 正在访问页面: https://mp.weixin.qq.com/s/ZrBDFuugPyuoQp4S6wEBWQ
2026-01-15 00:36:02,434 - INFO - 成功获取页面内容，长度: 2781750 字符
2026-01-15 00:36:02,434 - INFO - 成功提取 biz: MzA3MzI4MjgzMw==
2026-01-15 00:36:02,435 - INFO - 从URL https://mp.weixin.qq.com/s/ZrBDFuugPyuoQp4S6wEBWQ 提取到biz: MzA3MzI4MjgzMw==
2026-01-15 00:36:02,435 - INFO - 正在访问页面: https://mp.weixin.qq.com/s/2Bs7ldBM-DKTjjyAcMvopA
2026-01-15 00:36:03,320 - INFO - 成功获取页面内容，长度: 2690984 字符
2026-01-15 00:36:03,320 - INFO - 成功提取 biz: MzIzNjc1NzUzMw==
2026-01-15 00:36:03,321 - INFO - 从URL https://mp.weixin.qq.com/s/2Bs7ldBM-DKTjjyAcMvopA 提取到biz: MzIzNjc1NzUzMw==
2026-01-15 00:36:08,329 - INFO - ============================================================
2026-01-15 00:36:08,329 - INFO - 开始执行公众号文章采集工作流
2026-01-15 00:36:08,329 - INFO - ============================================================
2026-01-15 00:36:08,329 - INFO - 
[步骤1] 打开/激活微信应用...
2026-01-15 00:36:08,422 - INFO - 微信已在运行，正在激活窗口...
2026-01-15 00:36:08,423 - INFO - 找到微信窗口: 微信
2026-01-15 00:36:08,423 - INFO - 微信窗口已激活到前台
2026-01-15 00:36:09,424 - INFO - 微信应用已就绪
2026-01-15 00:36:09,424 - INFO - 
[步骤2] 从配置文件构建公众号URL列表...
2026-01-15 00:36:09,424 - INFO - 正在访问页面: https://mp.weixin.qq.com/s/ZrBDFuugPyuoQp4S6wEBWQ
2026-01-15 00:36:10,170 - INFO - 成功获取页面内容，长度: 2783161 字符
2026-01-15 00:36:10,170 - INFO - 成功提取 biz: MzA3MzI4MjgzMw==
2026-01-15 00:36:10,171 - INFO - 从URL https://mp.weixin.qq.com/s/ZrBDFuugPyuoQp4S6wEBWQ 提取到biz: MzA3MzI4MjgzMw==
2026-01-15 00:36:10,171 - INFO - 正在访问页面: https://mp.weixin.qq.com/s/2Bs7ldBM-DKTjjyAcMvopA
2026-01-15 00:36:10,910 - INFO - 成功获取页面内容，长度: 2690976 字符
2026-01-15 00:36:10,910 - INFO - 成功提取 biz: MzIzNjc1NzUzMw==
2026-01-15 00:36:10,911 - INFO - 从URL https://mp.weixin.qq.com/s/2Bs7ldBM-DKTjjyAcMvopA 提取到biz: MzIzNjc1NzUzMw==
2026-01-15 00:36:10,911 - INFO - 成功构建 2 个公众号URL
2026-01-15 00:36:10,911 - INFO -   公众号 1: https://mp.weixin.qq.com/mp/profile_ext?action=home&__biz=MzA3MzI4MjgzMw==&scene...
2026-01-15 00:36:10,911 - INFO -   公众号 2: https://mp.weixin.qq.com/mp/profile_ext?action=home&__biz=MzIzNjc1NzUzMw==&scene...
2026-01-15 00:36:10,911 - INFO - 
[步骤3] 开始遍历公众号列表，依次采集文章...
2026-01-15 00:36:10,911 - INFO - 
============================================================
2026-01-15 00:36:10,911 - INFO - 正在处理第 1/2 个公众号
2026-01-15 00:36:10,911 - INFO - URL: https://mp.weixin.qq.com/mp/profile_ext?action=home&__biz=MzA3MzI4MjgzMw==&scene...
2026-01-15 00:36:10,911 - INFO - ============================================================
2026-01-15 00:36:10,911 - INFO - 
[步骤3.1.1] 打开微信搜索功能...
2026-01-15 00:36:10,911 - INFO - 正在打开微信搜索...
2026-01-15 00:36:10,912 - INFO - 正在按下组合键: ctrl + f
2026-01-15 00:36:10,913 - INFO - 已成功按下并释放组合键: ctrl + f
2026-01-15 00:36:10,913 - INFO - 已发送 ctrl+f 快捷键
2026-01-15 00:36:10,913 - INFO - 等待搜索框出现...
2026-01-15 00:36:13,914 - INFO - 按向下键选中'搜索网络结果'选项...
2026-01-15 00:36:13,914 - INFO - 正在按下组合键: down
2026-01-15 00:36:13,916 - INFO - 已成功按下并释放组合键: down
2026-01-15 00:36:13,916 - INFO - 已选中'搜索网络结果'选项
2026-01-15 00:36:14,417 - INFO - 按 Enter 键确认...
2026-01-15 00:36:14,417 - INFO - 正在按下组合键: enter
2026-01-15 00:36:14,419 - INFO - 已成功按下并释放组合键: enter
2026-01-15 00:36:14,419 - INFO - 已按 Enter 键
2026-01-15 00:36:17,419 - INFO - 微信搜索界面已打开
2026-01-15 00:36:17,420 - INFO - 微信搜索界面已打开
2026-01-15 00:36:17,420 - INFO - 
[步骤3.1.2] 搜索公众号URL并进入主页...
2026-01-15 00:36:17,420 - INFO - 正在复制公众号URL到剪贴板: https://mp.weixin.qq.com/mp/profile_ext?action=home&__biz=MzA3MzI4MjgzMw==&scene=124
2026-01-15 00:36:17,436 - INFO - 正在粘贴URL到搜索框...
2026-01-15 00:36:17,436 - INFO - 正在按下组合键: ctrl + v
2026-01-15 00:36:17,438 - INFO - 已成功按下并释放组合键: ctrl + v
2026-01-15 00:36:17,939 - INFO - URL已粘贴到搜索框
2026-01-15 00:36:17,939 - INFO - 正在按回车键触发搜索...
2026-01-15 00:36:17,939 - INFO - 正在按下组合键: enter
2026-01-15 00:36:17,941 - INFO - 已成功按下并释放组合键: enter
2026-01-15 00:36:17,941 - INFO - 已按回车键
2026-01-15 00:36:17,942 - INFO - 等待搜索结果出现...
2026-01-15 00:36:20,942 - INFO - 正在查找'访问网页'按钮...
2026-01-15 00:36:21,266 - INFO - 图像识别结果: Box(left=np.int64(1389), top=np.int64(267), width=123, height=60)
2026-01-15 00:36:21,267 - INFO - 找到目标按钮，物理像素坐标: (1450, 297)
2026-01-15 00:36:21,367 - INFO - 屏幕缩放比例: x=1.0, y=1.0
2026-01-15 00:36:21,367 - INFO - 转换后的逻辑坐标: (1450, 297)
2026-01-15 00:36:21,980 - INFO - 已点击位置: (1450, 297)
2026-01-15 00:36:21,980 - INFO - 已点击'访问网页'按钮
2026-01-15 00:36:21,980 - INFO - 等待公众号主页加载...
2026-01-15 00:36:24,980 - INFO - 公众号主页已加载完成
2026-01-15 00:36:24,981 - INFO - 已成功进入公众号主页
2026-01-15 00:36:24,981 - INFO - 
[步骤3.1.3] 开始采集当天所有文章...
2026-01-15 00:36:24,982 - INFO - 输出文件已初始化: output/articles_1_20260115_003624.md
2026-01-15 00:36:24,982 - INFO - ==================================================
2026-01-15 00:36:24,982 - INFO - 开始采集公众号文章
2026-01-15 00:36:24,982 - INFO - 当天日期: 2026年1月15日
2026-01-15 00:36:24,982 - INFO - 输出文件: output/articles_1_20260115_003624.md
2026-01-15 00:36:24,982 - INFO - ==================================================
2026-01-15 00:36:24,982 - INFO - 
--- 第 1 轮采集 ---
2026-01-15 00:36:25,219 - INFO - 截图已保存到: temp/screenshot.png
2026-01-15 00:36:25,220 - INFO - 正在识别当天日期文章位置，日期文本: 2026年1月15日
2026-01-15 00:36:29,604 - INFO - HTTP Request: POST https://dashscope.aliyuncs.com/compatible-mode/v1/chat/completions "HTTP/1.1 200 OK"
2026-01-15 00:36:29,636 - INFO - 识别到 1 个当天日期位置
2026-01-15 00:36:29,636 - INFO - 
处理第 1/1 个文章位置
2026-01-15 00:36:29,636 - INFO - 位置坐标: x=0.4139, y=0.9864
2026-01-15 00:36:29,636 - INFO - 点击进入文章...
2026-01-15 00:36:29,719 - INFO - 相对坐标: (0.4139, 0.9864) -> 物理像素: (1589, 2131)
2026-01-15 00:36:29,815 - INFO - 缩放比例: (1.0, 1.0) -> 逻辑坐标: (1589, 2130)
2026-01-15 00:36:30,430 - INFO - 已点击位置: (1589, 2130)
2026-01-15 00:36:33,432 - INFO - 等待页面加载...
2026-01-15 00:36:36,433 - INFO - 正在全选页面内容 (Ctrl/cmd+A)...
2026-01-15 00:36:36,433 - INFO - 正在按下组合键: ctrl + a
2026-01-15 00:36:36,438 - INFO - 已成功按下并释放组合键: ctrl + a
2026-01-15 00:36:36,938 - INFO - 正在复制文章内容 (Ctrl/cmd+C)...
2026-01-15 00:36:36,939 - INFO - 正在按下组合键: ctrl + c
2026-01-15 00:36:36,942 - INFO - 已成功按下并释放组合键: ctrl + c
2026-01-15 00:36:37,443 - INFO - 已复制页面内容，长度: 84 字符
2026-01-15 00:36:37,443 - INFO - 正在查找'三个点'按钮...
2026-01-15 00:36:37,797 - INFO - 图像识别结果: Box(left=np.int64(3645), top=np.int64(6), width=41, height=42)
2026-01-15 00:36:37,797 - INFO - 找到目标按钮，物理像素坐标: (3665, 27)
2026-01-15 00:36:37,890 - INFO - 屏幕缩放比例: x=1.0, y=1.0
2026-01-15 00:36:37,890 - INFO - 转换后的逻辑坐标: (3665, 27)
2026-01-15 00:36:38,496 - INFO - 已点击位置: (3665, 27)
2026-01-15 00:36:38,496 - INFO - 已点击'三个点'按钮
2026-01-15 00:36:38,496 - INFO - 等待菜单出现...
2026-01-15 00:36:41,497 - INFO - 按5次向下箭头选中'复制链接'选项...
2026-01-15 00:36:41,497 - INFO - 正在按下组合键: down
2026-01-15 00:36:41,498 - INFO - 已成功按下并释放组合键: down
2026-01-15 00:36:41,999 - INFO - 正在按下组合键: down
2026-01-15 00:36:42,002 - INFO - 已成功按下并释放组合键: down
2026-01-15 00:36:42,502 - INFO - 正在按下组合键: down
2026-01-15 00:36:42,505 - INFO - 已成功按下并释放组合键: down
2026-01-15 00:36:43,005 - INFO - 正在按下组合键: down
2026-01-15 00:36:43,007 - INFO - 已成功按下并释放组合键: down
2026-01-15 00:36:43,508 - INFO - 正在按下组合键: down
2026-01-15 00:36:43,510 - INFO - 已成功按下并释放组合键: down
2026-01-15 00:36:44,011 - INFO - 按 Enter 复制链接...
2026-01-15 00:36:44,011 - INFO - 正在按下组合键: enter
2026-01-15 00:36:44,014 - INFO - 已成功按下并释放组合键: enter
2026-01-15 00:36:44,516 - INFO - 已复制文章链接: https://mp.weixin.qq.com/mp/profile_ext?action=home&__biz=MzA3MzI4MjgzMw==&scene=124
2026-01-15 00:36:44,517 - INFO - 文章 1 已保存到: output/articles_1_20260115_003624.md
2026-01-15 00:36:44,518 - INFO - 文章 1 采集成功
2026-01-15 00:36:44,518 - INFO - 正在查找'返回'按钮...
2026-01-15 00:36:44,909 - INFO - 图像识别结果: Box(left=np.int64(6), top=np.int64(0), width=48, height=60)
2026-01-15 00:36:44,909 - INFO - 找到目标按钮，物理像素坐标: (30, 30)
2026-01-15 00:36:44,985 - INFO - 屏幕缩放比例: x=1.0, y=1.0
2026-01-15 00:36:44,986 - INFO - 转换后的逻辑坐标: (30, 30)
2026-01-15 00:36:45,096 - INFO - 已点击位置: (30, 30)
2026-01-15 00:36:45,096 - INFO - 已点击'返回'按钮
2026-01-15 00:36:45,096 - INFO - 等待公众号主页加载...
2026-01-15 00:36:48,096 - INFO - 已返回公众号主页
2026-01-15 00:36:48,264 - INFO - 截图已保存到: temp/screenshot.png
2026-01-15 00:36:48,266 - INFO - 检查是否存在更早日期，昨天日期: 2026年1月14日
2026-01-15 00:36:50,800 - INFO - HTTP Request: POST https://dashscope.aliyuncs.com/compatible-mode/v1/chat/completions "HTTP/1.1 200 OK"
2026-01-15 00:36:50,816 - INFO - 发现昨天日期，当天文章已全部显示
2026-01-15 00:36:50,817 - INFO - 已发现更早日期，当天文章采集完毕
2026-01-15 00:36:50,817 - INFO - 
==================================================
2026-01-15 00:36:50,817 - INFO - 文章采集完成
2026-01-15 00:36:50,817 - INFO - 共采集 1 篇文章
2026-01-15 00:36:50,817 - INFO - 输出文件: output/articles_1_20260115_003624.md
2026-01-15 00:36:50,817 - INFO - ==================================================
2026-01-15 00:36:50,817 - INFO - 
公众号 1 采集完成！
2026-01-15 00:36:50,817 - INFO -   - 文章数量: 1
2026-01-15 00:36:50,817 - INFO -   - 输出文件: output/articles_1_20260115_003624.md
2026-01-15 00:36:50,817 - INFO - 
[步骤3.1.4] 关闭当前页面，准备处理下一个公众号...
2026-01-15 00:36:50,817 - INFO - 按 ctrl+w 关闭窗口...
2026-01-15 00:36:50,817 - INFO - 正在按下组合键: ctrl + w
2026-01-15 00:36:50,821 - INFO - 已成功按下并释放组合键: ctrl + w
2026-01-15 00:36:51,321 - INFO - 正在按下组合键: ctrl + w
2026-01-15 00:36:51,328 - INFO - 已成功按下并释放组合键: ctrl + w
2026-01-15 00:36:54,329 - INFO - 已返回微信主界面
2026-01-15 00:36:54,329 - INFO - 
============================================================
2026-01-15 00:36:54,329 - INFO - 正在处理第 2/2 个公众号
2026-01-15 00:36:54,329 - INFO - URL: https://mp.weixin.qq.com/mp/profile_ext?action=home&__biz=MzIzNjc1NzUzMw==&scene...
2026-01-15 00:36:54,329 - INFO - ============================================================
2026-01-15 00:36:54,329 - INFO - 
[步骤3.2.1] 打开微信搜索功能...
2026-01-15 00:36:54,329 - INFO - 正在打开微信搜索...
2026-01-15 00:36:54,329 - INFO - 正在按下组合键: ctrl + f
2026-01-15 00:36:54,334 - INFO - 已成功按下并释放组合键: ctrl + f
2026-01-15 00:36:54,334 - INFO - 已发送 ctrl+f 快捷键
2026-01-15 00:36:54,334 - INFO - 等待搜索框出现...
2026-01-15 00:36:57,334 - INFO - 按向下键选中'搜索网络结果'选项...
2026-01-15 00:36:57,335 - INFO - 正在按下组合键: down
2026-01-15 00:36:57,339 - INFO - 已成功按下并释放组合键: down
2026-01-15 00:36:57,339 - INFO - 已选中'搜索网络结果'选项
2026-01-15 00:36:57,840 - INFO - 按 Enter 键确认...
2026-01-15 00:36:57,840 - INFO - 正在按下组合键: enter
2026-01-15 00:36:57,842 - INFO - 已成功按下并释放组合键: enter
2026-01-15 00:36:57,842 - INFO - 已按 Enter 键
2026-01-15 00:37:00,843 - INFO - 微信搜索界面已打开
2026-01-15 00:37:00,843 - INFO - 微信搜索界面已打开
2026-01-15 00:37:00,843 - INFO - 
[步骤3.2.2] 搜索公众号URL并进入主页...
2026-01-15 00:37:00,843 - INFO - 正在复制公众号URL到剪贴板: https://mp.weixin.qq.com/mp/profile_ext?action=home&__biz=MzIzNjc1NzUzMw==&scene=124
2026-01-15 00:37:00,855 - INFO - 正在粘贴URL到搜索框...
2026-01-15 00:37:00,855 - INFO - 正在按下组合键: ctrl + v
2026-01-15 00:37:00,856 - INFO - 已成功按下并释放组合键: ctrl + v
2026-01-15 00:37:01,357 - INFO - URL已粘贴到搜索框
2026-01-15 00:37:01,357 - INFO - 正在按回车键触发搜索...
2026-01-15 00:37:01,357 - INFO - 正在按下组合键: enter
2026-01-15 00:37:01,358 - INFO - 已成功按下并释放组合键: enter
2026-01-15 00:37:01,358 - INFO - 已按回车键
2026-01-15 00:37:01,358 - INFO - 等待搜索结果出现...
2026-01-15 00:37:04,358 - INFO - 正在查找'访问网页'按钮...
2026-01-15 00:37:04,697 - INFO - 图像识别结果: Box(left=np.int64(1389), top=np.int64(207), width=123, height=60)
2026-01-15 00:37:04,698 - INFO - 找到目标按钮，物理像素坐标: (1450, 237)
2026-01-15 00:37:04,811 - INFO - 屏幕缩放比例: x=1.0, y=1.0
2026-01-15 00:37:04,811 - INFO - 转换后的逻辑坐标: (1450, 237)
2026-01-15 00:37:05,430 - INFO - 已点击位置: (1450, 237)
2026-01-15 00:37:05,430 - INFO - 已点击'访问网页'按钮
2026-01-15 00:37:05,431 - INFO - 等待公众号主页加载...
2026-01-15 00:37:08,431 - INFO - 公众号主页已加载完成
2026-01-15 00:37:08,431 - INFO - 已成功进入公众号主页
2026-01-15 00:37:08,432 - INFO - 
[步骤3.2.3] 开始采集当天所有文章...
2026-01-15 00:37:08,434 - INFO - 输出文件已初始化: output/articles_2_20260115_003708.md
2026-01-15 00:37:08,434 - INFO - ==================================================
2026-01-15 00:37:08,434 - INFO - 开始采集公众号文章
2026-01-15 00:37:08,434 - INFO - 当天日期: 2026年1月15日
2026-01-15 00:37:08,434 - INFO - 输出文件: output/articles_2_20260115_003708.md
2026-01-15 00:37:08,434 - INFO - ==================================================
2026-01-15 00:37:08,434 - INFO - 
--- 第 1 轮采集 ---
2026-01-15 00:37:08,641 - INFO - 截图已保存到: temp/screenshot.png
2026-01-15 00:37:08,642 - INFO - 正在识别当天日期文章位置，日期文本: 2026年1月15日
2026-01-15 00:37:12,252 - INFO - HTTP Request: POST https://dashscope.aliyuncs.com/compatible-mode/v1/chat/completions "HTTP/1.1 200 OK"
2026-01-15 00:37:12,268 - INFO - 识别到 1 个当天日期位置
2026-01-15 00:37:12,269 - INFO - 
处理第 1/1 个文章位置
2026-01-15 00:37:12,269 - INFO - 位置坐标: x=0.4038, y=0.9867
2026-01-15 00:37:12,269 - INFO - 点击进入文章...
2026-01-15 00:37:12,354 - INFO - 相对坐标: (0.4038, 0.9867) -> 物理像素: (1551, 2131)
2026-01-15 00:37:12,437 - INFO - 缩放比例: (1.0, 1.0) -> 逻辑坐标: (1550, 2131)
2026-01-15 00:37:13,047 - INFO - 已点击位置: (1550, 2131)
2026-01-15 00:37:16,048 - INFO - 等待页面加载...
2026-01-15 00:37:19,049 - INFO - 正在全选页面内容 (Ctrl/cmd+A)...
2026-01-15 00:37:19,049 - INFO - 正在按下组合键: ctrl + a
2026-01-15 00:37:19,053 - INFO - 已成功按下并释放组合键: ctrl + a
2026-01-15 00:37:19,553 - INFO - 正在复制文章内容 (Ctrl/cmd+C)...
2026-01-15 00:37:19,554 - INFO - 正在按下组合键: ctrl + c
2026-01-15 00:37:19,560 - INFO - 已成功按下并释放组合键: ctrl + c
2026-01-15 00:37:20,061 - INFO - 已复制页面内容，长度: 84 字符
2026-01-15 00:37:20,061 - INFO - 正在查找'三个点'按钮...
2026-01-15 00:37:20,441 - INFO - 图像识别结果: Box(left=np.int64(3645), top=np.int64(6), width=41, height=42)
2026-01-15 00:37:20,441 - INFO - 找到目标按钮，物理像素坐标: (3665, 27)
2026-01-15 00:37:20,514 - INFO - 屏幕缩放比例: x=1.0, y=1.0
2026-01-15 00:37:20,515 - INFO - 转换后的逻辑坐标: (3665, 27)
2026-01-15 00:37:21,130 - INFO - 已点击位置: (3665, 27)
2026-01-15 00:37:21,130 - INFO - 已点击'三个点'按钮
2026-01-15 00:37:21,130 - INFO - 等待菜单出现...
2026-01-15 00:37:24,131 - INFO - 按5次向下箭头选中'复制链接'选项...
2026-01-15 00:37:24,131 - INFO - 正在按下组合键: down
2026-01-15 00:37:24,133 - INFO - 已成功按下并释放组合键: down
2026-01-15 00:37:24,634 - INFO - 正在按下组合键: down
2026-01-15 00:37:24,636 - INFO - 已成功按下并释放组合键: down
2026-01-15 00:37:25,136 - INFO - 正在按下组合键: down
2026-01-15 00:37:25,138 - INFO - 已成功按下并释放组合键: down
2026-01-15 00:37:25,639 - INFO - 正在按下组合键: down
2026-01-15 00:37:25,641 - INFO - 已成功按下并释放组合键: down
2026-01-15 00:37:26,141 - INFO - 正在按下组合键: down
2026-01-15 00:37:26,142 - INFO - 已成功按下并释放组合键: down
2026-01-15 00:37:26,642 - INFO - 按 Enter 复制链接...
2026-01-15 00:37:26,643 - INFO - 正在按下组合键: enter
2026-01-15 00:37:26,645 - INFO - 已成功按下并释放组合键: enter
2026-01-15 00:37:27,145 - INFO - 已复制文章链接: https://mp.weixin.qq.com/mp/profile_ext?action=home&__biz=MzIzNjc1NzUzMw==&scene=124
2026-01-15 00:37:27,147 - INFO - 文章 1 已保存到: output/articles_2_20260115_003708.md
2026-01-15 00:37:27,147 - INFO - 文章 1 采集成功
2026-01-15 00:37:27,147 - INFO - 正在查找'返回'按钮...
2026-01-15 00:37:27,483 - INFO - 图像识别结果: Box(left=np.int64(6), top=np.int64(0), width=48, height=60)
2026-01-15 00:37:27,483 - INFO - 找到目标按钮，物理像素坐标: (30, 30)
2026-01-15 00:37:27,571 - INFO - 屏幕缩放比例: x=1.0, y=1.0
2026-01-15 00:37:27,571 - INFO - 转换后的逻辑坐标: (30, 30)
2026-01-15 00:37:27,678 - INFO - 已点击位置: (30, 30)
2026-01-15 00:37:27,679 - INFO - 已点击'返回'按钮
2026-01-15 00:37:27,679 - INFO - 等待公众号主页加载...
2026-01-15 00:37:30,679 - INFO - 已返回公众号主页
2026-01-15 00:37:30,828 - INFO - 截图已保存到: temp/screenshot.png
2026-01-15 00:37:30,829 - INFO - 检查是否存在更早日期，昨天日期: 2026年1月14日
2026-01-15 00:37:33,596 - INFO - HTTP Request: POST https://dashscope.aliyuncs.com/compatible-mode/v1/chat/completions "HTTP/1.1 200 OK"
2026-01-15 00:37:33,603 - INFO - 发现昨天日期，当天文章已全部显示
2026-01-15 00:37:33,603 - INFO - 已发现更早日期，当天文章采集完毕
2026-01-15 00:37:33,603 - INFO - 
==================================================
2026-01-15 00:37:33,603 - INFO - 文章采集完成
2026-01-15 00:37:33,603 - INFO - 共采集 1 篇文章
2026-01-15 00:37:33,603 - INFO - 输出文件: output/articles_2_20260115_003708.md
2026-01-15 00:37:33,603 - INFO - ==================================================
2026-01-15 00:37:33,603 - INFO - 
公众号 2 采集完成！
2026-01-15 00:37:33,603 - INFO -   - 文章数量: 1
2026-01-15 00:37:33,603 - INFO -   - 输出文件: output/articles_2_20260115_003708.md
2026-01-15 00:37:33,603 - INFO - 
============================================================
2026-01-15 00:37:33,603 - INFO - 所有公众号采集任务完成
2026-01-15 00:37:33,603 - INFO - ============================================================
2026-01-15 00:37:33,603 - INFO - 
📊 采集统计报告:
2026-01-15 00:37:33,603 - INFO -   ✅ 公众号总数: 2
2026-01-15 00:37:33,603 - INFO -   ✅ 成功采集: 2
2026-01-15 00:37:33,603 - INFO -   ❌ 失败数量: 0
2026-01-15 00:37:33,603 - INFO -   📝 文章总数: 2
2026-01-15 00:37:33,603 - INFO - 
📋 详细结果:
2026-01-15 00:37:33,603 - INFO -   公众号 1: ✅ 成功 - 1 篇文章
2026-01-15 00:37:33,603 - INFO -            输出: output/articles_1_20260115_003624.md
2026-01-15 00:37:33,603 - INFO -   公众号 2: ✅ 成功 - 1 篇文章
2026-01-15 00:37:33,603 - INFO -            输出: output/articles_2_20260115_003708.md
2026-01-15 00:37:33,603 - INFO - 
============================================================
2026-01-15 00:48:58,023 - INFO - 正在访问页面: https://mp.weixin.qq.com/s/ZrBDFuugPyuoQp4S6wEBWQ
2026-01-15 00:48:58,958 - INFO - 成功获取页面内容，长度: 2783125 字符
2026-01-15 00:48:58,958 - INFO - 成功提取 biz: MzA3MzI4MjgzMw==
2026-01-15 00:48:58,959 - INFO - 从URL https://mp.weixin.qq.com/s/ZrBDFuugPyuoQp4S6wEBWQ 提取到biz: MzA3MzI4MjgzMw==
2026-01-15 00:48:58,959 - INFO - 正在访问页面: https://mp.weixin.qq.com/s/2Bs7ldBM-DKTjjyAcMvopA
2026-01-15 00:48:59,714 - INFO - 成功获取页面内容，长度: 2690921 字符
2026-01-15 00:48:59,714 - INFO - 成功提取 biz: MzIzNjc1NzUzMw==
2026-01-15 00:48:59,715 - INFO - 从URL https://mp.weixin.qq.com/s/2Bs7ldBM-DKTjjyAcMvopA 提取到biz: MzIzNjc1NzUzMw==
2026-01-15 00:49:04,725 - INFO - ============================================================
2026-01-15 00:49:04,725 - INFO - 开始执行公众号文章采集工作流
2026-01-15 00:49:04,725 - INFO - ============================================================
2026-01-15 00:49:04,725 - INFO - 
[步骤1] 打开/激活微信应用...
2026-01-15 00:49:04,821 - INFO - 微信已在运行，正在激活窗口...
2026-01-15 00:49:04,822 - INFO - 找到微信窗口: 微信
2026-01-15 00:49:04,822 - INFO - 微信窗口已最小化，正在恢复...
2026-01-15 00:49:04,839 - INFO - 微信窗口已激活到前台
2026-01-15 00:49:05,840 - INFO - 微信应用已就绪
2026-01-15 00:49:05,840 - INFO - 
[步骤2] 从配置文件构建公众号URL列表...
2026-01-15 00:49:05,841 - INFO - 正在访问页面: https://mp.weixin.qq.com/s/ZrBDFuugPyuoQp4S6wEBWQ
2026-01-15 00:49:06,427 - INFO - 成功获取页面内容，长度: 2783195 字符
2026-01-15 00:49:06,427 - INFO - 成功提取 biz: MzA3MzI4MjgzMw==
2026-01-15 00:49:06,428 - INFO - 从URL https://mp.weixin.qq.com/s/ZrBDFuugPyuoQp4S6wEBWQ 提取到biz: MzA3MzI4MjgzMw==
2026-01-15 00:49:06,428 - INFO - 正在访问页面: https://mp.weixin.qq.com/s/2Bs7ldBM-DKTjjyAcMvopA
2026-01-15 00:49:07,343 - INFO - 成功获取页面内容，长度: 2690929 字符
2026-01-15 00:49:07,343 - INFO - 成功提取 biz: MzIzNjc1NzUzMw==
2026-01-15 00:49:07,344 - INFO - 从URL https://mp.weixin.qq.com/s/2Bs7ldBM-DKTjjyAcMvopA 提取到biz: MzIzNjc1NzUzMw==
2026-01-15 00:49:07,344 - INFO - 成功构建 2 个公众号URL
2026-01-15 00:49:07,344 - INFO -   公众号 1: https://mp.weixin.qq.com/mp/profile_ext?action=home&__biz=MzA3MzI4MjgzMw==&scene...
2026-01-15 00:49:07,344 - INFO -   公众号 2: https://mp.weixin.qq.com/mp/profile_ext?action=home&__biz=MzIzNjc1NzUzMw==&scene...
2026-01-15 00:49:07,344 - INFO - 
[步骤3] 开始遍历公众号列表，依次采集文章...
2026-01-15 00:49:07,344 - INFO - 
============================================================
2026-01-15 00:49:07,344 - INFO - 正在处理第 1/2 个公众号
2026-01-15 00:49:07,344 - INFO - URL: https://mp.weixin.qq.com/mp/profile_ext?action=home&__biz=MzA3MzI4MjgzMw==&scene...
2026-01-15 00:49:07,344 - INFO - ============================================================
2026-01-15 00:49:07,344 - INFO - 
[步骤3.1.1] 打开微信搜索功能...
2026-01-15 00:49:07,344 - INFO - 正在打开微信搜索...
2026-01-15 00:49:07,344 - INFO - 正在按下组合键: ctrl + f
2026-01-15 00:49:07,346 - INFO - 已成功按下并释放组合键: ctrl + f
2026-01-15 00:49:07,346 - INFO - 已发送 ctrl+f 快捷键
2026-01-15 00:49:07,346 - INFO - 等待搜索框出现...
2026-01-15 00:49:10,346 - INFO - 按向下键选中'搜索网络结果'选项...
2026-01-15 00:49:10,346 - INFO - 正在按下组合键: down
2026-01-15 00:49:10,347 - INFO - 已成功按下并释放组合键: down
2026-01-15 00:49:10,347 - INFO - 已选中'搜索网络结果'选项
2026-01-15 00:49:10,848 - INFO - 按 Enter 键确认...
2026-01-15 00:49:10,848 - INFO - 正在按下组合键: enter
2026-01-15 00:49:10,854 - INFO - 已成功按下并释放组合键: enter
2026-01-15 00:49:10,854 - INFO - 已按 Enter 键
2026-01-15 00:49:13,854 - INFO - 微信搜索界面已打开
2026-01-15 00:49:13,855 - INFO - 微信搜索界面已打开
2026-01-15 00:49:13,855 - INFO - 
[步骤3.1.2] 搜索公众号URL并进入主页...
2026-01-15 00:49:13,855 - INFO - 正在复制公众号URL到剪贴板: https://mp.weixin.qq.com/mp/profile_ext?action=home&__biz=MzA3MzI4MjgzMw==&scene=124
2026-01-15 00:49:13,874 - INFO - 正在粘贴URL到搜索框...
2026-01-15 00:49:13,874 - INFO - 正在按下组合键: ctrl + v
2026-01-15 00:49:13,876 - INFO - 已成功按下并释放组合键: ctrl + v
2026-01-15 00:49:14,376 - INFO - URL已粘贴到搜索框
2026-01-15 00:49:14,377 - INFO - 正在按回车键触发搜索...
2026-01-15 00:49:14,377 - INFO - 正在按下组合键: enter
2026-01-15 00:49:14,379 - INFO - 已成功按下并释放组合键: enter
2026-01-15 00:49:14,379 - INFO - 已按回车键
2026-01-15 00:49:14,379 - INFO - 等待搜索结果出现...
2026-01-15 00:49:17,379 - INFO - 正在查找'访问网页'按钮...
2026-01-15 00:49:17,712 - INFO - 图像识别结果: Box(left=np.int64(1389), top=np.int64(267), width=123, height=60)
2026-01-15 00:49:17,712 - INFO - 找到目标按钮，物理像素坐标: (1450, 297)
2026-01-15 00:49:17,799 - INFO - 屏幕缩放比例: x=1.0, y=1.0
2026-01-15 00:49:17,799 - INFO - 转换后的逻辑坐标: (1450, 297)
2026-01-15 00:49:18,407 - INFO - 已点击位置: (1450, 297)
2026-01-15 00:49:18,408 - INFO - 已点击'访问网页'按钮
2026-01-15 00:49:18,408 - INFO - 等待公众号主页加载...
2026-01-15 00:49:21,408 - INFO - 公众号主页已加载完成
2026-01-15 00:49:21,408 - INFO - 已成功进入公众号主页
2026-01-15 00:49:21,408 - INFO - 
[步骤3.1.3] 开始采集当天所有文章链接...
2026-01-15 00:49:21,409 - INFO - 输出文件已初始化: output/articles_1_20260115_004921.md
2026-01-15 00:49:21,409 - INFO - ==================================================
2026-01-15 00:49:21,410 - INFO - 开始采集公众号文章
2026-01-15 00:49:21,410 - INFO - 当天日期: 2026年1月15日
2026-01-15 00:49:21,410 - INFO - 输出文件: output/articles_1_20260115_004921.md
2026-01-15 00:49:21,410 - INFO - ==================================================
2026-01-15 00:49:21,410 - INFO - 
--- 第 1 轮采集 ---
2026-01-15 00:49:21,614 - INFO - 截图已保存到: temp/screenshot.png
2026-01-15 00:49:21,615 - INFO - 正在识别当天日期文章位置，日期文本: 2026年1月15日
2026-01-15 00:49:54,914 - INFO - HTTP Request: POST https://dashscope.aliyuncs.com/compatible-mode/v1/chat/completions "HTTP/1.1 200 OK"
2026-01-15 00:49:54,932 - INFO - 识别到 10 个当天日期位置
2026-01-15 00:49:54,932 - INFO - 
处理第 1/10 个文章位置
2026-01-15 00:49:54,932 - INFO - 位置坐标: x=0.4138, y=0.2669
2026-01-15 00:49:54,932 - INFO - 点击进入文章...
2026-01-15 00:49:55,019 - INFO - 相对坐标: (0.4138, 0.2669) -> 物理像素: (1589, 576)
2026-01-15 00:49:55,098 - INFO - 缩放比例: (1.0, 1.0) -> 逻辑坐标: (1589, 576)
2026-01-15 00:49:55,707 - INFO - 已点击位置: (1589, 576)
2026-01-15 00:49:58,711 - INFO - 正在查找'三个点'按钮...
2026-01-15 00:49:59,018 - INFO - 图像识别结果: Box(left=np.int64(3645), top=np.int64(6), width=41, height=42)
2026-01-15 00:49:59,018 - INFO - 找到目标按钮，物理像素坐标: (3665, 27)
2026-01-15 00:49:59,089 - INFO - 屏幕缩放比例: x=1.0, y=1.0
2026-01-15 00:49:59,090 - INFO - 转换后的逻辑坐标: (3665, 27)
2026-01-15 00:49:59,724 - INFO - 已点击位置: (3665, 27)
2026-01-15 00:49:59,724 - INFO - 已点击'三个点'按钮
2026-01-15 00:49:59,724 - INFO - 等待菜单出现...
2026-01-15 00:50:02,725 - INFO - 按5次向下箭头选中'复制链接'选项...
2026-01-15 00:50:02,725 - INFO - 正在按下组合键: down
2026-01-15 00:50:02,727 - INFO - 已成功按下并释放组合键: down
2026-01-15 00:50:03,231 - INFO - 正在按下组合键: down
2026-01-15 00:50:03,233 - INFO - 已成功按下并释放组合键: down
2026-01-15 00:50:03,734 - INFO - 正在按下组合键: down
2026-01-15 00:50:03,736 - INFO - 已成功按下并释放组合键: down
2026-01-15 00:50:04,236 - INFO - 正在按下组合键: down
2026-01-15 00:50:04,240 - INFO - 已成功按下并释放组合键: down
2026-01-15 00:50:04,740 - INFO - 正在按下组合键: down
2026-01-15 00:50:04,743 - INFO - 已成功按下并释放组合键: down
2026-01-15 00:50:05,243 - INFO - 按 Enter 复制链接...
2026-01-15 00:50:05,243 - INFO - 正在按下组合键: enter
2026-01-15 00:50:05,245 - INFO - 已成功按下并释放组合键: enter
2026-01-15 00:50:05,747 - INFO - 已复制文章链接: https://mp.weixin.qq.com/mp/profile_ext?action=home&__biz=MzA3MzI4MjgzMw==&scene=124
2026-01-15 00:50:05,749 - INFO - 文章 1 链接已保存到: output/articles_1_20260115_004921.md
2026-01-15 00:50:05,749 - INFO - 文章 1 链接采集成功
2026-01-15 00:50:05,749 - INFO - 正在查找'返回'按钮...
2026-01-15 00:50:06,084 - INFO - 图像识别结果: Box(left=np.int64(6), top=np.int64(0), width=48, height=60)
2026-01-15 00:50:06,084 - INFO - 找到目标按钮，物理像素坐标: (30, 30)
2026-01-15 00:50:06,161 - INFO - 屏幕缩放比例: x=1.0, y=1.0
2026-01-15 00:50:06,161 - INFO - 转换后的逻辑坐标: (30, 30)
2026-01-15 00:50:06,274 - INFO - 已点击位置: (30, 30)
2026-01-15 00:50:06,274 - INFO - 已点击'返回'按钮
2026-01-15 00:50:06,274 - INFO - 等待公众号主页加载...
2026-01-15 00:50:09,274 - INFO - 已返回公众号主页
2026-01-15 00:50:09,274 - INFO - 
处理第 2/10 个文章位置
2026-01-15 00:50:09,274 - INFO - 位置坐标: x=0.4138, y=0.3422
2026-01-15 00:50:09,275 - INFO - 点击进入文章...
2026-01-15 00:50:09,383 - INFO - 相对坐标: (0.4138, 0.3422) -> 物理像素: (1589, 739)
2026-01-15 00:50:09,473 - INFO - 缩放比例: (1.0, 1.0) -> 逻辑坐标: (1589, 739)
2026-01-15 00:50:10,090 - INFO - 已点击位置: (1589, 739)
2026-01-15 00:50:13,092 - INFO - 正在查找'三个点'按钮...
2026-01-15 00:50:13,429 - INFO - 图像识别结果: Box(left=np.int64(3645), top=np.int64(6), width=41, height=42)
2026-01-15 00:50:13,429 - INFO - 找到目标按钮，物理像素坐标: (3665, 27)
2026-01-15 00:50:13,512 - INFO - 屏幕缩放比例: x=1.0, y=1.0
2026-01-15 00:50:13,512 - INFO - 转换后的逻辑坐标: (3665, 27)
2026-01-15 00:50:14,124 - INFO - 已点击位置: (3665, 27)
2026-01-15 00:50:14,124 - INFO - 已点击'三个点'按钮
2026-01-15 00:50:14,124 - INFO - 等待菜单出现...
2026-01-15 00:50:17,124 - INFO - 按5次向下箭头选中'复制链接'选项...
2026-01-15 00:50:17,124 - INFO - 正在按下组合键: down
2026-01-15 00:50:17,125 - INFO - 已成功按下并释放组合键: down
2026-01-15 00:50:17,625 - INFO - 正在按下组合键: down
2026-01-15 00:50:17,626 - INFO - 已成功按下并释放组合键: down
2026-01-15 00:50:18,126 - INFO - 正在按下组合键: down
2026-01-15 00:50:18,127 - INFO - 已成功按下并释放组合键: down
2026-01-15 00:50:18,628 - INFO - 正在按下组合键: down
2026-01-15 00:50:18,629 - INFO - 已成功按下并释放组合键: down
2026-01-15 00:50:19,129 - INFO - 正在按下组合键: down
2026-01-15 00:50:19,130 - INFO - 已成功按下并释放组合键: down
